<?xml version="1.0" encoding="UTF-8"?>
<coverage generated="1625653737809" clover="3.2.0">
  <project timestamp="1625653737809" name="All files">
    <metrics statements="413" coveredstatements="348" conditionals="230" coveredconditionals="144" methods="106" coveredmethods="89" elements="749" coveredelements="581" complexity="0" loc="413" ncloc="413" packages="4" files="14" classes="14"/>
    <package name="client">
      <metrics statements="141" coveredstatements="102" conditionals="77" coveredconditionals="26" methods="38" coveredmethods="29"/>
      <file name="Collection.ts" path="D:\Repos\Nodejs\runwaybase.js\src\client\Collection.ts">
        <metrics statements="78" coveredstatements="58" conditionals="60" coveredconditionals="21" methods="17" coveredmethods="14"/>
        <line num="2" count="1" type="stmt"/>
        <line num="3" count="1" type="stmt"/>
        <line num="6" count="1" type="stmt"/>
        <line num="7" count="1" type="stmt"/>
        <line num="10" count="1" type="cond" truecount="2" falsecount="0"/>
        <line num="11" count="1" type="stmt"/>
        <line num="12" count="1" type="stmt"/>
        <line num="13" count="1" type="stmt"/>
        <line num="16" count="1" type="stmt"/>
        <line num="17" count="31" type="stmt"/>
        <line num="18" count="1" type="stmt"/>
        <line num="19" count="0" type="stmt"/>
        <line num="22" count="120" type="stmt"/>
        <line num="23" count="30" type="stmt"/>
        <line num="24" count="30" type="stmt"/>
        <line num="25" count="30" type="stmt"/>
        <line num="26" count="60" type="stmt"/>
        <line num="27" count="60" type="cond" truecount="1" falsecount="1"/>
        <line num="28" count="0" type="stmt"/>
        <line num="30" count="60" type="cond" truecount="1" falsecount="1"/>
        <line num="31" count="0" type="stmt"/>
        <line num="33" count="60" type="stmt"/>
        <line num="35" count="30" type="cond" truecount="2" falsecount="0"/>
        <line num="36" count="29" type="stmt"/>
        <line num="38" count="30" type="cond" truecount="1" falsecount="1"/>
        <line num="39" count="30" type="stmt"/>
        <line num="41" count="30" type="stmt"/>
        <line num="44" count="1" type="stmt"/>
        <line num="45" count="30" type="stmt"/>
        <line num="49" count="30" type="cond" truecount="1" falsecount="1"/>
        <line num="50" count="0" type="stmt"/>
        <line num="52" count="30" type="stmt"/>
        <line num="60" count="1" type="stmt"/>
        <line num="61" count="16" type="cond" truecount="1" falsecount="1"/>
        <line num="62" count="0" type="stmt"/>
        <line num="64" count="16" type="cond" truecount="4" falsecount="0"/>
        <line num="67" count="9" type="stmt"/>
        <line num="69" count="9" type="stmt"/>
        <line num="72" count="9" type="stmt"/>
        <line num="76" count="0" type="cond" truecount="0" falsecount="4"/>
        <line num="82" count="9" type="stmt"/>
        <line num="85" count="9" type="cond" truecount="1" falsecount="1"/>
        <line num="86" count="9" type="stmt"/>
        <line num="88" count="0" type="cond" truecount="0" falsecount="2"/>
        <line num="89" count="0" type="stmt"/>
        <line num="91" count="0" type="cond" truecount="0" falsecount="2"/>
        <line num="92" count="0" type="stmt"/>
        <line num="97" count="0" type="cond" truecount="0" falsecount="4"/>
        <line num="100" count="9" type="stmt"/>
        <line num="103" count="3" type="cond" truecount="1" falsecount="1"/>
        <line num="104" count="3" type="stmt"/>
        <line num="105" count="3" type="stmt"/>
        <line num="107" count="1" type="stmt"/>
        <line num="108" count="1" type="cond" truecount="1" falsecount="1"/>
        <line num="109" count="1" type="stmt"/>
        <line num="111" count="0" type="cond" truecount="0" falsecount="5"/>
        <line num="112" count="0" type="stmt"/>
        <line num="115" count="1" type="stmt"/>
        <line num="118" count="1" type="stmt"/>
        <line num="119" count="1" type="cond" truecount="1" falsecount="1"/>
        <line num="120" count="1" type="stmt"/>
        <line num="122" count="0" type="cond" truecount="0" falsecount="5"/>
        <line num="123" count="0" type="stmt"/>
        <line num="126" count="1" type="stmt"/>
        <line num="129" count="1" type="stmt"/>
        <line num="130" count="1" type="cond" truecount="1" falsecount="1"/>
        <line num="131" count="1" type="stmt"/>
        <line num="133" count="0" type="cond" truecount="0" falsecount="5"/>
        <line num="134" count="0" type="stmt"/>
        <line num="137" count="1" type="stmt"/>
        <line num="139" count="3" type="stmt"/>
        <line num="142" count="1" type="stmt"/>
        <line num="143" count="1" type="stmt"/>
        <line num="144" count="1" type="stmt"/>
        <line num="156" count="0" type="cond" truecount="0" falsecount="2"/>
        <line num="157" count="0" type="stmt"/>
        <line num="159" count="0" type="stmt"/>
        <line num="162" count="1" type="stmt"/>
      </file>
      <file name="Document.ts" path="D:\Repos\Nodejs\runwaybase.js\src\client\Document.ts">
        <metrics statements="31" coveredstatements="14" conditionals="13" coveredconditionals="2" methods="7" coveredmethods="5"/>
        <line num="1" count="1" type="stmt"/>
        <line num="3" count="1" type="stmt"/>
        <line num="4" count="1" type="stmt"/>
        <line num="5" count="1" type="stmt"/>
        <line num="6" count="1" type="stmt"/>
        <line num="7" count="16" type="stmt"/>
        <line num="10" count="1" type="stmt"/>
        <line num="12" count="11" type="stmt"/>
        <line num="24" count="0" type="cond" truecount="0" falsecount="2"/>
        <line num="25" count="0" type="stmt"/>
        <line num="27" count="0" type="stmt"/>
        <line num="29" count="0" type="stmt"/>
        <line num="37" count="1" type="stmt"/>
        <line num="39" count="4" type="stmt"/>
        <line num="51" count="0" type="cond" truecount="0" falsecount="2"/>
        <line num="52" count="0" type="stmt"/>
        <line num="54" count="0" type="stmt"/>
        <line num="56" count="0" type="stmt"/>
        <line num="64" count="1" type="stmt"/>
        <line num="66" count="1" type="stmt"/>
        <line num="73" count="0" type="cond" truecount="0" falsecount="2"/>
        <line num="74" count="0" type="stmt"/>
        <line num="76" count="0" type="stmt"/>
        <line num="78" count="0" type="stmt"/>
        <line num="86" count="1" type="stmt"/>
        <line num="87" count="0" type="stmt"/>
        <line num="88" count="0" type="stmt"/>
        <line num="89" count="0" type="cond" truecount="0" falsecount="5"/>
        <line num="90" count="0" type="stmt"/>
        <line num="93" count="0" type="stmt"/>
        <line num="96" count="1" type="stmt"/>
      </file>
      <file name="RealtimeDatabase.ts" path="D:\Repos\Nodejs\runwaybase.js\src\client\RealtimeDatabase.ts">
        <metrics statements="14" coveredstatements="12" conditionals="0" coveredconditionals="0" methods="5" coveredmethods="4"/>
        <line num="1" count="1" type="stmt"/>
        <line num="3" count="1" type="stmt"/>
        <line num="5" count="1" type="stmt"/>
        <line num="7" count="1" type="stmt"/>
        <line num="9" count="1" type="stmt"/>
        <line num="10" count="1" type="stmt"/>
        <line num="12" count="1" type="stmt"/>
        <line num="14" count="1" type="stmt"/>
        <line num="15" count="1" type="stmt"/>
        <line num="16" count="0" type="stmt"/>
        <line num="17" count="0" type="stmt"/>
        <line num="21" count="1" type="stmt"/>
        <line num="22" count="29" type="stmt"/>
        <line num="26" count="1" type="stmt"/>
      </file>
      <file name="Runwaybase.ts" path="D:\Repos\Nodejs\runwaybase.js\src\client\Runwaybase.ts">
        <metrics statements="14" coveredstatements="14" conditionals="4" coveredconditionals="3" methods="5" coveredmethods="5"/>
        <line num="3" count="1" type="stmt"/>
        <line num="5" count="1" type="stmt"/>
        <line num="7" count="1" type="stmt"/>
        <line num="16" count="1" type="stmt"/>
        <line num="17" count="1" type="stmt"/>
        <line num="18" count="1" type="stmt"/>
        <line num="20" count="1" type="stmt"/>
        <line num="21" count="1" type="stmt"/>
        <line num="22" count="1" type="stmt"/>
        <line num="25" count="1" type="stmt"/>
        <line num="26" count="29" type="stmt"/>
        <line num="29" count="1" type="stmt"/>
        <line num="30" count="1" type="cond" truecount="3" falsecount="1"/>
        <line num="33" count="1" type="stmt"/>
      </file>
      <file name="index.ts" path="D:\Repos\Nodejs\runwaybase.js\src\client\index.ts">
        <metrics statements="4" coveredstatements="4" conditionals="0" coveredconditionals="0" methods="4" coveredmethods="1"/>
        <line num="2" count="2" type="stmt"/>
        <line num="3" count="1" type="stmt"/>
        <line num="4" count="1" type="stmt"/>
        <line num="5" count="1" type="stmt"/>
      </file>
    </package>
    <package name="core">
      <metrics statements="25" coveredstatements="18" conditionals="3" coveredconditionals="2" methods="10" coveredmethods="5"/>
      <file name="Runwaybase.ts" path="D:\Repos\Nodejs\runwaybase.js\src\core\Runwaybase.ts">
        <metrics statements="24" coveredstatements="17" conditionals="3" coveredconditionals="2" methods="9" coveredmethods="4"/>
        <line num="4" count="1" type="stmt"/>
        <line num="6" count="1" type="stmt"/>
        <line num="10" count="1" type="stmt"/>
        <line num="22" count="1" type="stmt"/>
        <line num="23" count="1" type="cond" truecount="1" falsecount="1"/>
        <line num="24" count="1" type="stmt"/>
        <line num="26" count="1" type="stmt"/>
        <line num="29" count="1" type="stmt"/>
        <line num="30" count="0" type="stmt"/>
        <line num="33" count="1" type="stmt"/>
        <line num="35" count="2" type="cond" truecount="1" falsecount="0"/>
        <line num="37" count="1" type="stmt"/>
        <line num="39" count="1" type="stmt"/>
        <line num="40" count="1" type="stmt"/>
        <line num="42" count="1" type="stmt"/>
        <line num="47" count="1" type="stmt"/>
        <line num="48" count="0" type="stmt"/>
        <line num="49" count="0" type="stmt"/>
        <line num="50" count="0" type="stmt"/>
        <line num="56" count="1" type="stmt"/>
        <line num="57" count="0" type="stmt"/>
        <line num="58" count="0" type="stmt"/>
        <line num="59" count="0" type="stmt"/>
        <line num="65" count="1" type="stmt"/>
      </file>
      <file name="index.ts" path="D:\Repos\Nodejs\runwaybase.js\src\core\index.ts">
        <metrics statements="1" coveredstatements="1" conditionals="0" coveredconditionals="0" methods="1" coveredmethods="1"/>
        <line num="1" count="2" type="stmt"/>
      </file>
    </package>
    <package name="drivers.Mem">
      <metrics statements="70" coveredstatements="69" conditionals="20" coveredconditionals="18" methods="27" coveredmethods="27"/>
      <file name="MemoryDataDriver.ts" path="D:\Repos\Nodejs\runwaybase.js\src\drivers\Mem\MemoryDataDriver.ts">
        <metrics statements="70" coveredstatements="69" conditionals="20" coveredconditionals="18" methods="27" coveredmethods="27"/>
        <line num="7" count="4" type="stmt"/>
        <line num="10" count="5" type="stmt"/>
        <line num="11" count="5" type="stmt"/>
        <line num="13" count="4" type="stmt"/>
        <line num="14" count="5" type="stmt"/>
        <line num="17" count="4" type="stmt"/>
        <line num="18" count="7" type="stmt"/>
        <line num="21" count="4" type="stmt"/>
        <line num="22" count="46" type="stmt"/>
        <line num="23" count="46" type="stmt"/>
        <line num="24" count="46" type="stmt"/>
        <line num="27" count="4" type="stmt"/>
        <line num="28" count="106" type="stmt"/>
        <line num="29" count="66" type="cond" truecount="2" falsecount="0"/>
        <line num="30" count="2" type="stmt"/>
        <line num="36" count="64" type="stmt"/>
        <line num="43" count="4" type="stmt"/>
        <line num="44" count="57" type="cond" truecount="2" falsecount="0"/>
        <line num="45" count="57" type="cond" truecount="2" falsecount="0"/>
        <line num="46" count="1" type="stmt"/>
        <line num="52" count="56" type="stmt"/>
        <line num="53" count="56" type="stmt"/>
        <line num="59" count="4" type="stmt"/>
        <line num="60" count="4" type="stmt"/>
        <line num="61" count="4" type="stmt"/>
        <line num="62" count="4" type="stmt"/>
        <line num="63" count="6" type="stmt"/>
        <line num="64" count="7" type="stmt"/>
        <line num="65" count="6" type="cond" truecount="2" falsecount="0"/>
        <line num="68" count="5" type="stmt"/>
        <line num="70" count="8" type="stmt"/>
        <line num="72" count="6" type="stmt"/>
        <line num="73" count="10" type="stmt"/>
        <line num="74" count="7" type="stmt"/>
        <line num="75" count="4" type="cond" truecount="1" falsecount="1"/>
        <line num="78" count="4" type="stmt"/>
        <line num="79" count="4" type="stmt"/>
        <line num="82" count="5" type="stmt"/>
        <line num="83" count="5" type="stmt"/>
        <line num="85" count="4" type="stmt"/>
        <line num="90" count="4" type="stmt"/>
        <line num="91" count="2" type="stmt"/>
        <line num="92" count="2" type="cond" truecount="2" falsecount="0"/>
        <line num="93" count="1" type="stmt"/>
        <line num="99" count="1" type="stmt"/>
        <line num="105" count="4" type="stmt"/>
        <line num="106" count="59" type="cond" truecount="2" falsecount="0"/>
        <line num="107" count="59" type="cond" truecount="1" falsecount="1"/>
        <line num="108" count="0" type="stmt"/>
        <line num="114" count="59" type="stmt"/>
        <line num="115" count="59" type="stmt"/>
        <line num="120" count="4" type="stmt"/>
        <line num="121" count="7" type="stmt"/>
        <line num="122" count="5" type="cond" truecount="2" falsecount="0"/>
        <line num="123" count="3" type="stmt"/>
        <line num="129" count="2" type="stmt"/>
        <line num="130" count="2" type="stmt"/>
        <line num="135" count="4" type="stmt"/>
        <line num="136" count="4" type="stmt"/>
        <line num="137" count="4" type="cond" truecount="2" falsecount="0"/>
        <line num="138" count="1" type="stmt"/>
        <line num="144" count="3" type="stmt"/>
        <line num="145" count="3" type="stmt"/>
        <line num="151" count="4" type="stmt"/>
        <line num="152" count="97" type="stmt"/>
        <line num="153" count="44" type="stmt"/>
        <line num="160" count="4" type="stmt"/>
        <line num="161" count="147" type="stmt"/>
        <line num="162" count="64" type="stmt"/>
        <line num="169" count="4" type="stmt"/>
      </file>
    </package>
    <package name="realtime">
      <metrics statements="177" coveredstatements="159" conditionals="130" coveredconditionals="98" methods="31" coveredmethods="28"/>
      <file name="BaseNotifier.ts" path="D:\Repos\Nodejs\runwaybase.js\src\realtime\BaseNotifier.ts">
        <metrics statements="9" coveredstatements="8" conditionals="0" coveredconditionals="0" methods="3" coveredmethods="2"/>
        <line num="1" count="3" type="stmt"/>
        <line num="5" count="3" type="stmt"/>
        <line num="7" count="3" type="stmt"/>
        <line num="9" count="3" type="stmt"/>
        <line num="10" count="0" type="stmt"/>
        <line num="13" count="3" type="stmt"/>
        <line num="14" count="20" type="stmt"/>
        <line num="19" count="20" type="stmt"/>
        <line num="22" count="3" type="stmt"/>
      </file>
      <file name="Collection.ts" path="D:\Repos\Nodejs\runwaybase.js\src\realtime\Collection.ts">
        <metrics statements="88" coveredstatements="79" conditionals="64" coveredconditionals="46" methods="16" coveredmethods="16"/>
        <line num="4" count="3" type="stmt"/>
        <line num="5" count="3" type="stmt"/>
        <line num="7" count="3" type="stmt"/>
        <line num="13" count="69" type="stmt"/>
        <line num="14" count="69" type="stmt"/>
        <line num="16" count="69" type="stmt"/>
        <line num="18" count="69" type="stmt"/>
        <line num="19" count="69" type="stmt"/>
        <line num="20" count="69" type="stmt"/>
        <line num="21" count="69" type="stmt"/>
        <line num="22" count="69" type="stmt"/>
        <line num="25" count="3" type="stmt"/>
        <line num="26" count="64" type="stmt"/>
        <line num="29" count="3" type="stmt"/>
        <line num="30" count="23" type="stmt"/>
        <line num="33" count="84" type="cond" truecount="2" falsecount="0"/>
        <line num="34" count="64" type="cond" truecount="2" falsecount="0"/>
        <line num="35" count="127" type="cond" truecount="2" falsecount="0"/>
        <line num="36" count="1" type="stmt"/>
        <line num="37" count="1" type="cond" truecount="1" falsecount="1"/>
        <line num="38" count="0" type="stmt"/>
        <line num="39" count="0" type="stmt"/>
        <line num="45" count="64" type="stmt"/>
        <line num="46" count="64" type="cond" truecount="1" falsecount="1"/>
        <line num="47" count="64" type="cond" truecount="1" falsecount="1"/>
        <line num="48" count="64" type="stmt"/>
        <line num="49" count="40" type="stmt"/>
        <line num="55" count="84" type="cond" truecount="2" falsecount="0"/>
        <line num="56" count="44" type="stmt"/>
        <line num="57" count="44" type="cond" truecount="1" falsecount="1"/>
        <line num="58" count="44" type="cond" truecount="3" falsecount="1"/>
        <line num="63" count="3" type="stmt"/>
        <line num="64" count="8" type="stmt"/>
        <line num="65" count="8" type="cond" truecount="1" falsecount="1"/>
        <line num="66" count="8" type="stmt"/>
        <line num="67" count="8" type="stmt"/>
        <line num="72" count="8" type="cond" truecount="1" falsecount="1"/>
        <line num="73" count="0" type="stmt"/>
        <line num="75" count="8" type="stmt"/>
        <line num="76" count="8" type="stmt"/>
        <line num="81" count="3" type="stmt"/>
        <line num="82" count="2" type="stmt"/>
        <line num="83" count="2" type="cond" truecount="1" falsecount="1"/>
        <line num="84" count="0" type="stmt"/>
        <line num="86" count="2" type="stmt"/>
        <line num="87" count="2" type="stmt"/>
        <line num="88" count="2" type="cond" truecount="1" falsecount="1"/>
        <line num="89" count="0" type="stmt"/>
        <line num="91" count="2" type="stmt"/>
        <line num="92" count="2" type="stmt"/>
        <line num="95" count="3" type="stmt"/>
        <line num="96" count="4" type="stmt"/>
        <line num="97" count="4" type="stmt"/>
        <line num="98" count="5" type="cond" truecount="2" falsecount="0"/>
        <line num="99" count="3" type="stmt"/>
        <line num="100" count="3" type="stmt"/>
        <line num="106" count="3" type="cond" truecount="1" falsecount="1"/>
        <line num="107" count="0" type="stmt"/>
        <line num="109" count="3" type="stmt"/>
        <line num="115" count="3" type="cond" truecount="3" falsecount="1"/>
        <line num="117" count="1" type="cond" truecount="1" falsecount="0"/>
        <line num="118" count="1" type="cond" truecount="1" falsecount="1"/>
        <line num="119" count="0" type="stmt"/>
        <line num="121" count="1" type="stmt"/>
        <line num="122" count="1" type="stmt"/>
        <line num="130" count="3" type="stmt"/>
        <line num="131" count="4" type="stmt"/>
        <line num="132" count="4" type="stmt"/>
        <line num="133" count="6" type="cond" truecount="2" falsecount="0"/>
        <line num="134" count="2" type="stmt"/>
        <line num="140" count="2" type="stmt"/>
        <line num="141" count="2" type="cond" truecount="1" falsecount="1"/>
        <line num="142" count="0" type="stmt"/>
        <line num="144" count="2" type="stmt"/>
        <line num="145" count="2" type="cond" truecount="3" falsecount="1"/>
        <line num="148" count="4" type="cond" truecount="1" falsecount="0"/>
        <line num="149" count="2" type="stmt"/>
        <line num="150" count="2" type="stmt"/>
        <line num="153" count="3" type="stmt"/>
        <line num="154" count="4" type="stmt"/>
        <line num="155" count="4" type="cond" truecount="2" falsecount="0"/>
        <line num="156" count="2" type="stmt"/>
        <line num="158" count="2" type="stmt"/>
        <line num="159" count="2" type="cond" truecount="1" falsecount="1"/>
        <line num="160" count="0" type="stmt"/>
        <line num="162" count="2" type="stmt"/>
        <line num="163" count="2" type="stmt"/>
        <line num="170" count="3" type="stmt"/>
      </file>
      <file name="INotifier.ts" path="D:\Repos\Nodejs\runwaybase.js\src\realtime\INotifier.ts">
        <metrics statements="7" coveredstatements="7" conditionals="4" coveredconditionals="4" methods="2" coveredmethods="2"/>
        <line num="4" count="3" type="cond" truecount="2" falsecount="0"/>
        <line num="5" count="3" type="stmt"/>
        <line num="6" count="3" type="stmt"/>
        <line num="9" count="3" type="cond" truecount="2" falsecount="0"/>
        <line num="10" count="3" type="stmt"/>
        <line num="11" count="3" type="stmt"/>
        <line num="12" count="3" type="stmt"/>
      </file>
      <file name="QueryModel.ts" path="D:\Repos\Nodejs\runwaybase.js\src\realtime\QueryModel.ts">
        <metrics statements="12" coveredstatements="12" conditionals="4" coveredconditionals="4" methods="2" coveredmethods="2"/>
        <line num="4" count="2" type="cond" truecount="2" falsecount="0"/>
        <line num="5" count="2" type="stmt"/>
        <line num="6" count="2" type="stmt"/>
        <line num="7" count="2" type="stmt"/>
        <line num="8" count="2" type="stmt"/>
        <line num="11" count="2" type="cond" truecount="2" falsecount="0"/>
        <line num="12" count="2" type="stmt"/>
        <line num="13" count="2" type="stmt"/>
        <line num="14" count="2" type="stmt"/>
        <line num="15" count="2" type="stmt"/>
        <line num="16" count="2" type="stmt"/>
        <line num="17" count="2" type="stmt"/>
      </file>
      <file name="RealtimeDatabase.ts" path="D:\Repos\Nodejs\runwaybase.js\src\realtime\RealtimeDatabase.ts">
        <metrics statements="56" coveredstatements="48" conditionals="58" coveredconditionals="44" methods="6" coveredmethods="6"/>
        <line num="1" count="2" type="stmt"/>
        <line num="4" count="2" type="stmt"/>
        <line num="5" count="2" type="stmt"/>
        <line num="6" count="2" type="stmt"/>
        <line num="10" count="11" type="stmt"/>
        <line num="11" count="11" type="stmt"/>
        <line num="12" count="11" type="stmt"/>
        <line num="15" count="2" type="stmt"/>
        <line num="16" count="16" type="stmt"/>
        <line num="17" count="16" type="stmt"/>
        <line num="18" count="56" type="cond" truecount="2" falsecount="0"/>
        <line num="19" count="40" type="cond" truecount="1" falsecount="0"/>
        <line num="20" count="20" type="cond" truecount="2" falsecount="0"/>
        <line num="23" count="18" type="stmt"/>
        <line num="24" count="29" type="cond" truecount="2" falsecount="0"/>
        <line num="25" count="7" type="stmt"/>
        <line num="26" count="7" type="cond" truecount="1" falsecount="1"/>
        <line num="27" count="0" type="stmt"/>
        <line num="30" count="25" type="stmt"/>
        <line num="31" count="18" type="stmt"/>
        <line num="33" count="32" type="cond" truecount="1" falsecount="0"/>
        <line num="34" count="16" type="stmt"/>
        <line num="37" count="2" type="stmt"/>
        <line num="38" count="8" type="cond" truecount="4" falsecount="0"/>
        <line num="40" count="8" type="stmt"/>
        <line num="41" count="8" type="cond" truecount="1" falsecount="1"/>
        <line num="42" count="0" type="stmt"/>
        <line num="48" count="8" type="stmt"/>
        <line num="49" count="2" type="cond" truecount="4" falsecount="0"/>
        <line num="54" count="4" type="cond" truecount="1" falsecount="1"/>
        <line num="55" count="0" type="stmt"/>
        <line num="56" count="0" type="cond" truecount="0" falsecount="2"/>
        <line num="57" count="0" type="stmt"/>
        <line num="63" count="0" type="stmt"/>
        <line num="71" count="2" type="cond" truecount="4" falsecount="0"/>
        <line num="78" count="1" type="stmt"/>
        <line num="80" count="1" type="cond" truecount="6" falsecount="2"/>
        <line num="81" count="1" type="cond" truecount="1" falsecount="1"/>
        <line num="82" count="0" type="stmt"/>
        <line num="88" count="1" type="stmt"/>
        <line num="89" count="1" type="stmt"/>
        <line num="94" count="2" type="stmt"/>
        <line num="96" count="2" type="cond" truecount="6" falsecount="2"/>
        <line num="97" count="2" type="cond" truecount="1" falsecount="1"/>
        <line num="98" count="0" type="stmt"/>
        <line num="104" count="2" type="stmt"/>
        <line num="105" count="2" type="stmt"/>
        <line num="110" count="3" type="stmt"/>
        <line num="112" count="5" type="cond" truecount="2" falsecount="0"/>
        <line num="113" count="1" type="cond" truecount="3" falsecount="1"/>
        <line num="114" count="1" type="stmt"/>
        <line num="115" count="1" type="stmt"/>
        <line num="121" count="2" type="stmt"/>
        <line num="122" count="2" type="stmt"/>
        <line num="123" count="2" type="stmt"/>
        <line num="132" count="2" type="stmt"/>
      </file>
      <file name="index.ts" path="D:\Repos\Nodejs\runwaybase.js\src\realtime\index.ts">
        <metrics statements="5" coveredstatements="5" conditionals="0" coveredconditionals="0" methods="2" coveredmethods="0"/>
        <line num="1" count="1" type="stmt"/>
        <line num="3" count="1" type="stmt"/>
        <line num="4" count="1" type="stmt"/>
        <line num="5" count="1" type="stmt"/>
        <line num="6" count="1" type="stmt"/>
      </file>
    </package>
  </project>
</coverage>
