{"D:\\Repos\\Nodejs\\runwaybase.js\\src\\client\\Collection.ts": {"path":"D:\\Repos\\Nodejs\\runwaybase.js\\src\\client\\Collection.ts","statementMap":{"0":{"start":{"line":2,"column":0},"end":{"line":2,"column":null}},"1":{"start":{"line":13,"column":0},"end":{"line":13,"column":26}},"2":{"start":{"line":16,"column":0},"end":{"line":16,"column":38}},"3":{"start":{"line":17,"column":0},"end":{"line":17,"column":60}},"4":{"start":{"line":20,"column":0},"end":{"line":20,"column":null}},"5":{"start":{"line":21,"column":4},"end":{"line":21,"column":null}},"6":{"start":{"line":22,"column":4},"end":{"line":22,"column":null}},"7":{"start":{"line":23,"column":4},"end":{"line":23,"column":null}},"8":{"start":{"line":26,"column":0},"end":{"line":26,"column":13}},"9":{"start":{"line":28,"column":18},"end":{"line":28,"column":36}},"10":{"start":{"line":29,"column":18},"end":{"line":29,"column":51}},"11":{"start":{"line":30,"column":18},"end":{"line":30,"column":31}},"12":{"start":{"line":31,"column":18},"end":{"line":31,"column":36}},"13":{"start":{"line":33,"column":4},"end":{"line":35,"column":null}},"14":{"start":{"line":34,"column":8},"end":{"line":34,"column":27}},"15":{"start":{"line":37,"column":12},"end":{"line":57,"column":null}},"16":{"start":{"line":37,"column":17},"end":{"line":37,"column":35}},"17":{"start":{"line":38,"column":22},"end":{"line":38,"column":24}},"18":{"start":{"line":39,"column":21},"end":{"line":39,"column":23}},"19":{"start":{"line":40,"column":8},"end":{"line":49,"column":null}},"20":{"start":{"line":40,"column":21},"end":{"line":40,"column":22}},"21":{"start":{"line":41,"column":12},"end":{"line":41,"column":31}},"22":{"start":{"line":42,"column":12},"end":{"line":44,"column":null}},"23":{"start":{"line":43,"column":16},"end":{"line":43,"column":47}},"24":{"start":{"line":45,"column":12},"end":{"line":47,"column":null}},"25":{"start":{"line":46,"column":16},"end":{"line":46,"column":67}},"26":{"start":{"line":48,"column":12},"end":{"line":48,"column":36}},"27":{"start":{"line":50,"column":8},"end":{"line":52,"column":null}},"28":{"start":{"line":51,"column":12},"end":{"line":51,"column":41}},"29":{"start":{"line":53,"column":8},"end":{"line":55,"column":null}},"30":{"start":{"line":54,"column":12},"end":{"line":54,"column":60}},"31":{"start":{"line":56,"column":8},"end":{"line":56,"column":22}},"32":{"start":{"line":59,"column":11},"end":{"line":68,"column":null}},"33":{"start":{"line":60,"column":17},"end":{"line":62,"column":null}},"34":{"start":{"line":64,"column":8},"end":{"line":66,"column":null}},"35":{"start":{"line":65,"column":12},"end":{"line":65,"column":69}},"36":{"start":{"line":67,"column":8},"end":{"line":67,"column":82}},"37":{"start":{"line":70,"column":11},"end":{"line":81,"column":null}},"38":{"start":{"line":71,"column":8},"end":{"line":73,"column":null}},"39":{"start":{"line":72,"column":12},"end":{"line":72,"column":49}},"40":{"start":{"line":74,"column":8},"end":{"line":80,"column":10}},"41":{"start":{"line":83,"column":11},"end":{"line":116,"column":null}},"42":{"start":{"line":83,"column":4},"end":{"line":83,"column":11}},"43":{"start":{"line":84,"column":51},"end":{"line":84,"column":80}},"44":{"start":{"line":86,"column":8},"end":{"line":96,"column":15}},"45":{"start":{"line":92,"column":16},"end":{"line":92,"column":69}},"46":{"start":{"line":98,"column":8},"end":{"line":114,"column":11}},"47":{"start":{"line":98,"column":40},"end":{"line":114,"column":10}},"48":{"start":{"line":100,"column":12},"end":{"line":102,"column":null}},"49":{"start":{"line":101,"column":16},"end":{"line":101,"column":23}},"50":{"start":{"line":103,"column":12},"end":{"line":105,"column":null}},"51":{"start":{"line":104,"column":16},"end":{"line":104,"column":59}},"52":{"start":{"line":106,"column":16},"end":{"line":106,"column":17}},"53":{"start":{"line":107,"column":26},"end":{"line":110,"column":null}},"54":{"start":{"line":107,"column":20},"end":{"line":110,"column":null}},"55":{"start":{"line":112,"column":16},"end":{"line":112,"column":69}},"56":{"start":{"line":115,"column":8},"end":{"line":115,"column":42}},"57":{"start":{"line":118,"column":11},"end":{"line":169,"column":null}},"58":{"start":{"line":118,"column":4},"end":{"line":118,"column":11}},"59":{"start":{"line":119,"column":8},"end":{"line":119,"column":null}},"60":{"start":{"line":121,"column":25},"end":{"line":121,"column":53}},"61":{"start":{"line":122,"column":8},"end":{"line":167,"column":null}},"62":{"start":{"line":124,"column":16},"end":{"line":135,"column":19}},"63":{"start":{"line":125,"column":20},"end":{"line":127,"column":null}},"64":{"start":{"line":126,"column":24},"end":{"line":126,"column":31}},"65":{"start":{"line":128,"column":20},"end":{"line":134,"column":null}},"66":{"start":{"line":133,"column":24},"end":{"line":133,"column":50}},"67":{"start":{"line":136,"column":16},"end":{"line":136,"column":22}},"68":{"start":{"line":139,"column":16},"end":{"line":150,"column":19}},"69":{"start":{"line":140,"column":20},"end":{"line":142,"column":null}},"70":{"start":{"line":141,"column":24},"end":{"line":141,"column":31}},"71":{"start":{"line":143,"column":20},"end":{"line":149,"column":null}},"72":{"start":{"line":148,"column":24},"end":{"line":148,"column":50}},"73":{"start":{"line":151,"column":16},"end":{"line":151,"column":22}},"74":{"start":{"line":154,"column":16},"end":{"line":165,"column":19}},"75":{"start":{"line":155,"column":20},"end":{"line":157,"column":null}},"76":{"start":{"line":156,"column":24},"end":{"line":156,"column":31}},"77":{"start":{"line":158,"column":20},"end":{"line":164,"column":null}},"78":{"start":{"line":163,"column":24},"end":{"line":163,"column":50}},"79":{"start":{"line":166,"column":16},"end":{"line":166,"column":22}},"80":{"start":{"line":168,"column":8},"end":{"line":168,"column":41}},"81":{"start":{"line":171,"column":17},"end":{"line":192,"column":null}},"82":{"start":{"line":172,"column":21},"end":{"line":187,"column":null}},"83":{"start":{"line":172,"column":12},"end":{"line":187,"column":null}},"84":{"start":{"line":188,"column":8},"end":{"line":190,"column":null}},"85":{"start":{"line":189,"column":12},"end":{"line":189,"column":36}},"86":{"start":{"line":191,"column":8},"end":{"line":191,"column":40}},"87":{"start":{"line":196,"column":11},"end":{"line":212,"column":null}},"88":{"start":{"line":201,"column":8},"end":{"line":211,"column":11}},"89":{"start":{"line":214,"column":11},"end":{"line":222,"column":null}},"90":{"start":{"line":215,"column":8},"end":{"line":221,"column":11}},"91":{"start":{"line":224,"column":11},"end":{"line":229,"column":null}},"92":{"start":{"line":225,"column":8},"end":{"line":228,"column":11}},"93":{"start":{"line":231,"column":11},"end":{"line":258,"column":null}},"94":{"start":{"line":231,"column":4},"end":{"line":231,"column":11}},"95":{"start":{"line":232,"column":19},"end":{"line":232,"column":48}},"96":{"start":{"line":234,"column":8},"end":{"line":255,"column":11}},"97":{"start":{"line":235,"column":12},"end":{"line":237,"column":null}},"98":{"start":{"line":236,"column":16},"end":{"line":236,"column":23}},"99":{"start":{"line":238,"column":12},"end":{"line":251,"column":null}},"100":{"start":{"line":239,"column":16},"end":{"line":250,"column":18}},"101":{"start":{"line":252,"column":12},"end":{"line":254,"column":null}},"102":{"start":{"line":253,"column":16},"end":{"line":253,"column":47}},"103":{"start":{"line":257,"column":8},"end":{"line":257,"column":35}},"104":{"start":{"line":259,"column":0},"end":{"line":259,"column":null}},"105":{"start":{"line":26,"column":13},"end":{"line":26,"column":23}}},"fnMap":{"0":{"name":"(anonymous_17)","decl":{"start":{"line":20,"column":0},"end":{"line":20,"column":12}},"loc":{"start":{"line":20,"column":21},"end":{"line":24,"column":1}}},"1":{"name":"(anonymous_18)","decl":{"start":{"line":26,"column":0},"end":{"line":26,"column":13}},"loc":{"start":{"line":26,"column":0},"end":{"line":259,"column":null}}},"2":{"name":"Collection","decl":{"start":{"line":27,"column":4},"end":{"line":27,"column":null}},"loc":{"start":{"line":31,"column":36},"end":{"line":32,"column":9}}},"3":{"name":"(anonymous_20)","decl":{"start":{"line":33,"column":4},"end":{"line":33,"column":15}},"loc":{"start":{"line":33,"column":4},"end":{"line":35,"column":5}}},"4":{"name":"(anonymous_21)","decl":{"start":{"line":37,"column":4},"end":{"line":37,"column":12}},"loc":{"start":{"line":37,"column":4},"end":{"line":57,"column":5}}},"5":{"name":"(anonymous_22)","decl":{"start":{"line":59,"column":4},"end":{"line":59,"column":11}},"loc":{"start":{"line":59,"column":44},"end":{"line":68,"column":5}}},"6":{"name":"(anonymous_23)","decl":{"start":{"line":70,"column":4},"end":{"line":70,"column":11}},"loc":{"start":{"line":70,"column":27},"end":{"line":81,"column":5}}},"7":{"name":"(anonymous_24)","decl":{"start":{"line":83,"column":4},"end":{"line":83,"column":11}},"loc":{"start":{"line":83,"column":4},"end":{"line":116,"column":5}}},"8":{"name":"(anonymous_25)","decl":{"start":{"line":91,"column":18},"end":{"line":91,"column":19}},"loc":{"start":{"line":91,"column":22},"end":{"line":93,"column":13}}},"9":{"name":"(anonymous_26)","decl":{"start":{"line":94,"column":19},"end":{"line":94,"column":20}},"loc":{"start":{"line":94,"column":23},"end":{"line":96,"column":13}}},"10":{"name":"(anonymous_27)","decl":{"start":{"line":98,"column":32},"end":{"line":98,"column":39}},"loc":{"start":{"line":98,"column":40},"end":{"line":114,"column":10}}},"11":{"name":"(anonymous_28)","decl":{"start":{"line":98,"column":40},"end":{"line":98,"column":null}},"loc":{"start":{"line":98,"column":40},"end":{"line":114,"column":10}}},"12":{"name":"(anonymous_30)","decl":{"start":{"line":118,"column":4},"end":{"line":118,"column":11}},"loc":{"start":{"line":119,"column":42},"end":{"line":169,"column":5}}},"13":{"name":"(anonymous_31)","decl":{"start":{"line":124,"column":40},"end":{"line":124,"column":41}},"loc":{"start":{"line":124,"column":42},"end":{"line":135,"column":17}}},"14":{"name":"(anonymous_32)","decl":{"start":{"line":139,"column":40},"end":{"line":139,"column":41}},"loc":{"start":{"line":139,"column":42},"end":{"line":150,"column":17}}},"15":{"name":"(anonymous_33)","decl":{"start":{"line":154,"column":40},"end":{"line":154,"column":41}},"loc":{"start":{"line":154,"column":42},"end":{"line":165,"column":17}}},"16":{"name":"(anonymous_34)","decl":{"start":{"line":171,"column":4},"end":{"line":171,"column":17}},"loc":{"start":{"line":171,"column":49},"end":{"line":192,"column":null}}},"17":{"name":"(anonymous_37)","decl":{"start":{"line":196,"column":4},"end":{"line":196,"column":11}},"loc":{"start":{"line":199,"column":18},"end":{"line":212,"column":5}}},"18":{"name":"(anonymous_38)","decl":{"start":{"line":214,"column":4},"end":{"line":214,"column":11}},"loc":{"start":{"line":214,"column":55},"end":{"line":222,"column":5}}},"19":{"name":"(anonymous_39)","decl":{"start":{"line":224,"column":4},"end":{"line":224,"column":11}},"loc":{"start":{"line":224,"column":33},"end":{"line":229,"column":5}}},"20":{"name":"(anonymous_40)","decl":{"start":{"line":231,"column":4},"end":{"line":231,"column":11}},"loc":{"start":{"line":231,"column":4},"end":{"line":258,"column":5}}},"21":{"name":"(anonymous_41)","decl":{"start":{"line":234,"column":32},"end":{"line":234,"column":33}},"loc":{"start":{"line":234,"column":34},"end":{"line":255,"column":9}}}},"branchMap":{"0":{"loc":{"start":{"line":20,"column":12},"end":{"line":20,"column":21}},"type":"binary-expr","locations":[{"start":{"line":20,"column":12},"end":{"line":20,"column":21}},{"start":{"line":20,"column":12},"end":{"line":20,"column":null}}]},"1":{"loc":{"start":{"line":42,"column":12},"end":{"line":44,"column":null}},"type":"if","locations":[{"start":{"line":42,"column":12},"end":{"line":44,"column":null}},{"start":{"line":42,"column":12},"end":{"line":44,"column":null}}]},"2":{"loc":{"start":{"line":45,"column":12},"end":{"line":47,"column":null}},"type":"if","locations":[{"start":{"line":45,"column":12},"end":{"line":47,"column":null}},{"start":{"line":45,"column":12},"end":{"line":47,"column":null}}]},"3":{"loc":{"start":{"line":50,"column":8},"end":{"line":52,"column":null}},"type":"if","locations":[{"start":{"line":50,"column":8},"end":{"line":52,"column":null}},{"start":{"line":50,"column":8},"end":{"line":52,"column":null}}]},"4":{"loc":{"start":{"line":53,"column":8},"end":{"line":55,"column":null}},"type":"if","locations":[{"start":{"line":53,"column":8},"end":{"line":55,"column":null}},{"start":{"line":53,"column":8},"end":{"line":55,"column":null}}]},"5":{"loc":{"start":{"line":64,"column":8},"end":{"line":66,"column":null}},"type":"if","locations":[{"start":{"line":64,"column":8},"end":{"line":66,"column":null}},{"start":{"line":64,"column":8},"end":{"line":66,"column":null}}]},"6":{"loc":{"start":{"line":71,"column":8},"end":{"line":73,"column":null}},"type":"if","locations":[{"start":{"line":71,"column":8},"end":{"line":73,"column":null}},{"start":{"line":71,"column":8},"end":{"line":73,"column":null}}]},"7":{"loc":{"start":{"line":78,"column":12},"end":{"line":78,"column":15}},"type":"cond-expr","locations":[{"start":{"line":78,"column":12},"end":{"line":78,"column":15}},{"start":{"line":78,"column":19},"end":{"line":78,"column":21}}]},"8":{"loc":{"start":{"line":78,"column":12},"end":{"line":78,"column":19}},"type":"binary-expr","locations":[{"start":{"line":78,"column":12},"end":{"line":78,"column":19}},{"start":{"line":78,"column":12},"end":{"line":78,"column":19}}]},"9":{"loc":{"start":{"line":92,"column":61},"end":{"line":92,"column":65}},"type":"cond-expr","locations":[{"start":{"line":92,"column":61},"end":{"line":92,"column":65}},{"start":{"line":92,"column":65},"end":{"line":92,"column":67}}]},"10":{"loc":{"start":{"line":92,"column":33},"end":{"line":92,"column":65}},"type":"binary-expr","locations":[{"start":{"line":92,"column":33},"end":{"line":92,"column":65}},{"start":{"line":92,"column":61},"end":{"line":92,"column":65}}]},"11":{"loc":{"start":{"line":100,"column":12},"end":{"line":102,"column":null}},"type":"if","locations":[{"start":{"line":100,"column":12},"end":{"line":102,"column":null}},{"start":{"line":100,"column":12},"end":{"line":102,"column":null}}]},"12":{"loc":{"start":{"line":103,"column":12},"end":{"line":105,"column":null}},"type":"if","locations":[{"start":{"line":103,"column":12},"end":{"line":105,"column":null}},{"start":{"line":103,"column":12},"end":{"line":105,"column":null}}]},"13":{"loc":{"start":{"line":106,"column":16},"end":{"line":106,"column":17}},"type":"if","locations":[{"start":{"line":106,"column":16},"end":{"line":106,"column":17}},{"start":{"line":106,"column":16},"end":{"line":106,"column":17}}]},"14":{"loc":{"start":{"line":112,"column":61},"end":{"line":112,"column":65}},"type":"cond-expr","locations":[{"start":{"line":112,"column":61},"end":{"line":112,"column":65}},{"start":{"line":112,"column":65},"end":{"line":112,"column":67}}]},"15":{"loc":{"start":{"line":112,"column":33},"end":{"line":112,"column":65}},"type":"binary-expr","locations":[{"start":{"line":112,"column":33},"end":{"line":112,"column":65}},{"start":{"line":112,"column":61},"end":{"line":112,"column":65}}]},"16":{"loc":{"start":{"line":119,"column":8},"end":{"line":119,"column":null}},"type":"if","locations":[{"start":{"line":119,"column":8},"end":{"line":119,"column":null}},{"start":{"line":119,"column":8},"end":{"line":119,"column":null}}]},"17":{"loc":{"start":{"line":123,"column":12},"end":{"line":136,"column":22}},"type":"switch","locations":[{"start":{"line":123,"column":12},"end":{"line":136,"column":22}},{"start":{"line":138,"column":12},"end":{"line":151,"column":22}},{"start":{"line":153,"column":12},"end":{"line":166,"column":22}}]},"18":{"loc":{"start":{"line":125,"column":20},"end":{"line":127,"column":null}},"type":"if","locations":[{"start":{"line":125,"column":20},"end":{"line":127,"column":null}},{"start":{"line":125,"column":20},"end":{"line":127,"column":null}}]},"19":{"loc":{"start":{"line":128,"column":20},"end":{"line":134,"column":null}},"type":"if","locations":[{"start":{"line":128,"column":20},"end":{"line":134,"column":null}},{"start":{"line":128,"column":20},"end":{"line":134,"column":null}}]},"20":{"loc":{"start":{"line":129,"column":24},"end":{"line":129,"column":59}},"type":"binary-expr","locations":[{"start":{"line":129,"column":24},"end":{"line":129,"column":59}},{"start":{"line":130,"column":24},"end":{"line":130,"column":50}},{"start":{"line":131,"column":24},"end":{"line":131,"column":51}}]},"21":{"loc":{"start":{"line":140,"column":20},"end":{"line":142,"column":null}},"type":"if","locations":[{"start":{"line":140,"column":20},"end":{"line":142,"column":null}},{"start":{"line":140,"column":20},"end":{"line":142,"column":null}}]},"22":{"loc":{"start":{"line":143,"column":20},"end":{"line":149,"column":null}},"type":"if","locations":[{"start":{"line":143,"column":20},"end":{"line":149,"column":null}},{"start":{"line":143,"column":20},"end":{"line":149,"column":null}}]},"23":{"loc":{"start":{"line":144,"column":24},"end":{"line":144,"column":59}},"type":"binary-expr","locations":[{"start":{"line":144,"column":24},"end":{"line":144,"column":59}},{"start":{"line":145,"column":24},"end":{"line":145,"column":52}},{"start":{"line":146,"column":24},"end":{"line":146,"column":51}}]},"24":{"loc":{"start":{"line":155,"column":20},"end":{"line":157,"column":null}},"type":"if","locations":[{"start":{"line":155,"column":20},"end":{"line":157,"column":null}},{"start":{"line":155,"column":20},"end":{"line":157,"column":null}}]},"25":{"loc":{"start":{"line":158,"column":20},"end":{"line":164,"column":null}},"type":"if","locations":[{"start":{"line":158,"column":20},"end":{"line":164,"column":null}},{"start":{"line":158,"column":20},"end":{"line":164,"column":null}}]},"26":{"loc":{"start":{"line":159,"column":24},"end":{"line":159,"column":59}},"type":"binary-expr","locations":[{"start":{"line":159,"column":24},"end":{"line":159,"column":59}},{"start":{"line":160,"column":24},"end":{"line":160,"column":52}},{"start":{"line":161,"column":24},"end":{"line":161,"column":51}}]},"27":{"loc":{"start":{"line":172,"column":21},"end":{"line":187,"column":null}},"type":"switch","locations":[{"start":{"line":172,"column":21},"end":{"line":187,"column":null}}]},"28":{"loc":{"start":{"line":188,"column":8},"end":{"line":190,"column":null}},"type":"if","locations":[{"start":{"line":188,"column":8},"end":{"line":190,"column":null}},{"start":{"line":188,"column":8},"end":{"line":190,"column":null}}]},"29":{"loc":{"start":{"line":204,"column":39},"end":{"line":204,"column":43}},"type":"cond-expr","locations":[{"start":{"line":204,"column":39},"end":{"line":204,"column":43}},{"start":{"line":204,"column":43},"end":{"line":204,"column":45}}]},"30":{"loc":{"start":{"line":204,"column":20},"end":{"line":204,"column":43}},"type":"binary-expr","locations":[{"start":{"line":204,"column":20},"end":{"line":204,"column":43}},{"start":{"line":204,"column":39},"end":{"line":204,"column":43}}]},"31":{"loc":{"start":{"line":235,"column":12},"end":{"line":237,"column":null}},"type":"if","locations":[{"start":{"line":235,"column":12},"end":{"line":237,"column":null}},{"start":{"line":235,"column":12},"end":{"line":237,"column":null}}]},"32":{"loc":{"start":{"line":238,"column":12},"end":{"line":251,"column":null}},"type":"if","locations":[{"start":{"line":238,"column":12},"end":{"line":251,"column":null}},{"start":{"line":238,"column":12},"end":{"line":251,"column":null}}]},"33":{"loc":{"start":{"line":252,"column":12},"end":{"line":254,"column":null}},"type":"if","locations":[{"start":{"line":252,"column":12},"end":{"line":254,"column":null}},{"start":{"line":252,"column":12},"end":{"line":254,"column":null}}]},"34":{"loc":{"start":{"line":252,"column":16},"end":{"line":252,"column":43}},"type":"binary-expr","locations":[{"start":{"line":252,"column":16},"end":{"line":252,"column":43}},{"start":{"line":252,"column":47},"end":{"line":252,"column":73}}]},"35":{"loc":{"start":{"line":253,"column":39},"end":{"line":253,"column":43}},"type":"cond-expr","locations":[{"start":{"line":253,"column":39},"end":{"line":253,"column":43}},{"start":{"line":253,"column":43},"end":{"line":253,"column":45}}]},"36":{"loc":{"start":{"line":253,"column":26},"end":{"line":253,"column":43}},"type":"binary-expr","locations":[{"start":{"line":253,"column":26},"end":{"line":253,"column":43}},{"start":{"line":253,"column":39},"end":{"line":253,"column":43}}]}},"s":{"0":1,"1":1,"2":1,"3":1,"4":1,"5":1,"6":1,"7":1,"8":1,"9":31,"10":31,"11":31,"12":31,"13":1,"14":0,"15":1,"16":120,"17":30,"18":30,"19":30,"20":30,"21":60,"22":60,"23":0,"24":60,"25":0,"26":60,"27":30,"28":29,"29":30,"30":30,"31":30,"32":1,"33":30,"34":30,"35":0,"36":30,"37":1,"38":16,"39":0,"40":16,"41":1,"42":9,"43":9,"44":9,"45":0,"46":9,"47":9,"48":9,"49":9,"50":0,"51":0,"52":0,"53":0,"54":0,"55":0,"56":9,"57":1,"58":3,"59":3,"60":3,"61":3,"62":1,"63":1,"64":1,"65":0,"66":0,"67":1,"68":1,"69":1,"70":1,"71":0,"72":0,"73":1,"74":1,"75":1,"76":1,"77":0,"78":0,"79":1,"80":3,"81":1,"82":1,"83":0,"84":0,"85":0,"86":0,"87":1,"88":0,"89":1,"90":0,"91":1,"92":0,"93":1,"94":0,"95":0,"96":0,"97":0,"98":0,"99":0,"100":0,"101":0,"102":0,"103":0,"104":1,"105":1},"f":{"0":1,"1":1,"2":31,"3":0,"4":30,"5":30,"6":16,"7":9,"8":0,"9":0,"10":9,"11":9,"12":3,"13":1,"14":1,"15":1,"16":1,"17":0,"18":0,"19":0,"20":0,"21":0},"b":{"0":[1,1],"1":[0,60],"2":[0,60],"3":[29,1],"4":[30,0],"5":[0,30],"6":[0,16],"7":[14,2],"8":[16,16],"9":[0,0],"10":[0,0],"11":[9,0],"12":[0,0],"13":[0,0],"14":[0,0],"15":[0,0],"16":[0,3],"17":[1,1,1],"18":[1,0],"19":[0,0],"20":[0,0,0],"21":[1,0],"22":[0,0],"23":[0,0,0],"24":[1,0],"25":[0,0],"26":[0,0,0],"27":[1],"28":[0,0],"29":[0,0],"30":[0,0],"31":[0,0],"32":[0,0],"33":[0,0],"34":[0,0],"35":[0,0],"36":[0,0]}}
,"D:\\Repos\\Nodejs\\runwaybase.js\\src\\client\\Document.ts": {"path":"D:\\Repos\\Nodejs\\runwaybase.js\\src\\client\\Document.ts","statementMap":{"0":{"start":{"line":1,"column":0},"end":{"line":1,"column":114}},"1":{"start":{"line":3,"column":0},"end":{"line":3,"column":26}},"2":{"start":{"line":4,"column":0},"end":{"line":4,"column":26}},"3":{"start":{"line":5,"column":0},"end":{"line":5,"column":43}},"4":{"start":{"line":6,"column":0},"end":{"line":6,"column":13}},"5":{"start":{"line":7,"column":26},"end":{"line":7,"column":44}},"6":{"start":{"line":7,"column":56},"end":{"line":7,"column":89}},"7":{"start":{"line":7,"column":101},"end":{"line":7,"column":119}},"8":{"start":{"line":7,"column":131},"end":{"line":7,"column":142}},"9":{"start":{"line":7,"column":154},"end":{"line":7,"column":166}},"10":{"start":{"line":10,"column":17},"end":{"line":35,"column":null}},"11":{"start":{"line":12,"column":25},"end":{"line":23,"column":null}},"12":{"start":{"line":12,"column":16},"end":{"line":23,"column":null}},"13":{"start":{"line":24,"column":12},"end":{"line":26,"column":null}},"14":{"start":{"line":25,"column":16},"end":{"line":25,"column":null}},"15":{"start":{"line":27,"column":12},"end":{"line":27,"column":44}},"16":{"start":{"line":29,"column":12},"end":{"line":33,"column":null}},"17":{"start":{"line":37,"column":17},"end":{"line":62,"column":null}},"18":{"start":{"line":39,"column":25},"end":{"line":50,"column":null}},"19":{"start":{"line":39,"column":16},"end":{"line":50,"column":null}},"20":{"start":{"line":51,"column":12},"end":{"line":53,"column":null}},"21":{"start":{"line":52,"column":16},"end":{"line":52,"column":40}},"22":{"start":{"line":54,"column":12},"end":{"line":54,"column":44}},"23":{"start":{"line":56,"column":12},"end":{"line":60,"column":null}},"24":{"start":{"line":64,"column":17},"end":{"line":84,"column":null}},"25":{"start":{"line":66,"column":25},"end":{"line":72,"column":null}},"26":{"start":{"line":66,"column":16},"end":{"line":72,"column":null}},"27":{"start":{"line":73,"column":12},"end":{"line":75,"column":null}},"28":{"start":{"line":74,"column":16},"end":{"line":74,"column":null}},"29":{"start":{"line":76,"column":12},"end":{"line":76,"column":null}},"30":{"start":{"line":78,"column":12},"end":{"line":82,"column":null}},"31":{"start":{"line":86,"column":11},"end":{"line":94,"column":null}},"32":{"start":{"line":86,"column":4},"end":{"line":86,"column":11}},"33":{"start":{"line":87,"column":25},"end":{"line":87,"column":53}},"34":{"start":{"line":88,"column":8},"end":{"line":92,"column":null}},"35":{"start":{"line":89,"column":12},"end":{"line":91,"column":null}},"36":{"start":{"line":90,"column":16},"end":{"line":90,"column":42}},"37":{"start":{"line":93,"column":8},"end":{"line":93,"column":41}},"38":{"start":{"line":96,"column":0},"end":{"line":96,"column":null}},"39":{"start":{"line":6,"column":13},"end":{"line":6,"column":21}}},"fnMap":{"0":{"name":"(anonymous_16)","decl":{"start":{"line":6,"column":0},"end":{"line":6,"column":13}},"loc":{"start":{"line":6,"column":0},"end":{"line":96,"column":null}}},"1":{"name":"Document","decl":{"start":{"line":7,"column":4},"end":{"line":7,"column":26}},"loc":{"start":{"line":7,"column":166},"end":{"line":7,"column":171}}},"2":{"name":"(anonymous_18)","decl":{"start":{"line":10,"column":4},"end":{"line":10,"column":17}},"loc":{"start":{"line":10,"column":33},"end":{"line":35,"column":null}}},"3":{"name":"(anonymous_21)","decl":{"start":{"line":37,"column":4},"end":{"line":37,"column":17}},"loc":{"start":{"line":37,"column":33},"end":{"line":62,"column":null}}},"4":{"name":"(anonymous_24)","decl":{"start":{"line":64,"column":4},"end":{"line":64,"column":17}},"loc":{"start":{"line":64,"column":4},"end":{"line":84,"column":null}}},"5":{"name":"(anonymous_27)","decl":{"start":{"line":86,"column":4},"end":{"line":86,"column":11}},"loc":{"start":{"line":86,"column":4},"end":{"line":94,"column":5}}},"6":{"name":"(anonymous_28)","decl":{"start":{"line":88,"column":32},"end":{"line":88,"column":33}},"loc":{"start":{"line":88,"column":34},"end":{"line":92,"column":9}}}},"branchMap":{"0":{"loc":{"start":{"line":16,"column":43},"end":{"line":16,"column":47}},"type":"cond-expr","locations":[{"start":{"line":16,"column":43},"end":{"line":16,"column":47}},{"start":{"line":16,"column":50},"end":{"line":16,"column":58}}]},"1":{"loc":{"start":{"line":24,"column":12},"end":{"line":26,"column":null}},"type":"if","locations":[{"start":{"line":24,"column":12},"end":{"line":26,"column":null}},{"start":{"line":24,"column":12},"end":{"line":26,"column":null}}]},"2":{"loc":{"start":{"line":51,"column":12},"end":{"line":53,"column":null}},"type":"if","locations":[{"start":{"line":51,"column":12},"end":{"line":53,"column":null}},{"start":{"line":51,"column":12},"end":{"line":53,"column":null}}]},"3":{"loc":{"start":{"line":73,"column":12},"end":{"line":75,"column":null}},"type":"if","locations":[{"start":{"line":73,"column":12},"end":{"line":75,"column":null}},{"start":{"line":73,"column":12},"end":{"line":75,"column":null}}]},"4":{"loc":{"start":{"line":89,"column":12},"end":{"line":91,"column":null}},"type":"if","locations":[{"start":{"line":89,"column":12},"end":{"line":91,"column":null}},{"start":{"line":89,"column":12},"end":{"line":91,"column":null}}]},"5":{"loc":{"start":{"line":89,"column":16},"end":{"line":89,"column":51}},"type":"binary-expr","locations":[{"start":{"line":89,"column":16},"end":{"line":89,"column":51}},{"start":{"line":89,"column":55},"end":{"line":89,"column":79}},{"start":{"line":89,"column":83},"end":{"line":89,"column":109}}]}},"s":{"0":1,"1":1,"2":1,"3":1,"4":1,"5":16,"6":16,"7":16,"8":16,"9":16,"10":1,"11":11,"12":0,"13":0,"14":0,"15":0,"16":0,"17":1,"18":4,"19":0,"20":0,"21":0,"22":0,"23":0,"24":1,"25":1,"26":0,"27":0,"28":0,"29":0,"30":0,"31":1,"32":0,"33":0,"34":0,"35":0,"36":0,"37":0,"38":1,"39":1},"f":{"0":1,"1":16,"2":11,"3":4,"4":1,"5":0,"6":0},"b":{"0":[1,10],"1":[0,0],"2":[0,0],"3":[0,0],"4":[0,0],"5":[0,0,0]}}
,"D:\\Repos\\Nodejs\\runwaybase.js\\src\\client\\RealtimeDatabase.ts": {"path":"D:\\Repos\\Nodejs\\runwaybase.js\\src\\client\\RealtimeDatabase.ts","statementMap":{"0":{"start":{"line":1,"column":0},"end":{"line":1,"column":48}},"1":{"start":{"line":3,"column":0},"end":{"line":3,"column":86}},"2":{"start":{"line":5,"column":0},"end":{"line":5,"column":42}},"3":{"start":{"line":7,"column":0},"end":{"line":7,"column":13}},"4":{"start":{"line":12,"column":26},"end":{"line":12,"column":43}},"5":{"start":{"line":12,"column":55},"end":{"line":12,"column":69}},"6":{"start":{"line":9,"column":14},"end":{"line":9,"column":98}},"7":{"start":{"line":10,"column":14},"end":{"line":10,"column":132}},"8":{"start":{"line":14,"column":11},"end":{"line":19,"column":null}},"9":{"start":{"line":14,"column":4},"end":{"line":14,"column":11}},"10":{"start":{"line":15,"column":8},"end":{"line":18,"column":11}},"11":{"start":{"line":16,"column":40},"end":{"line":16,"column":58}},"12":{"start":{"line":17,"column":12},"end":{"line":17,"column":37}},"13":{"start":{"line":21,"column":4},"end":{"line":23,"column":null}},"14":{"start":{"line":22,"column":8},"end":{"line":22,"column":26}},"15":{"start":{"line":26,"column":0},"end":{"line":26,"column":null}},"16":{"start":{"line":7,"column":13},"end":{"line":7,"column":29}}},"fnMap":{"0":{"name":"(anonymous_0)","decl":{"start":{"line":7,"column":0},"end":{"line":7,"column":13}},"loc":{"start":{"line":7,"column":0},"end":{"line":26,"column":null}}},"1":{"name":"RealtimeDatabase","decl":{"start":{"line":12,"column":4},"end":{"line":12,"column":26}},"loc":{"start":{"line":12,"column":69},"end":{"line":12,"column":74}}},"2":{"name":"(anonymous_2)","decl":{"start":{"line":14,"column":4},"end":{"line":14,"column":11}},"loc":{"start":{"line":14,"column":4},"end":{"line":19,"column":5}}},"3":{"name":"(anonymous_3)","decl":{"start":{"line":15,"column":44},"end":{"line":15,"column":45}},"loc":{"start":{"line":15,"column":51},"end":{"line":18,"column":9}}},"4":{"name":"(anonymous_4)","decl":{"start":{"line":21,"column":4},"end":{"line":21,"column":15}},"loc":{"start":{"line":21,"column":4},"end":{"line":23,"column":5}}}},"branchMap":{},"s":{"0":1,"1":1,"2":1,"3":1,"4":1,"5":1,"6":1,"7":1,"8":1,"9":1,"10":1,"11":0,"12":0,"13":1,"14":29,"15":1,"16":1},"f":{"0":1,"1":1,"2":1,"3":0,"4":29},"b":{}}
,"D:\\Repos\\Nodejs\\runwaybase.js\\src\\client\\Runwaybase.ts": {"path":"D:\\Repos\\Nodejs\\runwaybase.js\\src\\client\\Runwaybase.ts","statementMap":{"0":{"start":{"line":3,"column":0},"end":{"line":3,"column":46}},"1":{"start":{"line":5,"column":0},"end":{"line":5,"column":54}},"2":{"start":{"line":7,"column":0},"end":{"line":7,"column":13}},"3":{"start":{"line":16,"column":11},"end":{"line":23,"column":null}},"4":{"start":{"line":17,"column":8},"end":{"line":17,"column":30}},"5":{"start":{"line":18,"column":21},"end":{"line":18,"column":48}},"6":{"start":{"line":20,"column":8},"end":{"line":20,"column":56}},"7":{"start":{"line":21,"column":8},"end":{"line":21,"column":24}},"8":{"start":{"line":22,"column":8},"end":{"line":22,"column":29}},"9":{"start":{"line":25,"column":4},"end":{"line":27,"column":null}},"10":{"start":{"line":26,"column":8},"end":{"line":26,"column":24}},"11":{"start":{"line":29,"column":11},"end":{"line":31,"column":null}},"12":{"start":{"line":30,"column":8},"end":{"line":30,"column":29}},"13":{"start":{"line":33,"column":0},"end":{"line":33,"column":null}},"14":{"start":{"line":7,"column":13},"end":{"line":7,"column":23}}},"fnMap":{"0":{"name":"(anonymous_0)","decl":{"start":{"line":7,"column":0},"end":{"line":7,"column":13}},"loc":{"start":{"line":7,"column":0},"end":{"line":33,"column":null}}},"1":{"name":"Runwaybase","decl":{"start":{"line":14,"column":4},"end":{"line":14,"column":20}},"loc":{"start":{"line":14,"column":4},"end":{"line":14,"column":21}}},"2":{"name":"(anonymous_2)","decl":{"start":{"line":16,"column":4},"end":{"line":16,"column":11}},"loc":{"start":{"line":16,"column":39},"end":{"line":23,"column":5}}},"3":{"name":"(anonymous_3)","decl":{"start":{"line":25,"column":4},"end":{"line":25,"column":15}},"loc":{"start":{"line":25,"column":4},"end":{"line":27,"column":5}}},"4":{"name":"(anonymous_4)","decl":{"start":{"line":29,"column":4},"end":{"line":29,"column":11}},"loc":{"start":{"line":29,"column":4},"end":{"line":31,"column":5}}}},"branchMap":{"0":{"loc":{"start":{"line":30,"column":19},"end":{"line":30,"column":21}},"type":"cond-expr","locations":[{"start":{"line":30,"column":19},"end":{"line":30,"column":21}},{"start":{"line":30,"column":19},"end":{"line":30,"column":28}}]},"1":{"loc":{"start":{"line":30,"column":8},"end":{"line":30,"column":21}},"type":"binary-expr","locations":[{"start":{"line":30,"column":8},"end":{"line":30,"column":21}},{"start":{"line":30,"column":19},"end":{"line":30,"column":21}}]}},"s":{"0":1,"1":1,"2":1,"3":1,"4":1,"5":1,"6":1,"7":1,"8":1,"9":1,"10":29,"11":1,"12":1,"13":1,"14":1},"f":{"0":1,"1":1,"2":1,"3":29,"4":1},"b":{"0":[0,1],"1":[1,1]}}
,"D:\\Repos\\Nodejs\\runwaybase.js\\src\\client\\index.ts": {"path":"D:\\Repos\\Nodejs\\runwaybase.js\\src\\client\\index.ts","statementMap":{"0":{"start":{"line":2,"column":0},"end":{"line":2,"column":9}},"1":{"start":{"line":2,"column":9},"end":{"line":2,"column":42}},"2":{"start":{"line":3,"column":0},"end":{"line":3,"column":9}},"3":{"start":{"line":3,"column":9},"end":{"line":3,"column":54}},"4":{"start":{"line":4,"column":0},"end":{"line":4,"column":9}},"5":{"start":{"line":4,"column":9},"end":{"line":4,"column":42}},"6":{"start":{"line":5,"column":0},"end":{"line":5,"column":9}},"7":{"start":{"line":5,"column":9},"end":{"line":5,"column":38}}},"fnMap":{"0":{"name":"(anonymous_0)","decl":{"start":{"line":2,"column":9},"end":{"line":2,"column":19}},"loc":{"start":{"line":2,"column":9},"end":{"line":2,"column":42}}},"1":{"name":"(anonymous_1)","decl":{"start":{"line":3,"column":9},"end":{"line":3,"column":25}},"loc":{"start":{"line":3,"column":9},"end":{"line":3,"column":54}}},"2":{"name":"(anonymous_2)","decl":{"start":{"line":4,"column":9},"end":{"line":4,"column":19}},"loc":{"start":{"line":4,"column":9},"end":{"line":4,"column":42}}},"3":{"name":"(anonymous_3)","decl":{"start":{"line":5,"column":9},"end":{"line":5,"column":17}},"loc":{"start":{"line":5,"column":9},"end":{"line":5,"column":38}}}},"branchMap":{},"s":{"0":1,"1":2,"2":1,"3":1,"4":1,"5":1,"6":1,"7":1},"f":{"0":1,"1":0,"2":0,"3":0},"b":{}}
,"D:\\Repos\\Nodejs\\runwaybase.js\\src\\core\\Runwaybase.ts": {"path":"D:\\Repos\\Nodejs\\runwaybase.js\\src\\core\\Runwaybase.ts","statementMap":{"0":{"start":{"line":4,"column":0},"end":{"line":4,"column":64}},"1":{"start":{"line":6,"column":0},"end":{"line":6,"column":56}},"2":{"start":{"line":10,"column":0},"end":{"line":10,"column":13}},"3":{"start":{"line":22,"column":4},"end":{"line":27,"column":null}},"4":{"start":{"line":23,"column":8},"end":{"line":25,"column":null}},"5":{"start":{"line":24,"column":12},"end":{"line":24,"column":43}},"6":{"start":{"line":26,"column":8},"end":{"line":26,"column":27}},"7":{"start":{"line":29,"column":4},"end":{"line":31,"column":null}},"8":{"start":{"line":30,"column":8},"end":{"line":30,"column":32}},"9":{"start":{"line":33,"column":17},"end":{"line":63,"column":null}},"10":{"start":{"line":35,"column":8},"end":{"line":35,"column":31}},"11":{"start":{"line":37,"column":8},"end":{"line":37,"column":44}},"12":{"start":{"line":39,"column":8},"end":{"line":39,"column":22}},"13":{"start":{"line":40,"column":8},"end":{"line":40,"column":38}},"14":{"start":{"line":42,"column":8},"end":{"line":42,"column":72}},"15":{"start":{"line":47,"column":8},"end":{"line":51,"column":11}},"16":{"start":{"line":47,"column":69},"end":{"line":51,"column":10}},"17":{"start":{"line":48,"column":16},"end":{"line":48,"column":45}},"18":{"start":{"line":49,"column":25},"end":{"line":49,"column":null}},"19":{"start":{"line":49,"column":16},"end":{"line":49,"column":null}},"20":{"start":{"line":50,"column":12},"end":{"line":50,"column":29}},"21":{"start":{"line":56,"column":8},"end":{"line":61,"column":11}},"22":{"start":{"line":57,"column":12},"end":{"line":60,"column":27}},"23":{"start":{"line":58,"column":16},"end":{"line":58,"column":38}},"24":{"start":{"line":59,"column":16},"end":{"line":59,"column":75}},"25":{"start":{"line":65,"column":0},"end":{"line":65,"column":null}},"26":{"start":{"line":10,"column":13},"end":{"line":10,"column":23}}},"fnMap":{"0":{"name":"(anonymous_13)","decl":{"start":{"line":10,"column":0},"end":{"line":10,"column":13}},"loc":{"start":{"line":10,"column":0},"end":{"line":65,"column":null}}},"1":{"name":"Runwaybase","decl":{"start":{"line":20,"column":4},"end":{"line":20,"column":28}},"loc":{"start":{"line":20,"column":4},"end":{"line":20,"column":29}}},"2":{"name":"(anonymous_15)","decl":{"start":{"line":22,"column":4},"end":{"line":22,"column":22}},"loc":{"start":{"line":22,"column":4},"end":{"line":27,"column":5}}},"3":{"name":"(anonymous_16)","decl":{"start":{"line":29,"column":4},"end":{"line":29,"column":15}},"loc":{"start":{"line":29,"column":4},"end":{"line":31,"column":5}}},"4":{"name":"(anonymous_17)","decl":{"start":{"line":33,"column":4},"end":{"line":33,"column":17}},"loc":{"start":{"line":33,"column":84},"end":{"line":63,"column":null}}},"5":{"name":"(anonymous_20)","decl":{"start":{"line":47,"column":54},"end":{"line":47,"column":61}},"loc":{"start":{"line":47,"column":69},"end":{"line":51,"column":10}}},"6":{"name":"(anonymous_21)","decl":{"start":{"line":47,"column":69},"end":{"line":47,"column":null}},"loc":{"start":{"line":47,"column":69},"end":{"line":51,"column":10}}},"7":{"name":"(anonymous_23)","decl":{"start":{"line":56,"column":34},"end":{"line":56,"column":35}},"loc":{"start":{"line":56,"column":49},"end":{"line":61,"column":9}}},"8":{"name":"(anonymous_24)","decl":{"start":{"line":57,"column":49},"end":{"line":57,"column":50}},"loc":{"start":{"line":57,"column":74},"end":{"line":60,"column":13}}}},"branchMap":{"0":{"loc":{"start":{"line":23,"column":8},"end":{"line":25,"column":null}},"type":"if","locations":[{"start":{"line":23,"column":8},"end":{"line":25,"column":null}},{"start":{"line":23,"column":8},"end":{"line":25,"column":null}}]},"1":{"loc":{"start":{"line":35,"column":8},"end":{"line":35,"column":31}},"type":"switch","locations":[{"start":{"line":35,"column":8},"end":{"line":35,"column":31}}]}},"s":{"0":1,"1":1,"2":1,"3":1,"4":1,"5":1,"6":1,"7":1,"8":0,"9":1,"10":2,"11":1,"12":1,"13":1,"14":1,"15":1,"16":0,"17":0,"18":0,"19":0,"20":0,"21":1,"22":0,"23":0,"24":0,"25":1,"26":1},"f":{"0":1,"1":1,"2":1,"3":0,"4":1,"5":0,"6":0,"7":0,"8":0},"b":{"0":[1,0],"1":[1]}}
,"D:\\Repos\\Nodejs\\runwaybase.js\\src\\core\\index.ts": {"path":"D:\\Repos\\Nodejs\\runwaybase.js\\src\\core\\index.ts","statementMap":{"0":{"start":{"line":1,"column":0},"end":{"line":1,"column":9}},"1":{"start":{"line":1,"column":9},"end":{"line":1,"column":42}}},"fnMap":{"0":{"name":"(anonymous_0)","decl":{"start":{"line":1,"column":9},"end":{"line":1,"column":19}},"loc":{"start":{"line":1,"column":9},"end":{"line":1,"column":42}}}},"branchMap":{},"s":{"0":1,"1":2},"f":{"0":1},"b":{}}
,"D:\\Repos\\Nodejs\\runwaybase.js\\src\\drivers\\Mem\\MemoryDataDriver.ts": {"path":"D:\\Repos\\Nodejs\\runwaybase.js\\src\\drivers\\Mem\\MemoryDataDriver.ts","statementMap":{"0":{"start":{"line":6,"column":0},"end":{"line":6,"column":71}},"1":{"start":{"line":9,"column":0},"end":{"line":9,"column":13}},"2":{"start":{"line":10,"column":14},"end":{"line":10,"column":50}},"3":{"start":{"line":11,"column":14},"end":{"line":11,"column":46}},"4":{"start":{"line":13,"column":4},"end":{"line":15,"column":null}},"5":{"start":{"line":14,"column":8},"end":{"line":14,"column":33}},"6":{"start":{"line":17,"column":4},"end":{"line":19,"column":null}},"7":{"start":{"line":18,"column":8},"end":{"line":18,"column":31}},"8":{"start":{"line":21,"column":4},"end":{"line":25,"column":null}},"9":{"start":{"line":22,"column":8},"end":{"line":22,"column":31}},"10":{"start":{"line":23,"column":8},"end":{"line":23,"column":29}},"11":{"start":{"line":24,"column":8},"end":{"line":24,"column":33}},"12":{"start":{"line":27,"column":4},"end":{"line":41,"column":null}},"13":{"start":{"line":28,"column":25},"end":{"line":28,"column":71}},"14":{"start":{"line":28,"column":60},"end":{"line":28,"column":71}},"15":{"start":{"line":29,"column":8},"end":{"line":35,"column":null}},"16":{"start":{"line":30,"column":12},"end":{"line":34,"column":15}},"17":{"start":{"line":36,"column":8},"end":{"line":40,"column":11}},"18":{"start":{"line":43,"column":10},"end":{"line":60,"column":null}},"19":{"start":{"line":44,"column":12},"end":{"line":46,"column":10}},"20":{"start":{"line":45,"column":19},"end":{"line":45,"column":null}},"21":{"start":{"line":47,"column":8},"end":{"line":53,"column":null}},"22":{"start":{"line":48,"column":12},"end":{"line":52,"column":14}},"23":{"start":{"line":54,"column":8},"end":{"line":54,"column":43}},"24":{"start":{"line":55,"column":8},"end":{"line":59,"column":10}},"25":{"start":{"line":61,"column":4},"end":{"line":99,"column":null}},"26":{"start":{"line":62,"column":27},"end":{"line":62,"column":31}},"27":{"start":{"line":63,"column":27},"end":{"line":63,"column":28}},"28":{"start":{"line":65,"column":35},"end":{"line":65,"column":53}},"29":{"start":{"line":66,"column":32},"end":{"line":67,"column":null}},"30":{"start":{"line":67,"column":23},"end":{"line":67,"column":null}},"31":{"start":{"line":69,"column":12},"end":{"line":71,"column":null}},"32":{"start":{"line":72,"column":26},"end":{"line":72,"column":58}},"33":{"start":{"line":74,"column":12},"end":{"line":77,"column":null}},"34":{"start":{"line":76,"column":35},"end":{"line":76,"column":60}},"35":{"start":{"line":77,"column":32},"end":{"line":77,"column":37}},"36":{"start":{"line":80,"column":32},"end":{"line":82,"column":33}},"37":{"start":{"line":81,"column":31},"end":{"line":81,"column":56}},"38":{"start":{"line":82,"column":28},"end":{"line":82,"column":33}},"39":{"start":{"line":84,"column":35},"end":{"line":84,"column":82}},"40":{"start":{"line":84,"column":68},"end":{"line":84,"column":82}},"41":{"start":{"line":85,"column":16},"end":{"line":87,"column":null}},"42":{"start":{"line":88,"column":16},"end":{"line":88,"column":56}},"43":{"start":{"line":89,"column":16},"end":{"line":89,"column":31}},"44":{"start":{"line":83,"column":12},"end":{"line":90,"column":null}},"45":{"start":{"line":83,"column":30},"end":{"line":83,"column":43}},"46":{"start":{"line":83,"column":26},"end":{"line":83,"column":30}},"47":{"start":{"line":83,"column":21},"end":{"line":83,"column":30}},"48":{"start":{"line":92,"column":12},"end":{"line":92,"column":55}},"49":{"start":{"line":93,"column":12},"end":{"line":93,"column":27}},"50":{"start":{"line":64,"column":8},"end":{"line":94,"column":null}},"51":{"start":{"line":95,"column":8},"end":{"line":98,"column":11}},"52":{"start":{"line":100,"column":4},"end":{"line":114,"column":null}},"53":{"start":{"line":101,"column":25},"end":{"line":101,"column":69}},"54":{"start":{"line":101,"column":58},"end":{"line":101,"column":69}},"55":{"start":{"line":102,"column":8},"end":{"line":108,"column":null}},"56":{"start":{"line":103,"column":12},"end":{"line":107,"column":15}},"57":{"start":{"line":109,"column":8},"end":{"line":113,"column":11}},"58":{"start":{"line":115,"column":4},"end":{"line":131,"column":null}},"59":{"start":{"line":116,"column":20},"end":{"line":117,"column":null}},"60":{"start":{"line":117,"column":19},"end":{"line":117,"column":null}},"61":{"start":{"line":119,"column":8},"end":{"line":125,"column":null}},"62":{"start":{"line":120,"column":12},"end":{"line":124,"column":15}},"63":{"start":{"line":126,"column":8},"end":{"line":126,"column":34}},"64":{"start":{"line":127,"column":8},"end":{"line":130,"column":11}},"65":{"start":{"line":132,"column":4},"end":{"line":146,"column":null}},"66":{"start":{"line":133,"column":20},"end":{"line":133,"column":64}},"67":{"start":{"line":133,"column":53},"end":{"line":133,"column":64}},"68":{"start":{"line":134,"column":8},"end":{"line":140,"column":null}},"69":{"start":{"line":135,"column":12},"end":{"line":139,"column":15}},"70":{"start":{"line":141,"column":8},"end":{"line":141,"column":44}},"71":{"start":{"line":142,"column":8},"end":{"line":145,"column":11}},"72":{"start":{"line":147,"column":4},"end":{"line":161,"column":null}},"73":{"start":{"line":148,"column":24},"end":{"line":148,"column":68}},"74":{"start":{"line":148,"column":57},"end":{"line":148,"column":68}},"75":{"start":{"line":149,"column":8},"end":{"line":155,"column":null}},"76":{"start":{"line":150,"column":12},"end":{"line":154,"column":15}},"77":{"start":{"line":156,"column":8},"end":{"line":156,"column":45}},"78":{"start":{"line":157,"column":8},"end":{"line":160,"column":11}},"79":{"start":{"line":163,"column":4},"end":{"line":170,"column":null}},"80":{"start":{"line":164,"column":19},"end":{"line":164,"column":72}},"81":{"start":{"line":164,"column":49},"end":{"line":164,"column":72}},"82":{"start":{"line":165,"column":8},"end":{"line":169,"column":11}},"83":{"start":{"line":172,"column":4},"end":{"line":181,"column":null}},"84":{"start":{"line":173,"column":29},"end":{"line":174,"column":null}},"85":{"start":{"line":174,"column":19},"end":{"line":174,"column":null}},"86":{"start":{"line":176,"column":8},"end":{"line":180,"column":11}},"87":{"start":{"line":183,"column":14},"end":{"line":196,"column":null}},"88":{"start":{"line":184,"column":8},"end":{"line":186,"column":null}},"89":{"start":{"line":185,"column":12},"end":{"line":185,"column":22}},"90":{"start":{"line":187,"column":22},"end":{"line":187,"column":25}},"91":{"start":{"line":188,"column":19},"end":{"line":188,"column":37}},"92":{"start":{"line":189,"column":8},"end":{"line":194,"column":null}},"93":{"start":{"line":189,"column":24},"end":{"line":189,"column":28}},"94":{"start":{"line":189,"column":20},"end":{"line":189,"column":24}},"95":{"start":{"line":190,"column":12},"end":{"line":192,"column":null}},"96":{"start":{"line":191,"column":16},"end":{"line":191,"column":28}},"97":{"start":{"line":193,"column":12},"end":{"line":193,"column":35}},"98":{"start":{"line":195,"column":8},"end":{"line":195,"column":23}},"99":{"start":{"line":198,"column":4},"end":{"line":286,"column":null}},"100":{"start":{"line":198,"column":4},"end":{"line":198,"column":18}},"101":{"start":{"line":200,"column":27},"end":{"line":200,"column":80}},"102":{"start":{"line":200,"column":57},"end":{"line":200,"column":80}},"103":{"start":{"line":201,"column":25},"end":{"line":201,"column":27}},"104":{"start":{"line":202,"column":8},"end":{"line":257,"column":null}},"105":{"start":{"line":202,"column":27},"end":{"line":202,"column":32}},"106":{"start":{"line":202,"column":27},"end":{"line":202,"column":46}},"107":{"start":{"line":202,"column":23},"end":{"line":202,"column":27}},"108":{"start":{"line":203,"column":12},"end":{"line":256,"column":null}},"109":{"start":{"line":203,"column":28},"end":{"line":203,"column":40}},"110":{"start":{"line":203,"column":24},"end":{"line":203,"column":28}},"111":{"start":{"line":204,"column":33},"end":{"line":204,"column":37}},"112":{"start":{"line":205,"column":34},"end":{"line":205,"column":46}},"113":{"start":{"line":206,"column":16},"end":{"line":206,"column":86}},"114":{"start":{"line":207,"column":16},"end":{"line":209,"column":null}},"115":{"start":{"line":208,"column":20},"end":{"line":208,"column":91}},"116":{"start":{"line":210,"column":16},"end":{"line":255,"column":null}},"117":{"start":{"line":212,"column":24},"end":{"line":214,"column":null}},"118":{"start":{"line":213,"column":28},"end":{"line":213,"column":49}},"119":{"start":{"line":215,"column":24},"end":{"line":215,"column":30}},"120":{"start":{"line":217,"column":24},"end":{"line":219,"column":null}},"121":{"start":{"line":218,"column":28},"end":{"line":218,"column":49}},"122":{"start":{"line":220,"column":24},"end":{"line":220,"column":30}},"123":{"start":{"line":222,"column":24},"end":{"line":224,"column":null}},"124":{"start":{"line":223,"column":28},"end":{"line":223,"column":49}},"125":{"start":{"line":225,"column":24},"end":{"line":225,"column":30}},"126":{"start":{"line":227,"column":24},"end":{"line":229,"column":null}},"127":{"start":{"line":228,"column":28},"end":{"line":228,"column":49}},"128":{"start":{"line":230,"column":24},"end":{"line":230,"column":30}},"129":{"start":{"line":232,"column":24},"end":{"line":234,"column":null}},"130":{"start":{"line":233,"column":28},"end":{"line":233,"column":49}},"131":{"start":{"line":235,"column":24},"end":{"line":235,"column":30}},"132":{"start":{"line":237,"column":24},"end":{"line":239,"column":null}},"133":{"start":{"line":238,"column":28},"end":{"line":238,"column":49}},"134":{"start":{"line":240,"column":24},"end":{"line":240,"column":30}},"135":{"start":{"line":242,"column":24},"end":{"line":246,"column":null}},"136":{"start":{"line":243,"column":28},"end":{"line":245,"column":null}},"137":{"start":{"line":244,"column":32},"end":{"line":244,"column":53}},"138":{"start":{"line":247,"column":24},"end":{"line":247,"column":30}},"139":{"start":{"line":249,"column":24},"end":{"line":253,"column":null}},"140":{"start":{"line":250,"column":28},"end":{"line":252,"column":null}},"141":{"start":{"line":251,"column":32},"end":{"line":251,"column":53}},"142":{"start":{"line":254,"column":24},"end":{"line":254,"column":30}},"143":{"start":{"line":259,"column":8},"end":{"line":273,"column":null}},"144":{"start":{"line":260,"column":12},"end":{"line":271,"column":15}},"145":{"start":{"line":261,"column":25},"end":{"line":261,"column":93}},"146":{"start":{"line":262,"column":25},"end":{"line":262,"column":93}},"147":{"start":{"line":263,"column":24},"end":{"line":263,"column":78}},"148":{"start":{"line":264,"column":16},"end":{"line":269,"column":null}},"149":{"start":{"line":265,"column":20},"end":{"line":265,"column":29}},"150":{"start":{"line":267,"column":21},"end":{"line":269,"column":null}},"151":{"start":{"line":268,"column":20},"end":{"line":268,"column":29}},"152":{"start":{"line":270,"column":16},"end":{"line":270,"column":26}},"153":{"start":{"line":275,"column":8},"end":{"line":279,"column":null}},"154":{"start":{"line":276,"column":12},"end":{"line":278,"column":null}},"155":{"start":{"line":277,"column":16},"end":{"line":277,"column":null}},"156":{"start":{"line":281,"column":8},"end":{"line":285,"column":11}},"157":{"start":{"line":287,"column":0},"end":{"line":287,"column":null}},"158":{"start":{"line":9,"column":13},"end":{"line":9,"column":29}}},"fnMap":{"0":{"name":"(anonymous_13)","decl":{"start":{"line":9,"column":0},"end":{"line":9,"column":13}},"loc":{"start":{"line":9,"column":0},"end":{"line":287,"column":null}}},"1":{"name":"(anonymous_15)","decl":{"start":{"line":13,"column":4},"end":{"line":13,"column":15}},"loc":{"start":{"line":13,"column":4},"end":{"line":15,"column":5}}},"2":{"name":"(anonymous_16)","decl":{"start":{"line":17,"column":4},"end":{"line":17,"column":15}},"loc":{"start":{"line":17,"column":4},"end":{"line":19,"column":5}}},"3":{"name":"(anonymous_17)","decl":{"start":{"line":21,"column":4},"end":{"line":21,"column":11}},"loc":{"start":{"line":21,"column":4},"end":{"line":25,"column":5}}},"4":{"name":"(anonymous_18)","decl":{"start":{"line":27,"column":4},"end":{"line":27,"column":17}},"loc":{"start":{"line":27,"column":28},"end":{"line":41,"column":5}}},"5":{"name":"(anonymous_19)","decl":{"start":{"line":28,"column":53},"end":{"line":28,"column":54}},"loc":{"start":{"line":28,"column":55},"end":{"line":28,"column":61}}},"6":{"name":"(anonymous_20)","decl":{"start":{"line":43,"column":4},"end":{"line":43,"column":10}},"loc":{"start":{"line":43,"column":53},"end":{"line":60,"column":null}}},"7":{"name":"(anonymous_23)","decl":{"start":{"line":45,"column":12},"end":{"line":45,"column":13}},"loc":{"start":{"line":45,"column":14},"end":{"line":45,"column":20}}},"8":{"name":"(anonymous_24)","decl":{"start":{"line":61,"column":4},"end":{"line":61,"column":20}},"loc":{"start":{"line":61,"column":31},"end":{"line":99,"column":5}}},"9":{"name":"(anonymous_26)","decl":{"start":{"line":67,"column":16},"end":{"line":67,"column":17}},"loc":{"start":{"line":67,"column":18},"end":{"line":67,"column":24}}},"10":{"name":"(anonymous_27)","decl":{"start":{"line":76,"column":28},"end":{"line":76,"column":29}},"loc":{"start":{"line":76,"column":30},"end":{"line":76,"column":36}}},"11":{"name":"(anonymous_28)","decl":{"start":{"line":77,"column":25},"end":{"line":77,"column":26}},"loc":{"start":{"line":77,"column":27},"end":{"line":77,"column":33}}},"12":{"name":"(anonymous_29)","decl":{"start":{"line":81,"column":24},"end":{"line":81,"column":25}},"loc":{"start":{"line":81,"column":26},"end":{"line":81,"column":32}}},"13":{"name":"(anonymous_30)","decl":{"start":{"line":82,"column":21},"end":{"line":82,"column":22}},"loc":{"start":{"line":82,"column":23},"end":{"line":82,"column":29}}},"14":{"name":"(anonymous_32)","decl":{"start":{"line":84,"column":61},"end":{"line":84,"column":62}},"loc":{"start":{"line":84,"column":63},"end":{"line":84,"column":69}}},"15":{"name":"(anonymous_33)","decl":{"start":{"line":100,"column":4},"end":{"line":100,"column":15}},"loc":{"start":{"line":100,"column":26},"end":{"line":114,"column":5}}},"16":{"name":"(anonymous_34)","decl":{"start":{"line":101,"column":51},"end":{"line":101,"column":52}},"loc":{"start":{"line":101,"column":53},"end":{"line":101,"column":59}}},"17":{"name":"(anonymous_35)","decl":{"start":{"line":115,"column":4},"end":{"line":115,"column":18}},"loc":{"start":{"line":115,"column":36},"end":{"line":131,"column":5}}},"18":{"name":"(anonymous_36)","decl":{"start":{"line":117,"column":12},"end":{"line":117,"column":13}},"loc":{"start":{"line":117,"column":14},"end":{"line":117,"column":20}}},"19":{"name":"(anonymous_37)","decl":{"start":{"line":132,"column":4},"end":{"line":132,"column":18}},"loc":{"start":{"line":132,"column":40},"end":{"line":146,"column":5}}},"20":{"name":"(anonymous_38)","decl":{"start":{"line":133,"column":46},"end":{"line":133,"column":47}},"loc":{"start":{"line":133,"column":48},"end":{"line":133,"column":54}}},"21":{"name":"(anonymous_39)","decl":{"start":{"line":147,"column":4},"end":{"line":147,"column":18}},"loc":{"start":{"line":147,"column":29},"end":{"line":161,"column":5}}},"22":{"name":"(anonymous_40)","decl":{"start":{"line":148,"column":50},"end":{"line":148,"column":51}},"loc":{"start":{"line":148,"column":52},"end":{"line":148,"column":58}}},"23":{"name":"(anonymous_41)","decl":{"start":{"line":163,"column":4},"end":{"line":163,"column":16}},"loc":{"start":{"line":163,"column":33},"end":{"line":170,"column":5}}},"24":{"name":"(anonymous_42)","decl":{"start":{"line":164,"column":42},"end":{"line":164,"column":43}},"loc":{"start":{"line":164,"column":44},"end":{"line":164,"column":50}}},"25":{"name":"(anonymous_43)","decl":{"start":{"line":172,"column":4},"end":{"line":172,"column":21}},"loc":{"start":{"line":172,"column":38},"end":{"line":181,"column":5}}},"26":{"name":"(anonymous_44)","decl":{"start":{"line":174,"column":12},"end":{"line":174,"column":13}},"loc":{"start":{"line":174,"column":14},"end":{"line":174,"column":20}}},"27":{"name":"(anonymous_45)","decl":{"start":{"line":183,"column":4},"end":{"line":183,"column":14}},"loc":{"start":{"line":183,"column":70},"end":{"line":196,"column":5}}},"28":{"name":"(anonymous_46)","decl":{"start":{"line":198,"column":4},"end":{"line":198,"column":18}},"loc":{"start":{"line":198,"column":54},"end":{"line":286,"column":5}}},"29":{"name":"(anonymous_47)","decl":{"start":{"line":200,"column":50},"end":{"line":200,"column":51}},"loc":{"start":{"line":200,"column":52},"end":{"line":200,"column":58}}},"30":{"name":"(anonymous_48)","decl":{"start":{"line":260,"column":28},"end":{"line":260,"column":29}},"loc":{"start":{"line":260,"column":35},"end":{"line":271,"column":13}}}},"branchMap":{"0":{"loc":{"start":{"line":29,"column":8},"end":{"line":35,"column":null}},"type":"if","locations":[{"start":{"line":29,"column":8},"end":{"line":35,"column":null}},{"start":{"line":29,"column":8},"end":{"line":35,"column":null}}]},"1":{"loc":{"start":{"line":45,"column":19},"end":{"line":45,"column":52}},"type":"binary-expr","locations":[{"start":{"line":45,"column":19},"end":{"line":45,"column":52}},{"start":{"line":45,"column":56},"end":{"line":45,"column":81}}]},"2":{"loc":{"start":{"line":47,"column":8},"end":{"line":53,"column":null}},"type":"if","locations":[{"start":{"line":47,"column":8},"end":{"line":53,"column":null}},{"start":{"line":47,"column":8},"end":{"line":53,"column":null}}]},"3":{"loc":{"start":{"line":69,"column":12},"end":{"line":71,"column":null}},"type":"if","locations":[{"start":{"line":69,"column":12},"end":{"line":71,"column":null}},{"start":{"line":69,"column":12},"end":{"line":71,"column":null}}]},"4":{"loc":{"start":{"line":85,"column":16},"end":{"line":87,"column":null}},"type":"if","locations":[{"start":{"line":85,"column":16},"end":{"line":87,"column":null}},{"start":{"line":85,"column":16},"end":{"line":87,"column":null}}]},"5":{"loc":{"start":{"line":102,"column":8},"end":{"line":108,"column":null}},"type":"if","locations":[{"start":{"line":102,"column":8},"end":{"line":108,"column":null}},{"start":{"line":102,"column":8},"end":{"line":108,"column":null}}]},"6":{"loc":{"start":{"line":117,"column":19},"end":{"line":117,"column":35}},"type":"binary-expr","locations":[{"start":{"line":117,"column":19},"end":{"line":117,"column":35}},{"start":{"line":117,"column":39},"end":{"line":117,"column":65}}]},"7":{"loc":{"start":{"line":119,"column":8},"end":{"line":125,"column":null}},"type":"if","locations":[{"start":{"line":119,"column":8},"end":{"line":125,"column":null}},{"start":{"line":119,"column":8},"end":{"line":125,"column":null}}]},"8":{"loc":{"start":{"line":134,"column":8},"end":{"line":140,"column":null}},"type":"if","locations":[{"start":{"line":134,"column":8},"end":{"line":140,"column":null}},{"start":{"line":134,"column":8},"end":{"line":140,"column":null}}]},"9":{"loc":{"start":{"line":149,"column":8},"end":{"line":155,"column":null}},"type":"if","locations":[{"start":{"line":149,"column":8},"end":{"line":155,"column":null}},{"start":{"line":149,"column":8},"end":{"line":155,"column":null}}]},"10":{"loc":{"start":{"line":184,"column":8},"end":{"line":186,"column":null}},"type":"if","locations":[{"start":{"line":184,"column":8},"end":{"line":186,"column":null}},{"start":{"line":184,"column":8},"end":{"line":186,"column":null}}]},"11":{"loc":{"start":{"line":190,"column":12},"end":{"line":192,"column":null}},"type":"if","locations":[{"start":{"line":190,"column":12},"end":{"line":192,"column":null}},{"start":{"line":190,"column":12},"end":{"line":192,"column":null}}]},"12":{"loc":{"start":{"line":202,"column":40},"end":{"line":202,"column":44}},"type":"cond-expr","locations":[{"start":{"line":202,"column":40},"end":{"line":202,"column":44}},{"start":{"line":202,"column":44},"end":{"line":202,"column":46}}]},"13":{"loc":{"start":{"line":202,"column":27},"end":{"line":202,"column":44}},"type":"binary-expr","locations":[{"start":{"line":202,"column":27},"end":{"line":202,"column":44}},{"start":{"line":202,"column":40},"end":{"line":202,"column":44}}]},"14":{"loc":{"start":{"line":207,"column":16},"end":{"line":209,"column":null}},"type":"if","locations":[{"start":{"line":207,"column":16},"end":{"line":209,"column":null}},{"start":{"line":207,"column":16},"end":{"line":209,"column":null}}]},"15":{"loc":{"start":{"line":207,"column":34},"end":{"line":207,"column":38}},"type":"cond-expr","locations":[{"start":{"line":207,"column":34},"end":{"line":207,"column":38}},{"start":{"line":207,"column":38},"end":{"line":207,"column":43}}]},"16":{"loc":{"start":{"line":207,"column":20},"end":{"line":207,"column":38}},"type":"binary-expr","locations":[{"start":{"line":207,"column":20},"end":{"line":207,"column":38}},{"start":{"line":207,"column":34},"end":{"line":207,"column":38}}]},"17":{"loc":{"start":{"line":211,"column":20},"end":{"line":215,"column":30}},"type":"switch","locations":[{"start":{"line":211,"column":20},"end":{"line":215,"column":30}},{"start":{"line":216,"column":20},"end":{"line":220,"column":30}},{"start":{"line":221,"column":20},"end":{"line":225,"column":30}},{"start":{"line":226,"column":20},"end":{"line":230,"column":30}},{"start":{"line":231,"column":20},"end":{"line":235,"column":30}},{"start":{"line":236,"column":20},"end":{"line":240,"column":30}},{"start":{"line":241,"column":20},"end":{"line":247,"column":30}},{"start":{"line":248,"column":20},"end":{"line":254,"column":30}}]},"18":{"loc":{"start":{"line":212,"column":24},"end":{"line":214,"column":null}},"type":"if","locations":[{"start":{"line":212,"column":24},"end":{"line":214,"column":null}},{"start":{"line":212,"column":24},"end":{"line":214,"column":null}}]},"19":{"loc":{"start":{"line":217,"column":24},"end":{"line":219,"column":null}},"type":"if","locations":[{"start":{"line":217,"column":24},"end":{"line":219,"column":null}},{"start":{"line":217,"column":24},"end":{"line":219,"column":null}}]},"20":{"loc":{"start":{"line":222,"column":24},"end":{"line":224,"column":null}},"type":"if","locations":[{"start":{"line":222,"column":24},"end":{"line":224,"column":null}},{"start":{"line":222,"column":24},"end":{"line":224,"column":null}}]},"21":{"loc":{"start":{"line":227,"column":24},"end":{"line":229,"column":null}},"type":"if","locations":[{"start":{"line":227,"column":24},"end":{"line":229,"column":null}},{"start":{"line":227,"column":24},"end":{"line":229,"column":null}}]},"22":{"loc":{"start":{"line":232,"column":24},"end":{"line":234,"column":null}},"type":"if","locations":[{"start":{"line":232,"column":24},"end":{"line":234,"column":null}},{"start":{"line":232,"column":24},"end":{"line":234,"column":null}}]},"23":{"loc":{"start":{"line":237,"column":24},"end":{"line":239,"column":null}},"type":"if","locations":[{"start":{"line":237,"column":24},"end":{"line":239,"column":null}},{"start":{"line":237,"column":24},"end":{"line":239,"column":null}}]},"24":{"loc":{"start":{"line":242,"column":24},"end":{"line":246,"column":null}},"type":"if","locations":[{"start":{"line":242,"column":24},"end":{"line":246,"column":null}},{"start":{"line":242,"column":24},"end":{"line":246,"column":null}}]},"25":{"loc":{"start":{"line":243,"column":28},"end":{"line":245,"column":null}},"type":"if","locations":[{"start":{"line":243,"column":28},"end":{"line":245,"column":null}},{"start":{"line":243,"column":28},"end":{"line":245,"column":null}}]},"26":{"loc":{"start":{"line":249,"column":24},"end":{"line":253,"column":null}},"type":"if","locations":[{"start":{"line":249,"column":24},"end":{"line":253,"column":null}},{"start":{"line":249,"column":24},"end":{"line":253,"column":null}}]},"27":{"loc":{"start":{"line":250,"column":28},"end":{"line":252,"column":null}},"type":"if","locations":[{"start":{"line":250,"column":28},"end":{"line":252,"column":null}},{"start":{"line":250,"column":28},"end":{"line":252,"column":null}}]},"28":{"loc":{"start":{"line":259,"column":8},"end":{"line":273,"column":null}},"type":"if","locations":[{"start":{"line":259,"column":8},"end":{"line":273,"column":null}},{"start":{"line":259,"column":8},"end":{"line":273,"column":null}}]},"29":{"loc":{"start":{"line":261,"column":86},"end":{"line":261,"column":90}},"type":"cond-expr","locations":[{"start":{"line":261,"column":86},"end":{"line":261,"column":90}},{"start":{"line":261,"column":90},"end":{"line":261,"column":92}}]},"30":{"loc":{"start":{"line":261,"column":66},"end":{"line":261,"column":90}},"type":"binary-expr","locations":[{"start":{"line":261,"column":66},"end":{"line":261,"column":90}},{"start":{"line":261,"column":86},"end":{"line":261,"column":90}}]},"31":{"loc":{"start":{"line":261,"column":79},"end":{"line":261,"column":81}},"type":"cond-expr","locations":[{"start":{"line":261,"column":79},"end":{"line":261,"column":81}},{"start":{"line":261,"column":79},"end":{"line":261,"column":86}}]},"32":{"loc":{"start":{"line":261,"column":66},"end":{"line":261,"column":81}},"type":"binary-expr","locations":[{"start":{"line":261,"column":66},"end":{"line":261,"column":81}},{"start":{"line":261,"column":79},"end":{"line":261,"column":81}}]},"33":{"loc":{"start":{"line":262,"column":86},"end":{"line":262,"column":90}},"type":"cond-expr","locations":[{"start":{"line":262,"column":86},"end":{"line":262,"column":90}},{"start":{"line":262,"column":90},"end":{"line":262,"column":92}}]},"34":{"loc":{"start":{"line":262,"column":66},"end":{"line":262,"column":90}},"type":"binary-expr","locations":[{"start":{"line":262,"column":66},"end":{"line":262,"column":90}},{"start":{"line":262,"column":86},"end":{"line":262,"column":90}}]},"35":{"loc":{"start":{"line":262,"column":79},"end":{"line":262,"column":81}},"type":"cond-expr","locations":[{"start":{"line":262,"column":79},"end":{"line":262,"column":81}},{"start":{"line":262,"column":79},"end":{"line":262,"column":86}}]},"36":{"loc":{"start":{"line":262,"column":66},"end":{"line":262,"column":81}},"type":"binary-expr","locations":[{"start":{"line":262,"column":66},"end":{"line":262,"column":81}},{"start":{"line":262,"column":79},"end":{"line":262,"column":81}}]},"37":{"loc":{"start":{"line":263,"column":72},"end":{"line":263,"column":73}},"type":"cond-expr","locations":[{"start":{"line":263,"column":72},"end":{"line":263,"column":73}},{"start":{"line":263,"column":76},"end":{"line":263,"column":78}}]},"38":{"loc":{"start":{"line":263,"column":38},"end":{"line":263,"column":40}},"type":"cond-expr","locations":[{"start":{"line":263,"column":38},"end":{"line":263,"column":40}},{"start":{"line":263,"column":38},"end":{"line":263,"column":44}}]},"39":{"loc":{"start":{"line":263,"column":25},"end":{"line":263,"column":40}},"type":"binary-expr","locations":[{"start":{"line":263,"column":25},"end":{"line":263,"column":40}},{"start":{"line":263,"column":38},"end":{"line":263,"column":40}}]},"40":{"loc":{"start":{"line":264,"column":16},"end":{"line":269,"column":null}},"type":"if","locations":[{"start":{"line":264,"column":16},"end":{"line":269,"column":null}},{"start":{"line":264,"column":16},"end":{"line":269,"column":null}}]},"41":{"loc":{"start":{"line":267,"column":21},"end":{"line":269,"column":null}},"type":"if","locations":[{"start":{"line":267,"column":21},"end":{"line":269,"column":null}},{"start":{"line":267,"column":21},"end":{"line":269,"column":null}}]},"42":{"loc":{"start":{"line":275,"column":8},"end":{"line":279,"column":null}},"type":"if","locations":[{"start":{"line":275,"column":8},"end":{"line":279,"column":null}},{"start":{"line":275,"column":8},"end":{"line":279,"column":null}}]},"43":{"loc":{"start":{"line":276,"column":12},"end":{"line":278,"column":null}},"type":"if","locations":[{"start":{"line":276,"column":12},"end":{"line":278,"column":null}},{"start":{"line":276,"column":12},"end":{"line":278,"column":null}}]}},"s":{"0":4,"1":4,"2":5,"3":5,"4":4,"5":5,"6":4,"7":7,"8":4,"9":46,"10":46,"11":46,"12":4,"13":66,"14":106,"15":66,"16":2,"17":64,"18":4,"19":57,"20":41,"21":57,"22":1,"23":56,"24":56,"25":4,"26":4,"27":4,"28":6,"29":6,"30":7,"31":6,"32":5,"33":5,"34":8,"35":2,"36":5,"37":6,"38":4,"39":4,"40":7,"41":4,"42":4,"43":4,"44":5,"45":10,"46":4,"47":4,"48":5,"49":5,"50":4,"51":4,"52":4,"53":2,"54":1,"55":2,"56":1,"57":1,"58":4,"59":59,"60":53,"61":59,"62":0,"63":59,"64":59,"65":4,"66":5,"67":7,"68":5,"69":3,"70":2,"71":2,"72":4,"73":4,"74":4,"75":4,"76":1,"77":3,"78":3,"79":4,"80":44,"81":97,"82":44,"83":4,"84":64,"85":147,"86":64,"87":4,"88":0,"89":0,"90":0,"91":0,"92":0,"93":0,"94":0,"95":0,"96":0,"97":0,"98":0,"99":4,"100":0,"101":0,"102":0,"103":0,"104":0,"105":0,"106":0,"107":0,"108":0,"109":0,"110":0,"111":0,"112":0,"113":0,"114":0,"115":0,"116":0,"117":0,"118":0,"119":0,"120":0,"121":0,"122":0,"123":0,"124":0,"125":0,"126":0,"127":0,"128":0,"129":0,"130":0,"131":0,"132":0,"133":0,"134":0,"135":0,"136":0,"137":0,"138":0,"139":0,"140":0,"141":0,"142":0,"143":0,"144":0,"145":0,"146":0,"147":0,"148":0,"149":0,"150":0,"151":0,"152":0,"153":0,"154":0,"155":0,"156":0,"157":4,"158":4},"f":{"0":9,"1":5,"2":7,"3":46,"4":66,"5":106,"6":57,"7":41,"8":4,"9":7,"10":8,"11":2,"12":6,"13":4,"14":7,"15":2,"16":1,"17":59,"18":53,"19":5,"20":7,"21":4,"22":4,"23":44,"24":97,"25":64,"26":147,"27":0,"28":0,"29":0,"30":0},"b":{"0":[2,64],"1":[41,6],"2":[1,56],"3":[1,5],"4":[0,4],"5":[1,1],"6":[53,1],"7":[0,59],"8":[3,2],"9":[1,3],"10":[0,0],"11":[0,0],"12":[0,0],"13":[0,0],"14":[0,0],"15":[0,0],"16":[0,0],"17":[0,0,0,0,0,0,0,0],"18":[0,0],"19":[0,0],"20":[0,0],"21":[0,0],"22":[0,0],"23":[0,0],"24":[0,0],"25":[0,0],"26":[0,0],"27":[0,0],"28":[0,0],"29":[0,0],"30":[0,0],"31":[0,0],"32":[0,0],"33":[0,0],"34":[0,0],"35":[0,0],"36":[0,0],"37":[0,0],"38":[0,0],"39":[0,0],"40":[0,0],"41":[0,0],"42":[0,0],"43":[0,0]}}
,"D:\\Repos\\Nodejs\\runwaybase.js\\src\\realtime\\BaseNotifier.ts": {"path":"D:\\Repos\\Nodejs\\runwaybase.js\\src\\realtime\\BaseNotifier.ts","statementMap":{"0":{"start":{"line":1,"column":0},"end":{"line":1,"column":43}},"1":{"start":{"line":5,"column":0},"end":{"line":5,"column":13}},"2":{"start":{"line":7,"column":12},"end":{"line":7,"column":61}},"3":{"start":{"line":9,"column":4},"end":{"line":11,"column":null}},"4":{"start":{"line":10,"column":8},"end":{"line":10,"column":43}},"5":{"start":{"line":13,"column":4},"end":{"line":20,"column":null}},"6":{"start":{"line":14,"column":8},"end":{"line":18,"column":11}},"7":{"start":{"line":19,"column":8},"end":{"line":19,"column":81}},"8":{"start":{"line":22,"column":0},"end":{"line":22,"column":null}},"9":{"start":{"line":5,"column":13},"end":{"line":5,"column":25}}},"fnMap":{"0":{"name":"(anonymous_0)","decl":{"start":{"line":5,"column":0},"end":{"line":5,"column":13}},"loc":{"start":{"line":5,"column":0},"end":{"line":22,"column":null}}},"1":{"name":"(anonymous_2)","decl":{"start":{"line":9,"column":4},"end":{"line":9,"column":12}},"loc":{"start":{"line":9,"column":4},"end":{"line":11,"column":5}}},"2":{"name":"(anonymous_3)","decl":{"start":{"line":13,"column":4},"end":{"line":13,"column":10}},"loc":{"start":{"line":13,"column":74},"end":{"line":20,"column":5}}}},"branchMap":{},"s":{"0":4,"1":4,"2":3,"3":4,"4":0,"5":4,"6":20,"7":20,"8":4,"9":4},"f":{"0":7,"1":0,"2":20},"b":{}}
,"D:\\Repos\\Nodejs\\runwaybase.js\\src\\realtime\\Collection.ts": {"path":"D:\\Repos\\Nodejs\\runwaybase.js\\src\\realtime\\Collection.ts","statementMap":{"0":{"start":{"line":4,"column":0},"end":{"line":4,"column":67}},"1":{"start":{"line":5,"column":0},"end":{"line":5,"column":26}},"2":{"start":{"line":8,"column":0},"end":{"line":8,"column":13}},"3":{"start":{"line":17,"column":14},"end":{"line":17,"column":33}},"4":{"start":{"line":18,"column":14},"end":{"line":18,"column":33}},"5":{"start":{"line":19,"column":14},"end":{"line":19,"column":26}},"6":{"start":{"line":13,"column":12},"end":{"line":13,"column":47}},"7":{"start":{"line":14,"column":12},"end":{"line":14,"column":44}},"8":{"start":{"line":24,"column":4},"end":{"line":24,"column":29}},"9":{"start":{"line":25,"column":4},"end":{"line":25,"column":17}},"10":{"start":{"line":26,"column":4},"end":{"line":26,"column":21}},"11":{"start":{"line":27,"column":4},"end":{"line":27,"column":30}},"12":{"start":{"line":28,"column":4},"end":{"line":28,"column":25}},"13":{"start":{"line":31,"column":2},"end":{"line":33,"column":null}},"14":{"start":{"line":32,"column":4},"end":{"line":32,"column":32}},"15":{"start":{"line":35,"column":2},"end":{"line":37,"column":null}},"16":{"start":{"line":36,"column":4},"end":{"line":36,"column":27}},"17":{"start":{"line":39,"column":15},"end":{"line":76,"column":null}},"18":{"start":{"line":39,"column":21},"end":{"line":39,"column":null}},"19":{"start":{"line":40,"column":17},"end":{"line":40,"column":null}},"20":{"start":{"line":40,"column":8},"end":{"line":40,"column":null}},"21":{"start":{"line":41,"column":8},"end":{"line":41,"column":14}},"22":{"start":{"line":42,"column":15},"end":{"line":42,"column":56}},"23":{"start":{"line":42,"column":6},"end":{"line":42,"column":56}},"24":{"start":{"line":43,"column":6},"end":{"line":46,"column":null}},"25":{"start":{"line":44,"column":8},"end":{"line":44,"column":36}},"26":{"start":{"line":45,"column":8},"end":{"line":45,"column":15}},"27":{"start":{"line":51,"column":13},"end":{"line":51,"column":58}},"28":{"start":{"line":51,"column":4},"end":{"line":51,"column":58}},"29":{"start":{"line":52,"column":4},"end":{"line":66,"column":null}},"30":{"start":{"line":53,"column":6},"end":{"line":65,"column":null}},"31":{"start":{"line":54,"column":8},"end":{"line":64,"column":10}},"32":{"start":{"line":56,"column":12},"end":{"line":63,"column":null}},"33":{"start":{"line":70,"column":8},"end":{"line":70,"column":20}},"34":{"start":{"line":71,"column":15},"end":{"line":71,"column":55}},"35":{"start":{"line":71,"column":6},"end":{"line":71,"column":55}},"36":{"start":{"line":72,"column":6},"end":{"line":74,"column":null}},"37":{"start":{"line":73,"column":8},"end":{"line":73,"column":44}},"38":{"start":{"line":78,"column":15},"end":{"line":105,"column":null}},"39":{"start":{"line":79,"column":8},"end":{"line":79,"column":70}},"40":{"start":{"line":79,"column":54},"end":{"line":79,"column":69}},"41":{"start":{"line":80,"column":8},"end":{"line":80,"column":13}},"42":{"start":{"line":81,"column":10},"end":{"line":81,"column":30}},"43":{"start":{"line":82,"column":19},"end":{"line":86,"column":null}},"44":{"start":{"line":82,"column":10},"end":{"line":86,"column":null}},"45":{"start":{"line":87,"column":6},"end":{"line":89,"column":null}},"46":{"start":{"line":88,"column":8},"end":{"line":88,"column":39}},"47":{"start":{"line":90,"column":6},"end":{"line":99,"column":8}},"48":{"start":{"line":100,"column":6},"end":{"line":103,"column":9}},"49":{"start":{"line":107,"column":15},"end":{"line":122,"column":null}},"50":{"start":{"line":108,"column":8},"end":{"line":108,"column":72}},"51":{"start":{"line":108,"column":56},"end":{"line":108,"column":71}},"52":{"start":{"line":109,"column":4},"end":{"line":111,"column":null}},"53":{"start":{"line":110,"column":6},"end":{"line":110,"column":13}},"54":{"start":{"line":112,"column":8},"end":{"line":112,"column":53}},"55":{"start":{"line":113,"column":17},"end":{"line":113,"column":null}},"56":{"start":{"line":113,"column":8},"end":{"line":113,"column":null}},"57":{"start":{"line":114,"column":4},"end":{"line":116,"column":null}},"58":{"start":{"line":115,"column":6},"end":{"line":115,"column":37}},"59":{"start":{"line":117,"column":4},"end":{"line":117,"column":44}},"60":{"start":{"line":118,"column":4},"end":{"line":121,"column":7}},"61":{"start":{"line":124,"column":15},"end":{"line":166,"column":null}},"62":{"start":{"line":125,"column":8},"end":{"line":125,"column":63}},"63":{"start":{"line":125,"column":49},"end":{"line":125,"column":62}},"64":{"start":{"line":126,"column":8},"end":{"line":126,"column":22}},"65":{"start":{"line":127,"column":8},"end":{"line":127,"column":13}},"66":{"start":{"line":128,"column":10},"end":{"line":128,"column":23}},"67":{"start":{"line":129,"column":15},"end":{"line":134,"column":9}},"68":{"start":{"line":129,"column":6},"end":{"line":134,"column":9}},"69":{"start":{"line":135,"column":6},"end":{"line":137,"column":null}},"70":{"start":{"line":136,"column":8},"end":{"line":136,"column":39}},"71":{"start":{"line":138,"column":6},"end":{"line":143,"column":9}},"72":{"start":{"line":144,"column":6},"end":{"line":149,"column":9}},"73":{"start":{"line":151,"column":15},"end":{"line":154,"column":8}},"74":{"start":{"line":151,"column":6},"end":{"line":154,"column":8}},"75":{"start":{"line":155,"column":6},"end":{"line":157,"column":null}},"76":{"start":{"line":156,"column":8},"end":{"line":156,"column":39}},"77":{"start":{"line":158,"column":6},"end":{"line":158,"column":43}},"78":{"start":{"line":159,"column":6},"end":{"line":164,"column":9}},"79":{"start":{"line":167,"column":15},"end":{"line":198,"column":null}},"80":{"start":{"line":168,"column":8},"end":{"line":168,"column":66}},"81":{"start":{"line":168,"column":52},"end":{"line":168,"column":65}},"82":{"start":{"line":169,"column":8},"end":{"line":169,"column":21}},"83":{"start":{"line":170,"column":8},"end":{"line":170,"column":16}},"84":{"start":{"line":171,"column":10},"end":{"line":176,"column":8}},"85":{"start":{"line":177,"column":19},"end":{"line":177,"column":null}},"86":{"start":{"line":177,"column":10},"end":{"line":177,"column":null}},"87":{"start":{"line":178,"column":6},"end":{"line":180,"column":null}},"88":{"start":{"line":179,"column":8},"end":{"line":179,"column":39}},"89":{"start":{"line":181,"column":6},"end":{"line":181,"column":35}},"90":{"start":{"line":182,"column":6},"end":{"line":187,"column":9}},"91":{"start":{"line":189,"column":6},"end":{"line":189,"column":55}},"92":{"start":{"line":190,"column":6},"end":{"line":190,"column":46}},"93":{"start":{"line":191,"column":6},"end":{"line":196,"column":9}},"94":{"start":{"line":199,"column":15},"end":{"line":214,"column":null}},"95":{"start":{"line":200,"column":8},"end":{"line":200,"column":65}},"96":{"start":{"line":200,"column":51},"end":{"line":200,"column":64}},"97":{"start":{"line":201,"column":4},"end":{"line":203,"column":null}},"98":{"start":{"line":202,"column":6},"end":{"line":202,"column":13}},"99":{"start":{"line":204,"column":17},"end":{"line":204,"column":null}},"100":{"start":{"line":204,"column":8},"end":{"line":204,"column":null}},"101":{"start":{"line":205,"column":4},"end":{"line":207,"column":null}},"102":{"start":{"line":206,"column":6},"end":{"line":206,"column":37}},"103":{"start":{"line":208,"column":4},"end":{"line":208,"column":39}},"104":{"start":{"line":209,"column":4},"end":{"line":213,"column":7}},"105":{"start":{"line":215,"column":15},"end":{"line":222,"column":null}},"106":{"start":{"line":216,"column":17},"end":{"line":216,"column":null}},"107":{"start":{"line":216,"column":8},"end":{"line":216,"column":null}},"108":{"start":{"line":217,"column":4},"end":{"line":221,"column":7}},"109":{"start":{"line":223,"column":0},"end":{"line":223,"column":null}},"110":{"start":{"line":8,"column":13},"end":{"line":8,"column":23}}},"fnMap":{"0":{"name":"(anonymous_13)","decl":{"start":{"line":8,"column":0},"end":{"line":8,"column":13}},"loc":{"start":{"line":8,"column":0},"end":{"line":223,"column":null}}},"1":{"name":"Collection","decl":{"start":{"line":16,"column":2},"end":{"line":16,"column":null}},"loc":{"start":{"line":22,"column":16},"end":{"line":29,"column":3}}},"2":{"name":"(anonymous_15)","decl":{"start":{"line":31,"column":2},"end":{"line":31,"column":13}},"loc":{"start":{"line":31,"column":2},"end":{"line":33,"column":3}}},"3":{"name":"(anonymous_16)","decl":{"start":{"line":35,"column":2},"end":{"line":35,"column":13}},"loc":{"start":{"line":35,"column":2},"end":{"line":37,"column":3}}},"4":{"name":"(anonymous_17)","decl":{"start":{"line":39,"column":2},"end":{"line":39,"column":15}},"loc":{"start":{"line":39,"column":50},"end":{"line":76,"column":null}}},"5":{"name":"(anonymous_20)","decl":{"start":{"line":55,"column":10},"end":{"line":55,"column":11}},"loc":{"start":{"line":55,"column":12},"end":{"line":56,"column":16}}},"6":{"name":"(anonymous_21)","decl":{"start":{"line":78,"column":2},"end":{"line":78,"column":15}},"loc":{"start":{"line":78,"column":47},"end":{"line":105,"column":null}}},"7":{"name":"(anonymous_24)","decl":{"start":{"line":79,"column":47},"end":{"line":79,"column":48}},"loc":{"start":{"line":79,"column":49},"end":{"line":79,"column":55}}},"8":{"name":"(anonymous_25)","decl":{"start":{"line":107,"column":2},"end":{"line":107,"column":15}},"loc":{"start":{"line":107,"column":47},"end":{"line":122,"column":null}}},"9":{"name":"(anonymous_28)","decl":{"start":{"line":108,"column":49},"end":{"line":108,"column":50}},"loc":{"start":{"line":108,"column":51},"end":{"line":108,"column":57}}},"10":{"name":"(
[...]
,"D:\\Repos\\Nodejs\\runwaybase.js\\src\\realtime\\INotifier.ts": {"path":"D:\\Repos\\Nodejs\\runwaybase.js\\src\\realtime\\INotifier.ts","statementMap":{"0":{"start":{"line":4,"column":0},"end":{"line":4,"column":null}},"1":{"start":{"line":5,"column":2},"end":{"line":5,"column":null}},"2":{"start":{"line":6,"column":2},"end":{"line":6,"column":null}},"3":{"start":{"line":9,"column":0},"end":{"line":9,"column":null}},"4":{"start":{"line":10,"column":2},"end":{"line":10,"column":null}},"5":{"start":{"line":11,"column":2},"end":{"line":11,"column":null}},"6":{"start":{"line":12,"column":2},"end":{"line":12,"column":null}},"7":{"start":{"line":13,"column":2},"end":{"line":13,"column":null}}},"fnMap":{"0":{"name":"(anonymous_0)","decl":{"start":{"line":4,"column":0},"end":{"line":4,"column":12}},"loc":{"start":{"line":4,"column":25},"end":{"line":7,"column":1}}},"1":{"name":"(anonymous_1)","decl":{"start":{"line":9,"column":0},"end":{"line":9,"column":12}},"loc":{"start":{"line":9,"column":22},"end":{"line":14,"column":1}}}},"branchMap":{"0":{"loc":{"start":{"line":4,"column":12},"end":{"line":4,"column":25}},"type":"binary-expr","locations":[{"start":{"line":4,"column":12},"end":{"line":4,"column":25}},{"start":{"line":4,"column":12},"end":{"line":4,"column":null}}]},"1":{"loc":{"start":{"line":9,"column":12},"end":{"line":9,"column":22}},"type":"binary-expr","locations":[{"start":{"line":9,"column":12},"end":{"line":9,"column":22}},{"start":{"line":9,"column":12},"end":{"line":9,"column":null}}]}},"s":{"0":4,"1":4,"2":4,"3":4,"4":4,"5":4,"6":4,"7":4},"f":{"0":4,"1":4},"b":{"0":[4,4],"1":[4,4]}}
,"D:\\Repos\\Nodejs\\runwaybase.js\\src\\realtime\\QueryModel.ts": {"path":"D:\\Repos\\Nodejs\\runwaybase.js\\src\\realtime\\QueryModel.ts","statementMap":{"0":{"start":{"line":4,"column":0},"end":{"line":4,"column":null}},"1":{"start":{"line":5,"column":4},"end":{"line":5,"column":null}},"2":{"start":{"line":6,"column":4},"end":{"line":6,"column":null}},"3":{"start":{"line":7,"column":4},"end":{"line":7,"column":null}},"4":{"start":{"line":8,"column":4},"end":{"line":8,"column":null}},"5":{"start":{"line":9,"column":4},"end":{"line":9,"column":null}},"6":{"start":{"line":15,"column":0},"end":{"line":15,"column":null}},"7":{"start":{"line":19,"column":4},"end":{"line":19,"column":null}},"8":{"start":{"line":23,"column":4},"end":{"line":23,"column":null}},"9":{"start":{"line":27,"column":4},"end":{"line":27,"column":null}},"10":{"start":{"line":31,"column":4},"end":{"line":31,"column":null}},"11":{"start":{"line":35,"column":4},"end":{"line":35,"column":null}},"12":{"start":{"line":39,"column":4},"end":{"line":39,"column":null}},"13":{"start":{"line":43,"column":4},"end":{"line":43,"column":null}},"14":{"start":{"line":47,"column":4},"end":{"line":47,"column":null}},"15":{"start":{"line":49,"column":0},"end":{"line":49,"column":null}},"16":{"start":{"line":50,"column":4},"end":{"line":50,"column":null}},"17":{"start":{"line":51,"column":4},"end":{"line":51,"column":null}}},"fnMap":{"0":{"name":"(anonymous_0)","decl":{"start":{"line":4,"column":0},"end":{"line":4,"column":12}},"loc":{"start":{"line":4,"column":24},"end":{"line":10,"column":1}}},"1":{"name":"(anonymous_1)","decl":{"start":{"line":15,"column":0},"end":{"line":15,"column":12}},"loc":{"start":{"line":15,"column":25},"end":{"line":48,"column":1}}},"2":{"name":"(anonymous_2)","decl":{"start":{"line":49,"column":0},"end":{"line":49,"column":12}},"loc":{"start":{"line":49,"column":22},"end":{"line":52,"column":1}}}},"branchMap":{"0":{"loc":{"start":{"line":4,"column":12},"end":{"line":4,"column":24}},"type":"binary-expr","locations":[{"start":{"line":4,"column":12},"end":{"line":4,"column":24}},{"start":{"line":4,"column":12},"end":{"line":4,"column":null}}]},"1":{"loc":{"start":{"line":15,"column":12},"end":{"line":15,"column":25}},"type":"binary-expr","locations":[{"start":{"line":15,"column":12},"end":{"line":15,"column":25}},{"start":{"line":15,"column":12},"end":{"line":15,"column":null}}]},"2":{"loc":{"start":{"line":49,"column":12},"end":{"line":49,"column":22}},"type":"binary-expr","locations":[{"start":{"line":49,"column":12},"end":{"line":49,"column":22}},{"start":{"line":49,"column":12},"end":{"line":49,"column":null}}]}},"s":{"0":4,"1":4,"2":4,"3":4,"4":4,"5":4,"6":4,"7":4,"8":4,"9":4,"10":4,"11":4,"12":4,"13":4,"14":4,"15":4,"16":4,"17":4},"f":{"0":4,"1":4,"2":4},"b":{"0":[4,4],"1":[4,4],"2":[4,4]}}
,"D:\\Repos\\Nodejs\\runwaybase.js\\src\\realtime\\RealtimeDatabase.ts": {"path":"D:\\Repos\\Nodejs\\runwaybase.js\\src\\realtime\\RealtimeDatabase.ts","statementMap":{"0":{"start":{"line":1,"column":0},"end":{"line":1,"column":42}},"1":{"start":{"line":4,"column":0},"end":{"line":4,"column":26}},"2":{"start":{"line":5,"column":0},"end":{"line":5,"column":69}},"3":{"start":{"line":6,"column":0},"end":{"line":6,"column":13}},"4":{"start":{"line":9,"column":24},"end":{"line":9,"column":43}},"5":{"start":{"line":9,"column":55},"end":{"line":9,"column":74}},"6":{"start":{"line":10,"column":4},"end":{"line":10,"column":70}},"7":{"start":{"line":11,"column":4},"end":{"line":11,"column":27}},"8":{"start":{"line":14,"column":15},"end":{"line":36,"column":null}},"9":{"start":{"line":15,"column":8},"end":{"line":15,"column":52}},"10":{"start":{"line":16,"column":8},"end":{"line":16,"column":29}},"11":{"start":{"line":18,"column":6},"end":{"line":18,"column":28}},"12":{"start":{"line":19,"column":6},"end":{"line":21,"column":null}},"13":{"start":{"line":22,"column":10},"end":{"line":24,"column":8}},"14":{"start":{"line":23,"column":15},"end":{"line":23,"column":null}},"15":{"start":{"line":25,"column":10},"end":{"line":25,"column":15}},"16":{"start":{"line":26,"column":20},"end":{"line":26,"column":null}},"17":{"start":{"line":26,"column":12},"end":{"line":26,"column":null}},"18":{"start":{"line":27,"column":8},"end":{"line":29,"column":null}},"19":{"start":{"line":28,"column":17},"end":{"line":28,"column":null}},"20":{"start":{"line":31,"column":6},"end":{"line":31,"column":80}},"21":{"start":{"line":31,"column":54},"end":{"line":31,"column":79}},"22":{"start":{"line":32,"column":6},"end":{"line":32,"column":46}},"23":{"start":{"line":17,"column":46},"end":{"line":17,"column":null}},"24":{"start":{"line":17,"column":31},"end":{"line":17,"column":null}},"25":{"start":{"line":17,"column":13},"end":{"line":17,"column":31}},"26":{"start":{"line":34,"column":4},"end":{"line":34,"column":30}},"27":{"start":{"line":35,"column":4},"end":{"line":35,"column":19}},"28":{"start":{"line":38,"column":15},"end":{"line":132,"column":null}},"29":{"start":{"line":39,"column":8},"end":{"line":39,"column":37}},"30":{"start":{"line":41,"column":14},"end":{"line":41,"column":null}},"31":{"start":{"line":41,"column":8},"end":{"line":41,"column":null}},"32":{"start":{"line":42,"column":4},"end":{"line":48,"column":null}},"33":{"start":{"line":43,"column":6},"end":{"line":47,"column":8}},"34":{"start":{"line":49,"column":12},"end":{"line":49,"column":null}},"35":{"start":{"line":50,"column":11},"end":{"line":50,"column":23}},"36":{"start":{"line":78,"column":11},"end":{"line":78,"column":23}},"37":{"start":{"line":93,"column":11},"end":{"line":93,"column":23}},"38":{"start":{"line":108,"column":11},"end":{"line":108,"column":23}},"39":{"start":{"line":124,"column":11},"end":{"line":124,"column":23}},"40":{"start":{"line":55,"column":12},"end":{"line":55,"column":16}},"41":{"start":{"line":56,"column":27},"end":{"line":56,"column":null}},"42":{"start":{"line":56,"column":14},"end":{"line":56,"column":null}},"43":{"start":{"line":57,"column":10},"end":{"line":69,"column":null}},"44":{"start":{"line":58,"column":12},"end":{"line":62,"column":14}},"45":{"start":{"line":64,"column":12},"end":{"line":68,"column":14}},"46":{"start":{"line":71,"column":8},"end":{"line":76,"column":10}},"47":{"start":{"line":79,"column":17},"end":{"line":79,"column":67}},"48":{"start":{"line":79,"column":8},"end":{"line":79,"column":67}},"49":{"start":{"line":80,"column":8},"end":{"line":86,"column":null}},"50":{"start":{"line":81,"column":10},"end":{"line":85,"column":12}},"51":{"start":{"line":87,"column":8},"end":{"line":87,"column":24}},"52":{"start":{"line":88,"column":8},"end":{"line":91,"column":10}},"53":{"start":{"line":94,"column":17},"end":{"line":94,"column":67}},"54":{"start":{"line":94,"column":8},"end":{"line":94,"column":67}},"55":{"start":{"line":95,"column":8},"end":{"line":101,"column":null}},"56":{"start":{"line":96,"column":10},"end":{"line":100,"column":12}},"57":{"start":{"line":102,"column":8},"end":{"line":102,"column":24}},"58":{"start":{"line":103,"column":8},"end":{"line":106,"column":10}},"59":{"start":{"line":109,"column":12},"end":{"line":109,"column":16}},"60":{"start":{"line":110,"column":19},"end":{"line":110,"column":61}},"61":{"start":{"line":110,"column":10},"end":{"line":110,"column":61}},"62":{"start":{"line":111,"column":10},"end":{"line":111,"column":26}},"63":{"start":{"line":112,"column":10},"end":{"line":115,"column":12}},"64":{"start":{"line":117,"column":19},"end":{"line":117,"column":49}},"65":{"start":{"line":117,"column":10},"end":{"line":117,"column":49}},"66":{"start":{"line":118,"column":10},"end":{"line":118,"column":26}},"67":{"start":{"line":119,"column":10},"end":{"line":122,"column":12}},"68":{"start":{"line":125,"column":17},"end":{"line":125,"column":40}},"69":{"start":{"line":125,"column":8},"end":{"line":125,"column":40}},"70":{"start":{"line":127,"column":8},"end":{"line":130,"column":10}},"71":{"start":{"line":133,"column":0},"end":{"line":133,"column":null}},"72":{"start":{"line":6,"column":13},"end":{"line":6,"column":29}}},"fnMap":{"0":{"name":"(anonymous_13)","decl":{"start":{"line":6,"column":0},"end":{"line":6,"column":13}},"loc":{"start":{"line":6,"column":0},"end":{"line":133,"column":null}}},"1":{"name":"RealtimeDatabase","decl":{"start":{"line":9,"column":2},"end":{"line":9,"column":24}},"loc":{"start":{"line":9,"column":74},"end":{"line":12,"column":3}}},"2":{"name":"(anonymous_15)","decl":{"start":{"line":14,"column":2},"end":{"line":14,"column":15}},"loc":{"start":{"line":14,"column":54},"end":{"line":36,"column":null}}},"3":{"name":"(anonymous_20)","decl":{"start":{"line":23,"column":8},"end":{"line":23,"column":9}},"loc":{"start":{"line":23,"column":10},"end":{"line":23,"column":16}}},"4":{"name":"(anonymous_21)","decl":{"start":{"line":31,"column":47},"end":{"line":31,"column":48}},"loc":{"start":{"line":31,"column":49},"end":{"line":31,"column":55}}},"5":{"name":"(anonymous_22)","decl":{"start":{"line":38,"column":2},"end":{"line":38,"column":15}},"loc":{"start":{"line":38,"column":40},"end":{"line":132,"column":null}}}},"branchMap":{"0":{"loc":{"start":{"line":34,"column":4},"end":{"line":34,"column":30}},"type":"switch","locations":[{"start":{"line":34,"column":4},"end":{"line":34,"column":30}}]},"1":{"loc":{"start":{"line":18,"column":6},"end":{"line":18,"column":28}},"type":"switch","locations":[{"start":{"line":18,"column":6},"end":{"line":18,"column":28}}]},"2":{"loc":{"start":{"line":19,"column":6},"end":{"line":21,"column":null}},"type":"if","locations":[{"start":{"line":19,"column":6},"end":{"line":21,"column":null}},{"start":{"line":19,"column":6},"end":{"line":21,"column":null}}]},"3":{"loc":{"start":{"line":25,"column":10},"end":{"line":25,"column":15}},"type":"if","locations":[{"start":{"line":25,"column":10},"end":{"line":25,"column":15}},{"start":{"line":25,"column":10},"end":{"line":25,"column":15}}]},"4":{"loc":{"start":{"line":27,"column":8},"end":{"line":29,"column":null}},"type":"if","locations":[{"start":{"line":27,"column":8},"end":{"line":29,"column":null}},{"start":{"line":27,"column":8},"end":{"line":29,"column":null}}]},"5":{"loc":{"start":{"line":17,"column":31},"end":{"line":17,"column":null}},"type":"if","locations":[{"start":{"line":17,"column":31},"end":{"line":17,"column":null}},{"start":{"line":17,"column":31},"end":{"line":17,"column":null}}]},"6":{"loc":{"start":{"line":71,"column":8},"end":{"line":76,"column":10}},"type":"switch","locations":[{"start":{"line":71,"column":8},"end":{"line":76,"column":10}},{"start":{"line":79,"column":17},"end":{"line":79,"column":67}},{"start":{"line":94,"column":17},"end":{"line":94,"column":67}},{"start":{"line":117,"column":19},"end":{"line":117,"column":49}},{"start":{"line":125,"column":17},"end":{"line":125,"column":40}}]},"7":{"loc":{"start":{"line":39,"column":49},"end":{"line":39,"column":53}},"type":"cond-expr","locations":[{"start":{"line":39,"column":49},"end":{"line":39,"column":53}},{"start":{"line":39,"column":53},"end":{"line":39,"column":55}}]},"8":{"loc":{"start":{"line":39,"column":37},"end":{"line":39,"column":53}},"type":"binary-expr","locations":[{"start":{"line":39,"column":37},"end":{"line":39,"column":53}},{"start":{"line":39,"column":49},"end":{"line":39,"column":53}}]},"9":{"loc":{"start":{"line":42,"column":4},"end":{"line":48,"column":null}},"type":"if","locations":[{"start":{"line":42,"column":4},"end":{"line":48,"column":null}},{"start":{"line":42,"column":4},"end":{"line":48,"column":null}}]},"10":{"loc":{"start":{"line":50,"column":11},"end":{"line":50,"column":23}},"type":"switch","locations":[{"start":{"line":50,"column":11},"end":{"line":50,"column":23}},{"start":{"line":78,"column":11},"end":{"line":78,"column":23}},{"start":{"line":93,"column":11},"end":{"line":93,"column":23}},{"start":{"line":108,"column":11},"end":{"line":108,"column":23}},{"start":{"line":124,"column":11},"end":{"line":124,"column":23}}]},"11":{"loc":{"start":{"line":55,"column":12},"end":{"line":55,"column":16}},"type":"if","locations":[{"start":{"line":55,"column":12},"end":{"line":55,"column":16}},{"start":{"line":55,"column":12},"end":{"line":55,"column":16}}]},"12":{"loc":{"start":{"line":57,"column":10},"end":{"line":69,"column":null}},"type":"if","locations":[{"start":{"line":57,"column":10},"end":{"line":69,"column":null}},{"start":{"line":57,"column":10},"end":{"line":69,"column":null}}]},"13":{"loc":{"start":{"line":79,"column":42},"end":{"line":79,"column":47}},"type":"cond-expr","locations":[{"start":{"line":79,"column":42},"end":{"line":79,"column":47}},{"start":{"line":79,"column":51},"end":{"line":79,"column":52}}]},"14":{"loc":{"start":{"line":79,"column":42},"end":{"line":79,"column":51}},"type":"binary-expr","locations":[{"start":{"line":79,"column":42},"end":{"line":79,"column":51}},{"start":{"line":79,"column":42},"end":{"line":79,"column":51}}]},"15":{"loc":{"start":{"line":79,"column":54},"end":{"line":79,"column":57}},"type":"cond-expr","locations":[{"start":{"line":79,"column":54},"end":{"line":79,"column":57}},{"start":{"line":79,"column":61},"end":{"line":79,"column":65}}]},"16":{"loc":{"start":{"line":79,"column":54},"end":{"line":79,"column":61}},"type":"binary-expr","locations":[{"start":{"line":79,"column":54},"end":{"line":79,"column":61}},{"start":{"line":79,"column":54},"end":{"line":79,"column":61}}]},"17":{"loc":{"start":{"line":80,"column":8},"end":{"line":86,"column":null}},"type":"if","locations":[{"start":{"line":80,"column":8},"end":{"line":86,"column":null}},{"start":{"line":80,"column":8},"end":{"line":86,"column":null}}]},"18":{"loc":{"start":{"line":94,"column":42},"end":{"line":94,"column":47}},"type":"cond-expr","locations":[{"start":{"line":94,"column":42},"end":{"line":94,"column":47}},{"start":{"line":94,"column":51},"end":{"line":94,"column":52}}]},"19":{"loc":{"start":{"line":94,"column":42},"end":{"line":94,"column":51}},"type":"binary-expr","locations":[{"start":{"line":94,"column":42},"end":{"line":94,"column":51}},{"start":{"line":94,"column":42},"end":{"line":94,"column":51}}]},"20":{"loc":{"start":{"line":94,"column":54},"end":{"line":94,"column":57}},"type":"cond-expr","locations":[{"start":{"line":94,"column":54},"end":{"line":94,"column":57}},{"start":{"line":94,"column":61},"end":{"line":94,"column":65}}]},"21":{"loc":{"start":{"line":94,"column":54},"end":{"line":94,"column":61}},"type":"binary-expr","locations":[{"start":{"line":94,"column":54},"end":{"line":94,"column":61}},{"start":{"line":94,"column":54},"end":{"line":94,"column":61}}]},"22":{"loc":{"start":{"line":95,"column":8},"end":{"line":101,"column":null}},"type":"if","locations":[{"start":{"line":95,"column":8},"end":{"line":101,"column":null}},{"start":{"line":95,"column":8},"end":{"line":101,"column":null}}]},"23":{"loc":{"start":{"line":109,"column":12},"end":{"line":109,"column":16}},"type":"if","locations":[{"start":{"line":109,"column":12},"end":{"line":109,"column":16}},{"start":{"line":109,"column":12},"end":{"line":109,"column":16}}]},"24":{"loc":{"start":{"line":110,"column":49},"end":{"line":110,"column":53}},"type":"cond-expr","locations":[{"start":{"line":110,"column":49},"end":{"line":110,"column":53}},{"start":{"line":110,"column":57},"end":{"line":110,"column":59}}]},"25":{"loc":{"start":{"line":110,"column":49},"end":{"line":110,"column":57}},"type":"binary-expr","locations":[{"start":{"line":110,"column":49},"end":{"line":110,"column":57}},{"start":{"line":110,"column":49},"end":{"line":110,"column":57}}]},"26":{"loc":{"start":{"line":113,"column":48},"end":{"line":113,"column":49}},"type":"cond-expr","locations":[{"start":{"line":113,"column":48},"end":{"line":113,"column":49}},{"start":{"line":113,"column":52},"end":{"line":113,"column":53}}]},"27":{"loc":{"start":{"line":120,"column":48},"end":{"line":120,"column":49}},"type":"cond-expr","locations":[{"start":{"line":120,"column":48},"end":{"line":120,"column":49}},{"start":{"line":120,"column":52},"end":{"line":120,"column":53}}]}},"s":{"0":4,"1":4,"2":4,"3":4,"4":11,"5":11,"6":11,"7":11,"8":4,"9":16,"10":16,"11":40,"12":20,"13":18,"14":18,"15":29,"16":7,"17":7,"18":7,"19":0,"20":18,"21":25,"22":18,"23":32,"24":56,"25":40,"26":32,"27":16,"28":4,"29":8,"30":8,"31":8,"32":8,"33":0,"34":8,"35":2,"36":1,"37":2,"38":3,"39":0,"40":4,"41":0,"42":0,"43":0,"44":0,"45":0,"46":2,"47":1,"48":1,"49":1,"50":0,"51":1,"52":1,"53":2,"54":2,"55":2,"56":0,"57":2,"58":2,"59":5,"60":1,"61":1,"62":1,"63":1,"64":2,"65":2,"66":2,"67":2,"68":0,"69":0,"70":0,"71":4,"72":4},"f":{"0":4,"1":11,"2":16,"3":18,"4":25,"5":8},"b":{"0":[16],"1":[20],"2":[2,18],"3":[11,7],"4":[0,7],"5":[16,20],"6":[2,1,2,2,0],"7":[6,2],"8":[8,8],"9":[0,8],"10":[2,1,2,3,0],"11":[2,0],"12":[0,0],"13":[1,0],"14":[1,1],"15":[1,0],"16":[1,1],"17":[0,1],"18":[2,0],"19":[2,2],"20":[2,0],"21":[2,2],"22":[0,2],"23":[2,1],"24":[1,0],"25":[1,1],"26":[0,1],"27":[0,2]}}
,"D:\\Repos\\Nodejs\\runwaybase.js\\src\\realtime\\index.ts": {"path":"D:\\Repos\\Nodejs\\runwaybase.js\\src\\realtime\\index.ts","statementMap":{"0":{"start":{"line":1,"column":0},"end":{"line":1,"column":9}},"1":{"start":{"line":1,"column":9},"end":{"line":1,"column":46}},"2":{"start":{"line":3,"column":0},"end":{"line":3,"column":9}},"3":{"start":{"line":3,"column":9},"end":{"line":3,"column":42}},"4":{"start":{"line":4,"column":0},"end":{"line":4,"column":35}},"5":{"start":{"line":5,"column":0},"end":{"line":5,"column":28}},"6":{"start":{"line":6,"column":0},"end":{"line":6,"column":29}}},"fnMap":{"0":{"name":"(anonymous_4)","decl":{"start":{"line":1,"column":9},"end":{"line":1,"column":21}},"loc":{"start":{"line":1,"column":9},"end":{"line":1,"column":46}}},"1":{"name":"(anonymous_5)","decl":{"start":{"line":3,"column":9},"end":{"line":3,"column":19}},"loc":{"start":{"line":3,"column":9},"end":{"line":3,"column":42}}}},"branchMap":{},"s":{"0":4,"1":4,"2":4,"3":4,"4":4,"5":4,"6":4},"f":{"0":0,"1":0},"b":{}}
}
