{"D:\\Repos\\Nodejs\\runwaybase.js\\src\\client\\Collection.ts": {"path":"D:\\Repos\\Nodejs\\runwaybase.js\\src\\client\\Collection.ts","statementMap":{"0":{"start":{"line":2,"column":0},"end":{"line":2,"column":126}},"1":{"start":{"line":3,"column":0},"end":{"line":3,"column":26}},"2":{"start":{"line":6,"column":0},"end":{"line":6,"column":38}},"3":{"start":{"line":7,"column":0},"end":{"line":7,"column":60}},"4":{"start":{"line":10,"column":0},"end":{"line":10,"column":null}},"5":{"start":{"line":11,"column":4},"end":{"line":11,"column":null}},"6":{"start":{"line":12,"column":4},"end":{"line":12,"column":null}},"7":{"start":{"line":13,"column":4},"end":{"line":13,"column":null}},"8":{"start":{"line":16,"column":0},"end":{"line":16,"column":13}},"9":{"start":{"line":17,"column":26},"end":{"line":17,"column":44}},"10":{"start":{"line":17,"column":56},"end":{"line":17,"column":89}},"11":{"start":{"line":17,"column":101},"end":{"line":17,"column":114}},"12":{"start":{"line":17,"column":126},"end":{"line":17,"column":144}},"13":{"start":{"line":18,"column":4},"end":{"line":20,"column":null}},"14":{"start":{"line":19,"column":8},"end":{"line":19,"column":27}},"15":{"start":{"line":22,"column":12},"end":{"line":42,"column":null}},"16":{"start":{"line":22,"column":17},"end":{"line":22,"column":35}},"17":{"start":{"line":23,"column":22},"end":{"line":23,"column":24}},"18":{"start":{"line":24,"column":21},"end":{"line":24,"column":23}},"19":{"start":{"line":25,"column":8},"end":{"line":34,"column":null}},"20":{"start":{"line":25,"column":21},"end":{"line":25,"column":22}},"21":{"start":{"line":26,"column":12},"end":{"line":26,"column":31}},"22":{"start":{"line":27,"column":12},"end":{"line":29,"column":null}},"23":{"start":{"line":28,"column":16},"end":{"line":28,"column":47}},"24":{"start":{"line":30,"column":12},"end":{"line":32,"column":null}},"25":{"start":{"line":31,"column":16},"end":{"line":31,"column":67}},"26":{"start":{"line":33,"column":12},"end":{"line":33,"column":36}},"27":{"start":{"line":35,"column":8},"end":{"line":37,"column":null}},"28":{"start":{"line":36,"column":12},"end":{"line":36,"column":41}},"29":{"start":{"line":38,"column":8},"end":{"line":40,"column":null}},"30":{"start":{"line":39,"column":12},"end":{"line":39,"column":60}},"31":{"start":{"line":41,"column":8},"end":{"line":41,"column":22}},"32":{"start":{"line":44,"column":11},"end":{"line":56,"column":null}},"33":{"start":{"line":45,"column":17},"end":{"line":47,"column":null}},"34":{"start":{"line":49,"column":8},"end":{"line":51,"column":null}},"35":{"start":{"line":50,"column":12},"end":{"line":50,"column":69}},"36":{"start":{"line":52,"column":8},"end":{"line":55,"column":10}},"37":{"start":{"line":60,"column":11},"end":{"line":65,"column":null}},"38":{"start":{"line":61,"column":8},"end":{"line":63,"column":null}},"39":{"start":{"line":62,"column":12},"end":{"line":62,"column":49}},"40":{"start":{"line":64,"column":8},"end":{"line":64,"column":93}},"41":{"start":{"line":67,"column":11},"end":{"line":101,"column":null}},"42":{"start":{"line":67,"column":4},"end":{"line":67,"column":11}},"43":{"start":{"line":69,"column":51},"end":{"line":69,"column":80}},"44":{"start":{"line":72,"column":8},"end":{"line":79,"column":11}},"45":{"start":{"line":76,"column":12},"end":{"line":76,"column":65}},"46":{"start":{"line":82,"column":8},"end":{"line":99,"column":11}},"47":{"start":{"line":82,"column":40},"end":{"line":99,"column":10}},"48":{"start":{"line":85,"column":12},"end":{"line":87,"column":null}},"49":{"start":{"line":86,"column":16},"end":{"line":86,"column":23}},"50":{"start":{"line":88,"column":12},"end":{"line":90,"column":null}},"51":{"start":{"line":89,"column":16},"end":{"line":89,"column":59}},"52":{"start":{"line":91,"column":16},"end":{"line":91,"column":17}},"53":{"start":{"line":92,"column":26},"end":{"line":95,"column":null}},"54":{"start":{"line":92,"column":20},"end":{"line":95,"column":null}},"55":{"start":{"line":97,"column":16},"end":{"line":97,"column":69}},"56":{"start":{"line":100,"column":8},"end":{"line":100,"column":42}},"57":{"start":{"line":103,"column":11},"end":{"line":140,"column":null}},"58":{"start":{"line":103,"column":4},"end":{"line":103,"column":11}},"59":{"start":{"line":103,"column":22},"end":{"line":103,"column":null}},"60":{"start":{"line":104,"column":25},"end":{"line":104,"column":53}},"61":{"start":{"line":105,"column":8},"end":{"line":138,"column":null}},"62":{"start":{"line":107,"column":16},"end":{"line":114,"column":19}},"63":{"start":{"line":108,"column":20},"end":{"line":110,"column":null}},"64":{"start":{"line":109,"column":24},"end":{"line":109,"column":31}},"65":{"start":{"line":111,"column":20},"end":{"line":113,"column":null}},"66":{"start":{"line":112,"column":24},"end":{"line":112,"column":50}},"67":{"start":{"line":115,"column":16},"end":{"line":115,"column":22}},"68":{"start":{"line":118,"column":16},"end":{"line":125,"column":19}},"69":{"start":{"line":119,"column":20},"end":{"line":121,"column":null}},"70":{"start":{"line":120,"column":24},"end":{"line":120,"column":31}},"71":{"start":{"line":122,"column":20},"end":{"line":124,"column":null}},"72":{"start":{"line":123,"column":24},"end":{"line":123,"column":50}},"73":{"start":{"line":126,"column":16},"end":{"line":126,"column":22}},"74":{"start":{"line":129,"column":16},"end":{"line":136,"column":19}},"75":{"start":{"line":130,"column":20},"end":{"line":132,"column":null}},"76":{"start":{"line":131,"column":24},"end":{"line":131,"column":31}},"77":{"start":{"line":133,"column":20},"end":{"line":135,"column":null}},"78":{"start":{"line":134,"column":24},"end":{"line":134,"column":50}},"79":{"start":{"line":137,"column":16},"end":{"line":137,"column":22}},"80":{"start":{"line":139,"column":8},"end":{"line":139,"column":41}},"81":{"start":{"line":142,"column":17},"end":{"line":160,"column":null}},"82":{"start":{"line":143,"column":8},"end":{"line":143,"column":26}},"83":{"start":{"line":144,"column":21},"end":{"line":155,"column":null}},"84":{"start":{"line":144,"column":12},"end":{"line":155,"column":null}},"85":{"start":{"line":156,"column":8},"end":{"line":158,"column":null}},"86":{"start":{"line":157,"column":12},"end":{"line":157,"column":null}},"87":{"start":{"line":159,"column":8},"end":{"line":159,"column":40}},"88":{"start":{"line":162,"column":0},"end":{"line":162,"column":null}},"89":{"start":{"line":16,"column":13},"end":{"line":16,"column":23}}},"fnMap":{"0":{"name":"(anonymous_16)","decl":{"start":{"line":10,"column":0},"end":{"line":10,"column":12}},"loc":{"start":{"line":10,"column":21},"end":{"line":14,"column":1}}},"1":{"name":"(anonymous_17)","decl":{"start":{"line":16,"column":0},"end":{"line":16,"column":13}},"loc":{"start":{"line":16,"column":0},"end":{"line":162,"column":null}}},"2":{"name":"Collection","decl":{"start":{"line":17,"column":4},"end":{"line":17,"column":26}},"loc":{"start":{"line":17,"column":144},"end":{"line":17,"column":149}}},"3":{"name":"(anonymous_19)","decl":{"start":{"line":18,"column":4},"end":{"line":18,"column":15}},"loc":{"start":{"line":18,"column":4},"end":{"line":20,"column":5}}},"4":{"name":"(anonymous_20)","decl":{"start":{"line":22,"column":4},"end":{"line":22,"column":12}},"loc":{"start":{"line":22,"column":4},"end":{"line":42,"column":5}}},"5":{"name":"(anonymous_21)","decl":{"start":{"line":44,"column":4},"end":{"line":44,"column":11}},"loc":{"start":{"line":44,"column":44},"end":{"line":56,"column":5}}},"6":{"name":"(anonymous_22)","decl":{"start":{"line":60,"column":4},"end":{"line":60,"column":11}},"loc":{"start":{"line":60,"column":27},"end":{"line":65,"column":5}}},"7":{"name":"(anonymous_23)","decl":{"start":{"line":67,"column":4},"end":{"line":67,"column":11}},"loc":{"start":{"line":67,"column":4},"end":{"line":101,"column":5}}},"8":{"name":"(anonymous_24)","decl":{"start":{"line":75,"column":16},"end":{"line":75,"column":17}},"loc":{"start":{"line":75,"column":20},"end":{"line":77,"column":9}}},"9":{"name":"(anonymous_25)","decl":{"start":{"line":77,"column":17},"end":{"line":77,"column":18}},"loc":{"start":{"line":77,"column":21},"end":{"line":79,"column":9}}},"10":{"name":"(anonymous_26)","decl":{"start":{"line":82,"column":32},"end":{"line":82,"column":39}},"loc":{"start":{"line":82,"column":40},"end":{"line":99,"column":10}}},"11":{"name":"(anonymous_27)","decl":{"start":{"line":82,"column":40},"end":{"line":82,"column":null}},"loc":{"start":{"line":82,"column":40},"end":{"line":99,"column":10}}},"12":{"name":"(anonymous_29)","decl":{"start":{"line":103,"column":4},"end":{"line":103,"column":11}},"loc":{"start":{"line":103,"column":56},"end":{"line":140,"column":5}}},"13":{"name":"(anonymous_30)","decl":{"start":{"line":107,"column":40},"end":{"line":107,"column":41}},"loc":{"start":{"line":107,"column":42},"end":{"line":114,"column":17}}},"14":{"name":"(anonymous_31)","decl":{"start":{"line":118,"column":40},"end":{"line":118,"column":41}},"loc":{"start":{"line":118,"column":42},"end":{"line":125,"column":17}}},"15":{"name":"(anonymous_32)","decl":{"start":{"line":129,"column":40},"end":{"line":129,"column":41}},"loc":{"start":{"line":129,"column":42},"end":{"line":136,"column":17}}},"16":{"name":"(anonymous_33)","decl":{"start":{"line":142,"column":4},"end":{"line":142,"column":17}},"loc":{"start":{"line":142,"column":49},"end":{"line":160,"column":null}}}},"branchMap":{"0":{"loc":{"start":{"line":10,"column":12},"end":{"line":10,"column":21}},"type":"binary-expr","locations":[{"start":{"line":10,"column":12},"end":{"line":10,"column":21}},{"start":{"line":10,"column":12},"end":{"line":10,"column":null}}]},"1":{"loc":{"start":{"line":27,"column":12},"end":{"line":29,"column":null}},"type":"if","locations":[{"start":{"line":27,"column":12},"end":{"line":29,"column":null}},{"start":{"line":27,"column":12},"end":{"line":29,"column":null}}]},"2":{"loc":{"start":{"line":30,"column":12},"end":{"line":32,"column":null}},"type":"if","locations":[{"start":{"line":30,"column":12},"end":{"line":32,"column":null}},{"start":{"line":30,"column":12},"end":{"line":32,"column":null}}]},"3":{"loc":{"start":{"line":35,"column":8},"end":{"line":37,"column":null}},"type":"if","locations":[{"start":{"line":35,"column":8},"end":{"line":37,"column":null}},{"start":{"line":35,"column":8},"end":{"line":37,"column":null}}]},"4":{"loc":{"start":{"line":38,"column":8},"end":{"line":40,"column":null}},"type":"if","locations":[{"start":{"line":38,"column":8},"end":{"line":40,"column":null}},{"start":{"line":38,"column":8},"end":{"line":40,"column":null}}]},"5":{"loc":{"start":{"line":49,"column":8},"end":{"line":51,"column":null}},"type":"if","locations":[{"start":{"line":49,"column":8},"end":{"line":51,"column":null}},{"start":{"line":49,"column":8},"end":{"line":51,"column":null}}]},"6":{"loc":{"start":{"line":61,"column":8},"end":{"line":63,"column":null}},"type":"if","locations":[{"start":{"line":61,"column":8},"end":{"line":63,"column":null}},{"start":{"line":61,"column":8},"end":{"line":63,"column":null}}]},"7":{"loc":{"start":{"line":64,"column":70},"end":{"line":64,"column":73}},"type":"cond-expr","locations":[{"start":{"line":64,"column":70},"end":{"line":64,"column":73}},{"start":{"line":64,"column":77},"end":{"line":64,"column":79}}]},"8":{"loc":{"start":{"line":64,"column":70},"end":{"line":64,"column":77}},"type":"binary-expr","locations":[{"start":{"line":64,"column":70},"end":{"line":64,"column":77}},{"start":{"line":64,"column":70},"end":{"line":64,"column":77}}]},"9":{"loc":{"start":{"line":76,"column":57},"end":{"line":76,"column":61}},"type":"cond-expr","locations":[{"start":{"line":76,"column":57},"end":{"line":76,"column":61}},{"start":{"line":76,"column":61},"end":{"line":76,"column":63}}]},"10":{"loc":{"start":{"line":76,"column":29},"end":{"line":76,"column":61}},"type":"binary-expr","locations":[{"start":{"line":76,"column":29},"end":{"line":76,"column":61}},{"start":{"line":76,"column":57},"end":{"line":76,"column":61}}]},"11":{"loc":{"start":{"line":85,"column":12},"end":{"line":87,"column":null}},"type":"if","locations":[{"start":{"line":85,"column":12},"end":{"line":87,"column":null}},{"start":{"line":85,"column":12},"end":{"line":87,"column":null}}]},"12":{"loc":{"start":{"line":88,"column":12},"end":{"line":90,"column":null}},"type":"if","locations":[{"start":{"line":88,"column":12},"end":{"line":90,"column":null}},{"start":{"line":88,"column":12},"end":{"line":90,"column":null}}]},"13":{"loc":{"start":{"line":91,"column":16},"end":{"line":91,"column":17}},"type":"if","locations":[{"start":{"line":91,"column":16},"end":{"line":91,"column":17}},{"start":{"line":91,"column":16},"end":{"line":91,"column":17}}]},"14":{"loc":{"start":{"line":97,"column":61},"end":{"line":97,"column":65}},"type":"cond-expr","locations":[{"start":{"line":97,"column":61},"end":{"line":97,"column":65}},{"start":{"line":97,"column":65},"end":{"line":97,"column":67}}]},"15":{"loc":{"start":{"line":97,"column":33},"end":{"line":97,"column":65}},"type":"binary-expr","locations":[{"start":{"line":97,"column":33},"end":{"line":97,"column":65}},{"start":{"line":97,"column":61},"end":{"line":97,"column":65}}]},"16":{"loc":{"start":{"line":103,"column":22},"end":{"line":103,"column":null}},"type":"if","locations":[{"start":{"line":103,"column":22},"end":{"line":103,"column":null}},{"start":{"line":103,"column":22},"end":{"line":103,"column":null}}]},"17":{"loc":{"start":{"line":106,"column":12},"end":{"line":115,"column":22}},"type":"switch","locations":[{"start":{"line":106,"column":12},"end":{"line":115,"column":22}},{"start":{"line":117,"column":12},"end":{"line":126,"column":22}},{"start":{"line":128,"column":12},"end":{"line":137,"column":22}}]},"18":{"loc":{"start":{"line":108,"column":20},"end":{"line":110,"column":null}},"type":"if","locations":[{"start":{"line":108,"column":20},"end":{"line":110,"column":null}},{"start":{"line":108,"column":20},"end":{"line":110,"column":null}}]},"19":{"loc":{"start":{"line":111,"column":20},"end":{"line":113,"column":null}},"type":"if","locations":[{"start":{"line":111,"column":20},"end":{"line":113,"column":null}},{"start":{"line":111,"column":20},"end":{"line":113,"column":null}}]},"20":{"loc":{"start":{"line":111,"column":24},"end":{"line":111,"column":59}},"type":"binary-expr","locations":[{"start":{"line":111,"column":24},"end":{"line":111,"column":59}},{"start":{"line":111,"column":63},"end":{"line":111,"column":89}},{"start":{"line":111,"column":93},"end":{"line":111,"column":120}}]},"21":{"loc":{"start":{"line":119,"column":20},"end":{"line":121,"column":null}},"type":"if","locations":[{"start":{"line":119,"column":20},"end":{"line":121,"column":null}},{"start":{"line":119,"column":20},"end":{"line":121,"column":null}}]},"22":{"loc":{"start":{"line":122,"column":20},"end":{"line":124,"column":null}},"type":"if","locations":[{"start":{"line":122,"column":20},"end":{"line":124,"column":null}},{"start":{"line":122,"column":20},"end":{"line":124,"column":null}}]},"23":{"loc":{"start":{"line":122,"column":24},"end":{"line":122,"column":59}},"type":"binary-expr","locations":[{"start":{"line":122,"column":24},"end":{"line":122,"column":59}},{"start":{"line":122,"column":63},"end":{"line":122,"column":91}},{"start":{"line":122,"column":95},"end":{"line":122,"column":122}}]},"24":{"loc":{"start":{"line":130,"column":20},"end":{"line":132,"column":null}},"type":"if","locations":[{"start":{"line":130,"column":20},"end":{"line":132,"column":null}},{"start":{"line":130,"column":20},"end":{"line":132,"column":null}}]},"25":{"loc":{"start":{"line":133,"column":20},"end":{"line":135,"column":null}},"type":"if","locations":[{"start":{"line":133,"column":20},"end":{"line":135,"column":null}},{"start":{"line":133,"column":20},"end":{"line":135,"column":null}}]},"26":{"loc":{"start":{"line":133,"column":24},"end":{"line":133,"column":59}},"type":"binary-expr","locations":[{"start":{"line":133,"column":24},"end":{"line":133,"column":59}},{"start":{"line":133,"column":63},"end":{"line":133,"column":91}},{"start":{"line":133,"column":95},"end":{"line":133,"column":122}}]},"27":{"loc":{"start":{"line":156,"column":8},"end":{"line":158,"column":null}},"type":"if","locations":[{"start":{"line":156,"column":8},"end":{"line":158,"column":null}},{"start":{"line":156,"column":8},"end":{"line":158,"column":null}}]}},"s":{"0":1,"1":1,"2":1,"3":1,"4":1,"5":1,"6":1,"7":1,"8":1,"9":31,"10":31,"11":31,"12":31,"13":1,"14":0,"15":1,"16":120,"17":30,"18":30,"19":30,"20":30,"21":60,"22":60,"23":0,"24":60,"25":0,"26":60,"27":30,"28":29,"29":30,"30":30,"31":30,"32":1,"33":30,"34":30,"35":0,"36":30,"37":1,"38":16,"39":0,"40":16,"41":1,"42":9,"43":9,"44":9,"45":0,"46":9,"47":9,"48":9,"49":9,"50":0,"51":0,"52":0,"53":0,"54":0,"55":0,"56":9,"57":1,"58":3,"59":3,"60":3,"61":3,"62":1,"63":1,"64":1,"65":0,"66":0,"67":1,"68":1,"69":1,"70":1,"71":0,"72":0,"73":1,"74":1,"75":1,"76":1,"77":0,"78":0,"79":1,"80":3,"81":1,"82":1,"83":1,"84":0,"85":0,"86":0,"87":0,"88":1,"89":1},"f":{"0":1,"1":1,"2":31,"3":0,"4":30,"5":30,"6":16,"7":9,"8":0,"9":0,"10":9,"11":9,"12":3,"13":1,"14":1,"15":1,"16":1},"b":{"0":[1,1],"1":[0,60],"2":[0,60],"3":[29,1],"4":[30,0],"5":[0,30],"6":[0,16],"7":[14,2],"8":[16,16],"9":[0,0],"10":[0,0],"11":[9,0],"12":[0,0],"13":[0,0],"14":[0,0],"15":[0,0],"16":[0,3],"17":[1,1,1],"18":[1,0],"19":[0,0],"20":[0,0,0],"21":[1,0],"22":[0,0],"23":[0,0,0],"24":[1,0],"25":[0,0],"26":[0,0,0],"27":[0,0]}}
,"D:\\Repos\\Nodejs\\runwaybase.js\\src\\client\\Document.ts": {"path":"D:\\Repos\\Nodejs\\runwaybase.js\\src\\client\\Document.ts","statementMap":{"0":{"start":{"line":1,"column":0},"end":{"line":1,"column":114}},"1":{"start":{"line":3,"column":0},"end":{"line":3,"column":26}},"2":{"start":{"line":4,"column":0},"end":{"line":4,"column":26}},"3":{"start":{"line":5,"column":0},"end":{"line":5,"column":43}},"4":{"start":{"line":6,"column":0},"end":{"line":6,"column":13}},"5":{"start":{"line":7,"column":26},"end":{"line":7,"column":44}},"6":{"start":{"line":7,"column":56},"end":{"line":7,"column":89}},"7":{"start":{"line":7,"column":101},"end":{"line":7,"column":119}},"8":{"start":{"line":7,"column":131},"end":{"line":7,"column":142}},"9":{"start":{"line":7,"column":154},"end":{"line":7,"column":166}},"10":{"start":{"line":10,"column":17},"end":{"line":35,"column":null}},"11":{"start":{"line":12,"column":25},"end":{"line":23,"column":null}},"12":{"start":{"line":12,"column":16},"end":{"line":23,"column":null}},"13":{"start":{"line":24,"column":12},"end":{"line":26,"column":null}},"14":{"start":{"line":25,"column":16},"end":{"line":25,"column":null}},"15":{"start":{"line":27,"column":12},"end":{"line":27,"column":44}},"16":{"start":{"line":29,"column":12},"end":{"line":33,"column":null}},"17":{"start":{"line":37,"column":17},"end":{"line":62,"column":null}},"18":{"start":{"line":39,"column":25},"end":{"line":50,"column":null}},"19":{"start":{"line":39,"column":16},"end":{"line":50,"column":null}},"20":{"start":{"line":51,"column":12},"end":{"line":53,"column":null}},"21":{"start":{"line":52,"column":16},"end":{"line":52,"column":40}},"22":{"start":{"line":54,"column":12},"end":{"line":54,"column":44}},"23":{"start":{"line":56,"column":12},"end":{"line":60,"column":null}},"24":{"start":{"line":64,"column":17},"end":{"line":84,"column":null}},"25":{"start":{"line":66,"column":25},"end":{"line":72,"column":null}},"26":{"start":{"line":66,"column":16},"end":{"line":72,"column":null}},"27":{"start":{"line":73,"column":12},"end":{"line":75,"column":null}},"28":{"start":{"line":74,"column":16},"end":{"line":74,"column":null}},"29":{"start":{"line":76,"column":12},"end":{"line":76,"column":null}},"30":{"start":{"line":78,"column":12},"end":{"line":82,"column":null}},"31":{"start":{"line":86,"column":11},"end":{"line":94,"column":null}},"32":{"start":{"line":86,"column":4},"end":{"line":86,"column":11}},"33":{"start":{"line":87,"column":25},"end":{"line":87,"column":53}},"34":{"start":{"line":88,"column":8},"end":{"line":92,"column":null}},"35":{"start":{"line":89,"column":12},"end":{"line":91,"column":null}},"36":{"start":{"line":90,"column":16},"end":{"line":90,"column":42}},"37":{"start":{"line":93,"column":8},"end":{"line":93,"column":41}},"38":{"start":{"line":96,"column":0},"end":{"line":96,"column":null}},"39":{"start":{"line":6,"column":13},"end":{"line":6,"column":21}}},"fnMap":{"0":{"name":"(anonymous_16)","decl":{"start":{"line":6,"column":0},"end":{"line":6,"column":13}},"loc":{"start":{"line":6,"column":0},"end":{"line":96,"column":null}}},"1":{"name":"Document","decl":{"start":{"line":7,"column":4},"end":{"line":7,"column":26}},"loc":{"start":{"line":7,"column":166},"end":{"line":7,"column":171}}},"2":{"name":"(anonymous_18)","decl":{"start":{"line":10,"column":4},"end":{"line":10,"column":17}},"loc":{"start":{"line":10,"column":33},"end":{"line":35,"column":null}}},"3":{"name":"(anonymous_21)","decl":{"start":{"line":37,"column":4},"end":{"line":37,"column":17}},"loc":{"start":{"line":37,"column":33},"end":{"line":62,"column":null}}},"4":{"name":"(anonymous_24)","decl":{"start":{"line":64,"column":4},"end":{"line":64,"column":17}},"loc":{"start":{"line":64,"column":4},"end":{"line":84,"column":null}}},"5":{"name":"(anonymous_27)","decl":{"start":{"line":86,"column":4},"end":{"line":86,"column":11}},"loc":{"start":{"line":86,"column":4},"end":{"line":94,"column":5}}},"6":{"name":"(anonymous_28)","decl":{"start":{"line":88,"column":32},"end":{"line":88,"column":33}},"loc":{"start":{"line":88,"column":34},"end":{"line":92,"column":9}}}},"branchMap":{"0":{"loc":{"start":{"line":16,"column":43},"end":{"line":16,"column":47}},"type":"cond-expr","locations":[{"start":{"line":16,"column":43},"end":{"line":16,"column":47}},{"start":{"line":16,"column":50},"end":{"line":16,"column":58}}]},"1":{"loc":{"start":{"line":24,"column":12},"end":{"line":26,"column":null}},"type":"if","locations":[{"start":{"line":24,"column":12},"end":{"line":26,"column":null}},{"start":{"line":24,"column":12},"end":{"line":26,"column":null}}]},"2":{"loc":{"start":{"line":51,"column":12},"end":{"line":53,"column":null}},"type":"if","locations":[{"start":{"line":51,"column":12},"end":{"line":53,"column":null}},{"start":{"line":51,"column":12},"end":{"line":53,"column":null}}]},"3":{"loc":{"start":{"line":73,"column":12},"end":{"line":75,"column":null}},"type":"if","locations":[{"start":{"line":73,"column":12},"end":{"line":75,"column":null}},{"start":{"line":73,"column":12},"end":{"line":75,"column":null}}]},"4":{"loc":{"start":{"line":89,"column":12},"end":{"line":91,"column":null}},"type":"if","locations":[{"start":{"line":89,"column":12},"end":{"line":91,"column":null}},{"start":{"line":89,"column":12},"end":{"line":91,"column":null}}]},"5":{"loc":{"start":{"line":89,"column":16},"end":{"line":89,"column":51}},"type":"binary-expr","locations":[{"start":{"line":89,"column":16},"end":{"line":89,"column":51}},{"start":{"line":89,"column":55},"end":{"line":89,"column":79}},{"start":{"line":89,"column":83},"end":{"line":89,"column":109}}]}},"s":{"0":1,"1":1,"2":1,"3":1,"4":1,"5":16,"6":16,"7":16,"8":16,"9":16,"10":1,"11":11,"12":0,"13":0,"14":0,"15":0,"16":0,"17":1,"18":4,"19":0,"20":0,"21":0,"22":0,"23":0,"24":1,"25":1,"26":0,"27":0,"28":0,"29":0,"30":0,"31":1,"32":0,"33":0,"34":0,"35":0,"36":0,"37":0,"38":1,"39":1},"f":{"0":1,"1":16,"2":11,"3":4,"4":1,"5":0,"6":0},"b":{"0":[1,10],"1":[0,0],"2":[0,0],"3":[0,0],"4":[0,0],"5":[0,0,0]}}
,"D:\\Repos\\Nodejs\\runwaybase.js\\src\\client\\RealtimeDatabase.ts": {"path":"D:\\Repos\\Nodejs\\runwaybase.js\\src\\client\\RealtimeDatabase.ts","statementMap":{"0":{"start":{"line":1,"column":0},"end":{"line":1,"column":48}},"1":{"start":{"line":3,"column":0},"end":{"line":3,"column":86}},"2":{"start":{"line":5,"column":0},"end":{"line":5,"column":42}},"3":{"start":{"line":7,"column":0},"end":{"line":7,"column":13}},"4":{"start":{"line":12,"column":26},"end":{"line":12,"column":43}},"5":{"start":{"line":12,"column":55},"end":{"line":12,"column":69}},"6":{"start":{"line":9,"column":14},"end":{"line":9,"column":98}},"7":{"start":{"line":10,"column":14},"end":{"line":10,"column":132}},"8":{"start":{"line":14,"column":11},"end":{"line":19,"column":null}},"9":{"start":{"line":14,"column":4},"end":{"line":14,"column":11}},"10":{"start":{"line":15,"column":8},"end":{"line":18,"column":11}},"11":{"start":{"line":16,"column":40},"end":{"line":16,"column":58}},"12":{"start":{"line":17,"column":12},"end":{"line":17,"column":37}},"13":{"start":{"line":21,"column":4},"end":{"line":23,"column":null}},"14":{"start":{"line":22,"column":8},"end":{"line":22,"column":26}},"15":{"start":{"line":26,"column":0},"end":{"line":26,"column":null}},"16":{"start":{"line":7,"column":13},"end":{"line":7,"column":29}}},"fnMap":{"0":{"name":"(anonymous_0)","decl":{"start":{"line":7,"column":0},"end":{"line":7,"column":13}},"loc":{"start":{"line":7,"column":0},"end":{"line":26,"column":null}}},"1":{"name":"RealtimeDatabase","decl":{"start":{"line":12,"column":4},"end":{"line":12,"column":26}},"loc":{"start":{"line":12,"column":69},"end":{"line":12,"column":74}}},"2":{"name":"(anonymous_2)","decl":{"start":{"line":14,"column":4},"end":{"line":14,"column":11}},"loc":{"start":{"line":14,"column":4},"end":{"line":19,"column":5}}},"3":{"name":"(anonymous_3)","decl":{"start":{"line":15,"column":44},"end":{"line":15,"column":45}},"loc":{"start":{"line":15,"column":51},"end":{"line":18,"column":9}}},"4":{"name":"(anonymous_4)","decl":{"start":{"line":21,"column":4},"end":{"line":21,"column":15}},"loc":{"start":{"line":21,"column":4},"end":{"line":23,"column":5}}}},"branchMap":{},"s":{"0":1,"1":1,"2":1,"3":1,"4":1,"5":1,"6":1,"7":1,"8":1,"9":1,"10":1,"11":0,"12":0,"13":1,"14":29,"15":1,"16":1},"f":{"0":1,"1":1,"2":1,"3":0,"4":29},"b":{}}
,"D:\\Repos\\Nodejs\\runwaybase.js\\src\\client\\Runwaybase.ts": {"path":"D:\\Repos\\Nodejs\\runwaybase.js\\src\\client\\Runwaybase.ts","statementMap":{"0":{"start":{"line":3,"column":0},"end":{"line":3,"column":46}},"1":{"start":{"line":5,"column":0},"end":{"line":5,"column":54}},"2":{"start":{"line":7,"column":0},"end":{"line":7,"column":13}},"3":{"start":{"line":16,"column":11},"end":{"line":23,"column":null}},"4":{"start":{"line":17,"column":8},"end":{"line":17,"column":30}},"5":{"start":{"line":18,"column":21},"end":{"line":18,"column":48}},"6":{"start":{"line":20,"column":8},"end":{"line":20,"column":56}},"7":{"start":{"line":21,"column":8},"end":{"line":21,"column":24}},"8":{"start":{"line":22,"column":8},"end":{"line":22,"column":29}},"9":{"start":{"line":25,"column":4},"end":{"line":27,"column":null}},"10":{"start":{"line":26,"column":8},"end":{"line":26,"column":24}},"11":{"start":{"line":29,"column":11},"end":{"line":31,"column":null}},"12":{"start":{"line":30,"column":8},"end":{"line":30,"column":29}},"13":{"start":{"line":33,"column":0},"end":{"line":33,"column":null}},"14":{"start":{"line":7,"column":13},"end":{"line":7,"column":23}}},"fnMap":{"0":{"name":"(anonymous_0)","decl":{"start":{"line":7,"column":0},"end":{"line":7,"column":13}},"loc":{"start":{"line":7,"column":0},"end":{"line":33,"column":null}}},"1":{"name":"Runwaybase","decl":{"start":{"line":14,"column":4},"end":{"line":14,"column":20}},"loc":{"start":{"line":14,"column":4},"end":{"line":14,"column":21}}},"2":{"name":"(anonymous_2)","decl":{"start":{"line":16,"column":4},"end":{"line":16,"column":11}},"loc":{"start":{"line":16,"column":39},"end":{"line":23,"column":5}}},"3":{"name":"(anonymous_3)","decl":{"start":{"line":25,"column":4},"end":{"line":25,"column":15}},"loc":{"start":{"line":25,"column":4},"end":{"line":27,"column":5}}},"4":{"name":"(anonymous_4)","decl":{"start":{"line":29,"column":4},"end":{"line":29,"column":11}},"loc":{"start":{"line":29,"column":4},"end":{"line":31,"column":5}}}},"branchMap":{"0":{"loc":{"start":{"line":30,"column":19},"end":{"line":30,"column":21}},"type":"cond-expr","locations":[{"start":{"line":30,"column":19},"end":{"line":30,"column":21}},{"start":{"line":30,"column":19},"end":{"line":30,"column":28}}]},"1":{"loc":{"start":{"line":30,"column":8},"end":{"line":30,"column":21}},"type":"binary-expr","locations":[{"start":{"line":30,"column":8},"end":{"line":30,"column":21}},{"start":{"line":30,"column":19},"end":{"line":30,"column":21}}]}},"s":{"0":1,"1":1,"2":1,"3":1,"4":1,"5":1,"6":1,"7":1,"8":1,"9":1,"10":29,"11":1,"12":1,"13":1,"14":1},"f":{"0":1,"1":1,"2":1,"3":29,"4":1},"b":{"0":[0,1],"1":[1,1]}}
,"D:\\Repos\\Nodejs\\runwaybase.js\\src\\client\\index.ts": {"path":"D:\\Repos\\Nodejs\\runwaybase.js\\src\\client\\index.ts","statementMap":{"0":{"start":{"line":2,"column":0},"end":{"line":2,"column":9}},"1":{"start":{"line":2,"column":9},"end":{"line":2,"column":42}},"2":{"start":{"line":3,"column":0},"end":{"line":3,"column":9}},"3":{"start":{"line":3,"column":9},"end":{"line":3,"column":54}},"4":{"start":{"line":4,"column":0},"end":{"line":4,"column":9}},"5":{"start":{"line":4,"column":9},"end":{"line":4,"column":42}},"6":{"start":{"line":5,"column":0},"end":{"line":5,"column":9}},"7":{"start":{"line":5,"column":9},"end":{"line":5,"column":38}}},"fnMap":{"0":{"name":"(anonymous_0)","decl":{"start":{"line":2,"column":9},"end":{"line":2,"column":19}},"loc":{"start":{"line":2,"column":9},"end":{"line":2,"column":42}}},"1":{"name":"(anonymous_1)","decl":{"start":{"line":3,"column":9},"end":{"line":3,"column":25}},"loc":{"start":{"line":3,"column":9},"end":{"line":3,"column":54}}},"2":{"name":"(anonymous_2)","decl":{"start":{"line":4,"column":9},"end":{"line":4,"column":19}},"loc":{"start":{"line":4,"column":9},"end":{"line":4,"column":42}}},"3":{"name":"(anonymous_3)","decl":{"start":{"line":5,"column":9},"end":{"line":5,"column":17}},"loc":{"start":{"line":5,"column":9},"end":{"line":5,"column":38}}}},"branchMap":{},"s":{"0":1,"1":2,"2":1,"3":1,"4":1,"5":1,"6":1,"7":1},"f":{"0":1,"1":0,"2":0,"3":0},"b":{}}
,"D:\\Repos\\Nodejs\\runwaybase.js\\src\\core\\Runwaybase.ts": {"path":"D:\\Repos\\Nodejs\\runwaybase.js\\src\\core\\Runwaybase.ts","statementMap":{"0":{"start":{"line":4,"column":0},"end":{"line":4,"column":64}},"1":{"start":{"line":6,"column":0},"end":{"line":6,"column":56}},"2":{"start":{"line":10,"column":0},"end":{"line":10,"column":13}},"3":{"start":{"line":22,"column":4},"end":{"line":27,"column":null}},"4":{"start":{"line":23,"column":8},"end":{"line":25,"column":null}},"5":{"start":{"line":24,"column":12},"end":{"line":24,"column":43}},"6":{"start":{"line":26,"column":8},"end":{"line":26,"column":27}},"7":{"start":{"line":29,"column":4},"end":{"line":31,"column":null}},"8":{"start":{"line":30,"column":8},"end":{"line":30,"column":32}},"9":{"start":{"line":33,"column":17},"end":{"line":63,"column":null}},"10":{"start":{"line":35,"column":8},"end":{"line":35,"column":31}},"11":{"start":{"line":37,"column":8},"end":{"line":37,"column":44}},"12":{"start":{"line":39,"column":8},"end":{"line":39,"column":22}},"13":{"start":{"line":40,"column":8},"end":{"line":40,"column":38}},"14":{"start":{"line":42,"column":8},"end":{"line":42,"column":72}},"15":{"start":{"line":47,"column":8},"end":{"line":51,"column":11}},"16":{"start":{"line":47,"column":69},"end":{"line":51,"column":10}},"17":{"start":{"line":48,"column":16},"end":{"line":48,"column":45}},"18":{"start":{"line":49,"column":25},"end":{"line":49,"column":null}},"19":{"start":{"line":49,"column":16},"end":{"line":49,"column":null}},"20":{"start":{"line":50,"column":12},"end":{"line":50,"column":29}},"21":{"start":{"line":56,"column":8},"end":{"line":61,"column":11}},"22":{"start":{"line":57,"column":12},"end":{"line":60,"column":27}},"23":{"start":{"line":58,"column":16},"end":{"line":58,"column":38}},"24":{"start":{"line":59,"column":16},"end":{"line":59,"column":75}},"25":{"start":{"line":65,"column":0},"end":{"line":65,"column":null}},"26":{"start":{"line":10,"column":13},"end":{"line":10,"column":23}}},"fnMap":{"0":{"name":"(anonymous_13)","decl":{"start":{"line":10,"column":0},"end":{"line":10,"column":13}},"loc":{"start":{"line":10,"column":0},"end":{"line":65,"column":null}}},"1":{"name":"Runwaybase","decl":{"start":{"line":20,"column":4},"end":{"line":20,"column":28}},"loc":{"start":{"line":20,"column":4},"end":{"line":20,"column":29}}},"2":{"name":"(anonymous_15)","decl":{"start":{"line":22,"column":4},"end":{"line":22,"column":22}},"loc":{"start":{"line":22,"column":4},"end":{"line":27,"column":5}}},"3":{"name":"(anonymous_16)","decl":{"start":{"line":29,"column":4},"end":{"line":29,"column":15}},"loc":{"start":{"line":29,"column":4},"end":{"line":31,"column":5}}},"4":{"name":"(anonymous_17)","decl":{"start":{"line":33,"column":4},"end":{"line":33,"column":17}},"loc":{"start":{"line":33,"column":84},"end":{"line":63,"column":null}}},"5":{"name":"(anonymous_20)","decl":{"start":{"line":47,"column":54},"end":{"line":47,"column":61}},"loc":{"start":{"line":47,"column":69},"end":{"line":51,"column":10}}},"6":{"name":"(anonymous_21)","decl":{"start":{"line":47,"column":69},"end":{"line":47,"column":null}},"loc":{"start":{"line":47,"column":69},"end":{"line":51,"column":10}}},"7":{"name":"(anonymous_23)","decl":{"start":{"line":56,"column":34},"end":{"line":56,"column":35}},"loc":{"start":{"line":56,"column":49},"end":{"line":61,"column":9}}},"8":{"name":"(anonymous_24)","decl":{"start":{"line":57,"column":49},"end":{"line":57,"column":50}},"loc":{"start":{"line":57,"column":74},"end":{"line":60,"column":13}}}},"branchMap":{"0":{"loc":{"start":{"line":23,"column":8},"end":{"line":25,"column":null}},"type":"if","locations":[{"start":{"line":23,"column":8},"end":{"line":25,"column":null}},{"start":{"line":23,"column":8},"end":{"line":25,"column":null}}]},"1":{"loc":{"start":{"line":35,"column":8},"end":{"line":35,"column":31}},"type":"switch","locations":[{"start":{"line":35,"column":8},"end":{"line":35,"column":31}}]}},"s":{"0":1,"1":1,"2":1,"3":1,"4":1,"5":1,"6":1,"7":1,"8":0,"9":1,"10":2,"11":1,"12":1,"13":1,"14":1,"15":1,"16":0,"17":0,"18":0,"19":0,"20":0,"21":1,"22":0,"23":0,"24":0,"25":1,"26":1},"f":{"0":1,"1":1,"2":1,"3":0,"4":1,"5":0,"6":0,"7":0,"8":0},"b":{"0":[1,0],"1":[1]}}
,"D:\\Repos\\Nodejs\\runwaybase.js\\src\\core\\index.ts": {"path":"D:\\Repos\\Nodejs\\runwaybase.js\\src\\core\\index.ts","statementMap":{"0":{"start":{"line":1,"column":0},"end":{"line":1,"column":9}},"1":{"start":{"line":1,"column":9},"end":{"line":1,"column":42}}},"fnMap":{"0":{"name":"(anonymous_0)","decl":{"start":{"line":1,"column":9},"end":{"line":1,"column":19}},"loc":{"start":{"line":1,"column":9},"end":{"line":1,"column":42}}}},"branchMap":{},"s":{"0":1,"1":2},"f":{"0":1},"b":{}}
,"D:\\Repos\\Nodejs\\runwaybase.js\\src\\drivers\\Mem\\MemoryDataDriver.ts": {"path":"D:\\Repos\\Nodejs\\runwaybase.js\\src\\drivers\\Mem\\MemoryDataDriver.ts","statementMap":{"0":{"start":{"line":7,"column":0},"end":{"line":7,"column":13}},"1":{"start":{"line":10,"column":14},"end":{"line":10,"column":50}},"2":{"start":{"line":11,"column":14},"end":{"line":11,"column":46}},"3":{"start":{"line":13,"column":4},"end":{"line":15,"column":null}},"4":{"start":{"line":14,"column":8},"end":{"line":14,"column":33}},"5":{"start":{"line":17,"column":4},"end":{"line":19,"column":null}},"6":{"start":{"line":18,"column":8},"end":{"line":18,"column":31}},"7":{"start":{"line":21,"column":4},"end":{"line":25,"column":null}},"8":{"start":{"line":22,"column":8},"end":{"line":22,"column":31}},"9":{"start":{"line":23,"column":8},"end":{"line":23,"column":29}},"10":{"start":{"line":24,"column":8},"end":{"line":24,"column":33}},"11":{"start":{"line":27,"column":4},"end":{"line":41,"column":null}},"12":{"start":{"line":28,"column":25},"end":{"line":28,"column":71}},"13":{"start":{"line":28,"column":60},"end":{"line":28,"column":71}},"14":{"start":{"line":29,"column":8},"end":{"line":35,"column":null}},"15":{"start":{"line":30,"column":12},"end":{"line":34,"column":15}},"16":{"start":{"line":36,"column":8},"end":{"line":40,"column":11}},"17":{"start":{"line":43,"column":10},"end":{"line":58,"column":null}},"18":{"start":{"line":44,"column":12},"end":{"line":44,"column":119}},"19":{"start":{"line":44,"column":55},"end":{"line":44,"column":118}},"20":{"start":{"line":45,"column":8},"end":{"line":51,"column":null}},"21":{"start":{"line":46,"column":12},"end":{"line":50,"column":14}},"22":{"start":{"line":52,"column":8},"end":{"line":52,"column":43}},"23":{"start":{"line":53,"column":8},"end":{"line":57,"column":10}},"24":{"start":{"line":59,"column":4},"end":{"line":89,"column":null}},"25":{"start":{"line":60,"column":27},"end":{"line":60,"column":31}},"26":{"start":{"line":61,"column":27},"end":{"line":61,"column":28}},"27":{"start":{"line":63,"column":35},"end":{"line":63,"column":53}},"28":{"start":{"line":64,"column":32},"end":{"line":64,"column":92}},"29":{"start":{"line":64,"column":67},"end":{"line":64,"column":92}},"30":{"start":{"line":65,"column":12},"end":{"line":67,"column":null}},"31":{"start":{"line":68,"column":26},"end":{"line":68,"column":58}},"32":{"start":{"line":70,"column":12},"end":{"line":70,"column":109}},"33":{"start":{"line":70,"column":65},"end":{"line":70,"column":90}},"34":{"start":{"line":70,"column":102},"end":{"line":70,"column":107}},"35":{"start":{"line":72,"column":32},"end":{"line":72,"column":104}},"36":{"start":{"line":72,"column":62},"end":{"line":72,"column":87}},"37":{"start":{"line":72,"column":99},"end":{"line":72,"column":104}},"38":{"start":{"line":74,"column":35},"end":{"line":74,"column":82}},"39":{"start":{"line":74,"column":68},"end":{"line":74,"column":82}},"40":{"start":{"line":75,"column":16},"end":{"line":77,"column":null}},"41":{"start":{"line":78,"column":16},"end":{"line":78,"column":56}},"42":{"start":{"line":79,"column":16},"end":{"line":79,"column":31}},"43":{"start":{"line":73,"column":12},"end":{"line":80,"column":null}},"44":{"start":{"line":73,"column":30},"end":{"line":73,"column":43}},"45":{"start":{"line":73,"column":26},"end":{"line":73,"column":30}},"46":{"start":{"line":73,"column":21},"end":{"line":73,"column":30}},"47":{"start":{"line":82,"column":12},"end":{"line":82,"column":55}},"48":{"start":{"line":83,"column":12},"end":{"line":83,"column":27}},"49":{"start":{"line":62,"column":8},"end":{"line":84,"column":null}},"50":{"start":{"line":85,"column":8},"end":{"line":88,"column":11}},"51":{"start":{"line":90,"column":4},"end":{"line":104,"column":null}},"52":{"start":{"line":91,"column":25},"end":{"line":91,"column":69}},"53":{"start":{"line":91,"column":58},"end":{"line":91,"column":69}},"54":{"start":{"line":92,"column":8},"end":{"line":98,"column":null}},"55":{"start":{"line":93,"column":12},"end":{"line":97,"column":15}},"56":{"start":{"line":99,"column":8},"end":{"line":103,"column":11}},"57":{"start":{"line":105,"column":4},"end":{"line":119,"column":null}},"58":{"start":{"line":106,"column":20},"end":{"line":106,"column":100}},"59":{"start":{"line":106,"column":53},"end":{"line":106,"column":100}},"60":{"start":{"line":107,"column":8},"end":{"line":113,"column":null}},"61":{"start":{"line":108,"column":12},"end":{"line":112,"column":15}},"62":{"start":{"line":114,"column":8},"end":{"line":114,"column":34}},"63":{"start":{"line":115,"column":8},"end":{"line":118,"column":11}},"64":{"start":{"line":120,"column":4},"end":{"line":134,"column":null}},"65":{"start":{"line":121,"column":20},"end":{"line":121,"column":64}},"66":{"start":{"line":121,"column":53},"end":{"line":121,"column":64}},"67":{"start":{"line":122,"column":8},"end":{"line":128,"column":null}},"68":{"start":{"line":123,"column":12},"end":{"line":127,"column":15}},"69":{"start":{"line":129,"column":8},"end":{"line":129,"column":44}},"70":{"start":{"line":130,"column":8},"end":{"line":133,"column":11}},"71":{"start":{"line":135,"column":4},"end":{"line":149,"column":null}},"72":{"start":{"line":136,"column":24},"end":{"line":136,"column":68}},"73":{"start":{"line":136,"column":57},"end":{"line":136,"column":68}},"74":{"start":{"line":137,"column":8},"end":{"line":143,"column":null}},"75":{"start":{"line":138,"column":12},"end":{"line":142,"column":15}},"76":{"start":{"line":144,"column":8},"end":{"line":144,"column":45}},"77":{"start":{"line":145,"column":8},"end":{"line":148,"column":null}},"78":{"start":{"line":151,"column":4},"end":{"line":158,"column":null}},"79":{"start":{"line":152,"column":19},"end":{"line":152,"column":72}},"80":{"start":{"line":152,"column":49},"end":{"line":152,"column":72}},"81":{"start":{"line":153,"column":8},"end":{"line":157,"column":11}},"82":{"start":{"line":160,"column":4},"end":{"line":167,"column":null}},"83":{"start":{"line":161,"column":29},"end":{"line":161,"column":84}},"84":{"start":{"line":161,"column":61},"end":{"line":161,"column":84}},"85":{"start":{"line":162,"column":8},"end":{"line":166,"column":11}},"86":{"start":{"line":169,"column":0},"end":{"line":169,"column":null}},"87":{"start":{"line":7,"column":13},"end":{"line":7,"column":29}}},"fnMap":{"0":{"name":"(anonymous_13)","decl":{"start":{"line":7,"column":0},"end":{"line":7,"column":13}},"loc":{"start":{"line":7,"column":0},"end":{"line":169,"column":null}}},"1":{"name":"(anonymous_15)","decl":{"start":{"line":13,"column":4},"end":{"line":13,"column":15}},"loc":{"start":{"line":13,"column":4},"end":{"line":15,"column":5}}},"2":{"name":"(anonymous_16)","decl":{"start":{"line":17,"column":4},"end":{"line":17,"column":15}},"loc":{"start":{"line":17,"column":4},"end":{"line":19,"column":5}}},"3":{"name":"(anonymous_17)","decl":{"start":{"line":21,"column":4},"end":{"line":21,"column":11}},"loc":{"start":{"line":21,"column":4},"end":{"line":25,"column":5}}},"4":{"name":"(anonymous_18)","decl":{"start":{"line":27,"column":4},"end":{"line":27,"column":17}},"loc":{"start":{"line":27,"column":28},"end":{"line":41,"column":5}}},"5":{"name":"(anonymous_19)","decl":{"start":{"line":28,"column":53},"end":{"line":28,"column":54}},"loc":{"start":{"line":28,"column":55},"end":{"line":28,"column":61}}},"6":{"name":"(anonymous_20)","decl":{"start":{"line":43,"column":4},"end":{"line":43,"column":10}},"loc":{"start":{"line":43,"column":53},"end":{"line":58,"column":null}}},"7":{"name":"(anonymous_23)","decl":{"start":{"line":44,"column":48},"end":{"line":44,"column":49}},"loc":{"start":{"line":44,"column":50},"end":{"line":44,"column":56}}},"8":{"name":"(anonymous_24)","decl":{"start":{"line":59,"column":4},"end":{"line":59,"column":20}},"loc":{"start":{"line":59,"column":31},"end":{"line":89,"column":5}}},"9":{"name":"(anonymous_26)","decl":{"start":{"line":64,"column":60},"end":{"line":64,"column":61}},"loc":{"start":{"line":64,"column":62},"end":{"line":64,"column":68}}},"10":{"name":"(anonymous_27)","decl":{"start":{"line":70,"column":58},"end":{"line":70,"column":59}},"loc":{"start":{"line":70,"column":60},"end":{"line":70,"column":66}}},"11":{"name":"(anonymous_28)","decl":{"start":{"line":70,"column":95},"end":{"line":70,"column":96}},"loc":{"start":{"line":70,"column":97},"end":{"line":70,"column":103}}},"12":{"name":"(anonymous_29)","decl":{"start":{"line":72,"column":55},"end":{"line":72,"column":56}},"loc":{"start":{"line":72,"column":57},"end":{"line":72,"column":63}}},"13":{"name":"(anonymous_30)","decl":{"start":{"line":72,"column":92},"end":{"line":72,"column":93}},"loc":{"start":{"line":72,"column":94},"end":{"line":72,"column":100}}},"14":{"name":"(anonymous_32)","decl":{"start":{"line":74,"column":61},"end":{"line":74,"column":62}},"loc":{"start":{"line":74,"column":63},"end":{"line":74,"column":69}}},"15":{"name":"(anonymous_33)","decl":{"start":{"line":90,"column":4},"end":{"line":90,"column":15}},"loc":{"start":{"line":90,"column":26},"end":{"line":104,"column":5}}},"16":{"name":"(anonymous_34)","decl":{"start":{"line":91,"column":51},"end":{"line":91,"column":52}},"loc":{"start":{"line":91,"column":53},"end":{"line":91,"column":59}}},"17":{"name":"(anonymous_35)","decl":{"start":{"line":105,"column":4},"end":{"line":105,"column":18}},"loc":{"start":{"line":105,"column":36},"end":{"line":119,"column":5}}},"18":{"name":"(anonymous_36)","decl":{"start":{"line":106,"column":46},"end":{"line":106,"column":47}},"loc":{"start":{"line":106,"column":48},"end":{"line":106,"column":54}}},"19":{"name":"(anonymous_37)","decl":{"start":{"line":120,"column":4},"end":{"line":120,"column":18}},"loc":{"start":{"line":120,"column":40},"end":{"line":134,"column":5}}},"20":{"name":"(anonymous_38)","decl":{"start":{"line":121,"column":46},"end":{"line":121,"column":47}},"loc":{"start":{"line":121,"column":48},"end":{"line":121,"column":54}}},"21":{"name":"(anonymous_39)","decl":{"start":{"line":135,"column":4},"end":{"line":135,"column":18}},"loc":{"start":{"line":135,"column":29},"end":{"line":149,"column":5}}},"22":{"name":"(anonymous_40)","decl":{"start":{"line":136,"column":50},"end":{"line":136,"column":51}},"loc":{"start":{"line":136,"column":52},"end":{"line":136,"column":58}}},"23":{"name":"(anonymous_41)","decl":{"start":{"line":151,"column":4},"end":{"line":151,"column":16}},"loc":{"start":{"line":151,"column":33},"end":{"line":158,"column":5}}},"24":{"name":"(anonymous_42)","decl":{"start":{"line":152,"column":42},"end":{"line":152,"column":43}},"loc":{"start":{"line":152,"column":44},"end":{"line":152,"column":50}}},"25":{"name":"(anonymous_43)","decl":{"start":{"line":160,"column":4},"end":{"line":160,"column":21}},"loc":{"start":{"line":160,"column":38},"end":{"line":167,"column":5}}},"26":{"name":"(anonymous_44)","decl":{"start":{"line":161,"column":54},"end":{"line":161,"column":55}},"loc":{"start":{"line":161,"column":56},"end":{"line":161,"column":62}}}},"branchMap":{"0":{"loc":{"start":{"line":29,"column":8},"end":{"line":35,"column":null}},"type":"if","locations":[{"start":{"line":29,"column":8},"end":{"line":35,"column":null}},{"start":{"line":29,"column":8},"end":{"line":35,"column":null}}]},"1":{"loc":{"start":{"line":44,"column":55},"end":{"line":44,"column":88}},"type":"binary-expr","locations":[{"start":{"line":44,"column":55},"end":{"line":44,"column":88}},{"start":{"line":44,"column":92},"end":{"line":44,"column":117}}]},"2":{"loc":{"start":{"line":45,"column":8},"end":{"line":51,"column":null}},"type":"if","locations":[{"start":{"line":45,"column":8},"end":{"line":51,"column":null}},{"start":{"line":45,"column":8},"end":{"line":51,"column":null}}]},"3":{"loc":{"start":{"line":65,"column":12},"end":{"line":67,"column":null}},"type":"if","locations":[{"start":{"line":65,"column":12},"end":{"line":67,"column":null}},{"start":{"line":65,"column":12},"end":{"line":67,"column":null}}]},"4":{"loc":{"start":{"line":75,"column":16},"end":{"line":77,"column":null}},"type":"if","locations":[{"start":{"line":75,"column":16},"end":{"line":77,"column":null}},{"start":{"line":75,"column":16},"end":{"line":77,"column":null}}]},"5":{"loc":{"start":{"line":92,"column":8},"end":{"line":98,"column":null}},"type":"if","locations":[{"start":{"line":92,"column":8},"end":{"line":98,"column":null}},{"start":{"line":92,"column":8},"end":{"line":98,"column":null}}]},"6":{"loc":{"start":{"line":106,"column":53},"end":{"line":106,"column":69}},"type":"binary-expr","locations":[{"start":{"line":106,"column":53},"end":{"line":106,"column":69}},{"start":{"line":106,"column":73},"end":{"line":106,"column":99}}]},"7":{"loc":{"start":{"line":107,"column":8},"end":{"line":113,"column":null}},"type":"if","locations":[{"start":{"line":107,"column":8},"end":{"line":113,"column":null}},{"start":{"line":107,"column":8},"end":{"line":113,"column":null}}]},"8":{"loc":{"start":{"line":122,"column":8},"end":{"line":128,"column":null}},"type":"if","locations":[{"start":{"line":122,"column":8},"end":{"line":128,"column":null}},{"start":{"line":122,"column":8},"end":{"line":128,"column":null}}]},"9":{"loc":{"start":{"line":137,"column":8},"end":{"line":143,"column":null}},"type":"if","locations":[{"start":{"line":137,"column":8},"end":{"line":143,"column":null}},{"start":{"line":137,"column":8},"end":{"line":143,"column":null}}]}},"s":{"0":4,"1":5,"2":5,"3":4,"4":5,"5":4,"6":7,"7":4,"8":46,"9":46,"10":46,"11":4,"12":66,"13":106,"14":66,"15":2,"16":64,"17":4,"18":57,"19":41,"20":57,"21":1,"22":56,"23":56,"24":4,"25":4,"26":4,"27":6,"28":6,"29":7,"30":6,"31":5,"32":5,"33":8,"34":2,"35":5,"36":6,"37":4,"38":4,"39":7,"40":4,"41":4,"42":4,"43":5,"44":10,"45":4,"46":4,"47":5,"48":5,"49":4,"50":4,"51":4,"52":2,"53":1,"54":2,"55":1,"56":1,"57":4,"58":59,"59":53,"60":59,"61":0,"62":59,"63":59,"64":4,"65":5,"66":7,"67":5,"68":3,"69":2,"70":2,"71":4,"72":4,"73":4,"74":4,"75":1,"76":3,"77":3,"78":4,"79":44,"80":97,"81":44,"82":4,"83":64,"84":147,"85":64,"86":4,"87":4},"f":{"0":9,"1":5,"2":7,"3":46,"4":66,"5":106,"6":57,"7":41,"8":4,"9":7,"10":8,"11":2,"12":6,"13":4,"14":7,"15":2,"16":1,"17":59,"18":53,"19":5,"20":7,"21":4,"22":4,"23":44,"24":97,"25":64,"26":147},"b":{"0":[2,64],"1":[41,6],"2":[1,56],"3":[1,5],"4":[0,4],"5":[1,1],"6":[53,1],"7":[0,59],"8":[3,2],"9":[1,3]}}
,"D:\\Repos\\Nodejs\\runwaybase.js\\src\\realtime\\BaseNotifier.ts": {"path":"D:\\Repos\\Nodejs\\runwaybase.js\\src\\realtime\\BaseNotifier.ts","statementMap":{"0":{"start":{"line":1,"column":0},"end":{"line":1,"column":43}},"1":{"start":{"line":5,"column":0},"end":{"line":5,"column":13}},"2":{"start":{"line":7,"column":12},"end":{"line":7,"column":61}},"3":{"start":{"line":9,"column":4},"end":{"line":11,"column":null}},"4":{"start":{"line":10,"column":8},"end":{"line":10,"column":43}},"5":{"start":{"line":13,"column":4},"end":{"line":20,"column":null}},"6":{"start":{"line":14,"column":8},"end":{"line":18,"column":11}},"7":{"start":{"line":19,"column":8},"end":{"line":19,"column":81}},"8":{"start":{"line":22,"column":0},"end":{"line":22,"column":null}},"9":{"start":{"line":5,"column":13},"end":{"line":5,"column":25}}},"fnMap":{"0":{"name":"(anonymous_0)","decl":{"start":{"line":5,"column":0},"end":{"line":5,"column":13}},"loc":{"start":{"line":5,"column":0},"end":{"line":22,"column":null}}},"1":{"name":"(anonymous_2)","decl":{"start":{"line":9,"column":4},"end":{"line":9,"column":12}},"loc":{"start":{"line":9,"column":4},"end":{"line":11,"column":5}}},"2":{"name":"(anonymous_3)","decl":{"start":{"line":13,"column":4},"end":{"line":13,"column":10}},"loc":{"start":{"line":13,"column":74},"end":{"line":20,"column":5}}}},"branchMap":{},"s":{"0":3,"1":3,"2":3,"3":3,"4":0,"5":3,"6":20,"7":20,"8":3,"9":3},"f":{"0":6,"1":0,"2":20},"b":{}}
,"D:\\Repos\\Nodejs\\runwaybase.js\\src\\realtime\\Collection.ts": {"path":"D:\\Repos\\Nodejs\\runwaybase.js\\src\\realtime\\Collection.ts","statementMap":{"0":{"start":{"line":4,"column":0},"end":{"line":4,"column":67}},"1":{"start":{"line":5,"column":0},"end":{"line":5,"column":26}},"2":{"start":{"line":7,"column":0},"end":{"line":7,"column":13}},"3":{"start":{"line":16,"column":26},"end":{"line":16,"column":45}},"4":{"start":{"line":16,"column":57},"end":{"line":16,"column":76}},"5":{"start":{"line":16,"column":88},"end":{"line":16,"column":100}},"6":{"start":{"line":13,"column":14},"end":{"line":13,"column":49}},"7":{"start":{"line":14,"column":14},"end":{"line":14,"column":46}},"8":{"start":{"line":18,"column":8},"end":{"line":18,"column":33}},"9":{"start":{"line":19,"column":8},"end":{"line":19,"column":21}},"10":{"start":{"line":20,"column":8},"end":{"line":20,"column":25}},"11":{"start":{"line":21,"column":8},"end":{"line":21,"column":34}},"12":{"start":{"line":22,"column":8},"end":{"line":22,"column":29}},"13":{"start":{"line":25,"column":4},"end":{"line":27,"column":null}},"14":{"start":{"line":26,"column":8},"end":{"line":26,"column":36}},"15":{"start":{"line":29,"column":4},"end":{"line":31,"column":null}},"16":{"start":{"line":30,"column":8},"end":{"line":30,"column":31}},"17":{"start":{"line":33,"column":17},"end":{"line":61,"column":null}},"18":{"start":{"line":33,"column":23},"end":{"line":33,"column":null}},"19":{"start":{"line":34,"column":21},"end":{"line":34,"column":null}},"20":{"start":{"line":34,"column":12},"end":{"line":34,"column":null}},"21":{"start":{"line":35,"column":12},"end":{"line":35,"column":18}},"22":{"start":{"line":36,"column":21},"end":{"line":36,"column":62}},"23":{"start":{"line":36,"column":12},"end":{"line":36,"column":62}},"24":{"start":{"line":37,"column":12},"end":{"line":40,"column":null}},"25":{"start":{"line":38,"column":16},"end":{"line":38,"column":44}},"26":{"start":{"line":39,"column":16},"end":{"line":39,"column":23}},"27":{"start":{"line":45,"column":17},"end":{"line":45,"column":62}},"28":{"start":{"line":45,"column":8},"end":{"line":45,"column":62}},"29":{"start":{"line":46,"column":8},"end":{"line":51,"column":null}},"30":{"start":{"line":47,"column":12},"end":{"line":50,"column":null}},"31":{"start":{"line":48,"column":16},"end":{"line":49,"column":120}},"32":{"start":{"line":49,"column":27},"end":{"line":49,"column":119}},"33":{"start":{"line":55,"column":12},"end":{"line":55,"column":24}},"34":{"start":{"line":56,"column":21},"end":{"line":56,"column":61}},"35":{"start":{"line":56,"column":12},"end":{"line":56,"column":61}},"36":{"start":{"line":57,"column":12},"end":{"line":59,"column":null}},"37":{"start":{"line":58,"column":16},"end":{"line":58,"column":52}},"38":{"start":{"line":63,"column":17},"end":{"line":78,"column":null}},"39":{"start":{"line":64,"column":12},"end":{"line":64,"column":74}},"40":{"start":{"line":64,"column":58},"end":{"line":64,"column":73}},"41":{"start":{"line":65,"column":12},"end":{"line":65,"column":17}},"42":{"start":{"line":66,"column":16},"end":{"line":66,"column":36}},"43":{"start":{"line":67,"column":25},"end":{"line":71,"column":null}},"44":{"start":{"line":67,"column":16},"end":{"line":71,"column":null}},"45":{"start":{"line":72,"column":12},"end":{"line":74,"column":null}},"46":{"start":{"line":73,"column":16},"end":{"line":73,"column":47}},"47":{"start":{"line":75,"column":12},"end":{"line":75,"column":135}},"48":{"start":{"line":76,"column":12},"end":{"line":76,"column":126}},"49":{"start":{"line":81,"column":17},"end":{"line":93,"column":null}},"50":{"start":{"line":82,"column":12},"end":{"line":82,"column":76}},"51":{"start":{"line":82,"column":60},"end":{"line":82,"column":75}},"52":{"start":{"line":83,"column":8},"end":{"line":85,"column":null}},"53":{"start":{"line":84,"column":12},"end":{"line":84,"column":19}},"54":{"start":{"line":86,"column":12},"end":{"line":86,"column":57}},"55":{"start":{"line":87,"column":21},"end":{"line":87,"column":null}},"56":{"start":{"line":87,"column":12},"end":{"line":87,"column":null}},"57":{"start":{"line":88,"column":8},"end":{"line":90,"column":null}},"58":{"start":{"line":89,"column":12},"end":{"line":89,"column":43}},"59":{"start":{"line":91,"column":8},"end":{"line":91,"column":48}},"60":{"start":{"line":92,"column":8},"end":{"line":92,"column":121}},"61":{"start":{"line":95,"column":17},"end":{"line":129,"column":null}},"62":{"start":{"line":96,"column":12},"end":{"line":96,"column":null}},"63":{"start":{"line":96,"column":53},"end":{"line":96,"column":66}},"64":{"start":{"line":97,"column":12},"end":{"line":97,"column":26}},"65":{"start":{"line":98,"column":12},"end":{"line":98,"column":17}},"66":{"start":{"line":99,"column":16},"end":{"line":99,"column":29}},"67":{"start":{"line":100,"column":21},"end":{"line":105,"column":15}},"68":{"start":{"line":100,"column":12},"end":{"line":105,"column":15}},"69":{"start":{"line":106,"column":12},"end":{"line":108,"column":null}},"70":{"start":{"line":107,"column":16},"end":{"line":107,"column":47}},"71":{"start":{"line":109,"column":12},"end":{"line":114,"column":15}},"72":{"start":{"line":115,"column":12},"end":{"line":115,"column":152}},"73":{"start":{"line":117,"column":21},"end":{"line":117,"column":88}},"74":{"start":{"line":117,"column":12},"end":{"line":117,"column":88}},"75":{"start":{"line":118,"column":12},"end":{"line":120,"column":null}},"76":{"start":{"line":119,"column":16},"end":{"line":119,"column":47}},"77":{"start":{"line":121,"column":12},"end":{"line":121,"column":49}},"78":{"start":{"line":122,"column":12},"end":{"line":127,"column":15}},"79":{"start":{"line":130,"column":17},"end":{"line":152,"column":null}},"80":{"start":{"line":131,"column":12},"end":{"line":131,"column":70}},"81":{"start":{"line":131,"column":56},"end":{"line":131,"column":69}},"82":{"start":{"line":132,"column":12},"end":{"line":132,"column":25}},"83":{"start":{"line":133,"column":12},"end":{"line":133,"column":20}},"84":{"start":{"line":134,"column":16},"end":{"line":139,"column":null}},"85":{"start":{"line":140,"column":25},"end":{"line":140,"column":null}},"86":{"start":{"line":140,"column":16},"end":{"line":140,"column":null}},"87":{"start":{"line":141,"column":12},"end":{"line":143,"column":null}},"88":{"start":{"line":142,"column":16},"end":{"line":142,"column":47}},"89":{"start":{"line":144,"column":12},"end":{"line":144,"column":null}},"90":{"start":{"line":145,"column":12},"end":{"line":145,"column":152}},"91":{"start":{"line":148,"column":12},"end":{"line":148,"column":61}},"92":{"start":{"line":149,"column":12},"end":{"line":149,"column":52}},"93":{"start":{"line":150,"column":12},"end":{"line":150,"column":null}},"94":{"start":{"line":153,"column":17},"end":{"line":169,"column":null}},"95":{"start":{"line":154,"column":12},"end":{"line":154,"column":69}},"96":{"start":{"line":154,"column":55},"end":{"line":154,"column":68}},"97":{"start":{"line":155,"column":8},"end":{"line":157,"column":null}},"98":{"start":{"line":156,"column":12},"end":{"line":156,"column":19}},"99":{"start":{"line":158,"column":21},"end":{"line":158,"column":null}},"100":{"start":{"line":158,"column":12},"end":{"line":158,"column":null}},"101":{"start":{"line":159,"column":8},"end":{"line":161,"column":null}},"102":{"start":{"line":160,"column":12},"end":{"line":160,"column":43}},"103":{"start":{"line":162,"column":8},"end":{"line":162,"column":43}},"104":{"start":{"line":163,"column":8},"end":{"line":167,"column":11}},"105":{"start":{"line":170,"column":0},"end":{"line":170,"column":null}},"106":{"start":{"line":7,"column":13},"end":{"line":7,"column":23}}},"fnMap":{"0":{"name":"(anonymous_13)","decl":{"start":{"line":7,"column":0},"end":{"line":7,"column":13}},"loc":{"start":{"line":7,"column":0},"end":{"line":170,"column":null}}},"1":{"name":"Collection","decl":{"start":{"line":16,"column":4},"end":{"line":16,"column":26}},"loc":{"start":{"line":17,"column":50},"end":{"line":23,"column":5}}},"2":{"name":"(anonymous_15)","decl":{"start":{"line":25,"column":4},"end":{"line":25,"column":15}},"loc":{"start":{"line":25,"column":4},"end":{"line":27,"column":5}}},"3":{"name":"(anonymous_16)","decl":{"start":{"line":29,"column":4},"end":{"line":29,"column":15}},"loc":{"start":{"line":29,"column":4},"end":{"line":31,"column":5}}},"4":{"name":"(anonymous_17)","decl":{"start":{"line":33,"column":4},"end":{"line":33,"column":17}},"loc":{"start":{"line":33,"column":52},"end":{"line":61,"column":null}}},"5":{"name":"(anonymous_20)","decl":{"start":{"line":49,"column":20},"end":{"line":49,"column":21}},"loc":{"start":{"line":49,"column":22},"end":{"line":49,"column":31}}},"6":{"name":"(anonymous_21)","decl":{"start":{"line":63,"column":4},"end":{"line":63,"column":17}},"loc":{"start":{"line":63,"column":49},"end":{"line":78,"column":null}}},"7":{"name":"(anonymous_24)","decl":{"start":{"line":64,"column":51},"end":{"line":64,"column":52}},"loc":{"start":{"line":64,"column":53},"end":{"line":64,"column":59}}},"8":{"name":"(anonymous_25)","decl":{"start":{"line":81,"column":4},"end":{"line":81,"column":17}},"loc":{"start":{"line":81,"column":49},"end":{"line":93,"column":null}}},"9":{"name":"(anonymous_28)","decl":{"start":{"line":82,"column":53},"end":{"line":82,"column":54}},"loc":{"start":{"line":82,"column":55},"end":{"line":82,"column":61}}},"10":{"name":"(anonymous_29)","decl":{"start":{"line":95,"column":4},"end":{"line":95,"column":17}},"loc":{"start":{"line":95,"column":56},"end":{"line":129,"column":null}}},"11":{"name":"(anonymous_32)","decl":{"start":{"line":96,"column":46},"end":{"line":96,"column":47}},"loc":{"start":{"line":96,"column":48},"end":{"line":96,"column":54}}},"12":{"name":"(anonymous_33)","decl":{"start":{"line":130,"column":4},"end":{"line":130,"column":17}},"loc":{"start":{"line":130,"column":56},"end":{"line":152,"column":null}}},"13":{"name":"(anonymous_36)","decl":{"start":{"line":131,"column":49},"end":{"line":131,"column":50}},"loc":{"start":{"line":131,"column":51},"end":{"line":131,"column":57}}},"14":{"name":"(anonymous_37)","decl":{"start":{"line":153,"column":4},"end":{"line":153,"column":17}},"loc":{"start":{"line":153,"column":43},"end":{"line":169,"column":null}}},"15":{"name":"(anonymous_40)","decl":{"start":{"line":154,"column":48},"end":{"line":154,"column":49}},"loc":{"start":{"line":154,"column":50},"end":{"line":154,"column":56}}}},"branchMap":{"0":{"loc":{"start":{"line":33,"column":23},"end":{"line":33,"column":null}},"type":"if","locations":[{"start":{"line":33,"column":23},"end":{"line":33,"column":null}},{"start":{"line":33,"column":23},"end":{"line":33,"column":null}}]},"1":{"loc":{"start":{"line":34,"column":21},"end":{"line":34,"column":null}},"type":"switch","locations":[{"start":{"line":34,"column":21},"end":{"line":34,"column":null}},{"start":{"line":45,"column":17},"end":{"line":45,"column":62}}]},"2":{"loc":{"start":{"line":35,"column":12},"end":{"line":35,"column":18}},"type":"if","locations":[{"start":{"line":35,"column":12},"end":{"line":35,"column":18}},{"start":{"line":35,"column":12},"end":{"line":35,"column":18}}]},"3":{"loc":{"start":{"line":37,"column":12},"end":{"line":40,"column":null}},"type":"if","locations":[{"start":{"line":37,"column":12},"end":{"line":40,"column":null}},{"start":{"line":37,"column":12},"end":{"line":40,"column":null}}]},"4":{"loc":{"start":{"line":46,"column":8},"end":{"line":51,"column":null}},"type":"if","locations":[{"start":{"line":46,"column":8},"end":{"line":51,"column":null}},{"start":{"line":46,"column":8},"end":{"line":51,"column":null}}]},"5":{"loc":{"start":{"line":47,"column":12},"end":{"line":50,"column":null}},"type":"if","locations":[{"start":{"line":47,"column":12},"end":{"line":50,"column":null}},{"start":{"line":47,"column":12},"end":{"line":50,"column":null}}]},"6":{"loc":{"start":{"line":55,"column":12},"end":{"line":55,"column":24}},"type":"if","locations":[{"start":{"line":55,"column":12},"end":{"line":55,"column":24}},{"start":{"line":55,"column":12},"end":{"line":55,"column":24}}]},"7":{"loc":{"start":{"line":57,"column":12},"end":{"line":59,"column":null}},"type":"if","locations":[{"start":{"line":57,"column":12},"end":{"line":59,"column":null}},{"start":{"line":57,"column":12},"end":{"line":59,"column":null}}]},"8":{"loc":{"start":{"line":58,"column":45},"end":{"line":58,"column":49}},"type":"cond-expr","locations":[{"start":{"line":58,"column":45},"end":{"line":58,"column":49}},{"start":{"line":58,"column":49},"end":{"line":58,"column":51}}]},"9":{"loc":{"start":{"line":58,"column":34},"end":{"line":58,"column":49}},"type":"binary-expr","locations":[{"start":{"line":58,"column":34},"end":{"line":58,"column":49}},{"start":{"line":58,"column":45},"end":{"line":58,"column":49}}]},"10":{"loc":{"start":{"line":65,"column":12},"end":{"line":65,"column":17}},"type":"if","locations":[{"start":{"line":65,"column":12},"end":{"line":65,"column":17}},{"start":{"line":65,"column":12},"end":{"line":65,"column":17}}]},"11":{"loc":{"start":{"line":72,"column":12},"end":{"line":74,"column":null}},"type":"if","locations":[{"start":{"line":72,"column":12},"end":{"line":74,"column":null}},{"start":{"line":72,"column":12},"end":{"line":74,"column":null}}]},"12":{"loc":{"start":{"line":83,"column":8},"end":{"line":85,"column":null}},"type":"if","locations":[{"start":{"line":83,"column":8},"end":{"line":85,"column":null}},{"start":{"line":83,"column":8},"end":{"line":85,"column":null}}]},"13":{"loc":{"start":{"line":88,"column":8},"end":{"line":90,"column":null}},"type":"if","locations":[{"start":{"line":88,"column":8},"end":{"line":90,"column":null}},{"start":{"line":88,"column":8},"end":{"line":90,"column":null}}]},"14":{"loc":{"start":{"line":117,"column":21},"end":{"line":117,"column":88}},"type":"switch","locations":[{"start":{"line":117,"column":21},"end":{"line":117,"column":88}}]},"15":{"loc":{"start":{"line":98,"column":12},"end":{"line":98,"column":17}},"type":"if","locations":[{"start":{"line":98,"column":12},"end":{"line":98,"column":17}},{"start":{"line":98,"column":12},"end":{"line":98,"column":17}}]},"16":{"loc":{"start":{"line":104,"column":21},"end":{"line":104,"column":24}},"type":"cond-expr","locations":[{"start":{"line":104,"column":21},"end":{"line":104,"column":24}},{"start":{"line":104,"column":28},"end":{"line":104,"column":33}}]},"17":{"loc":{"start":{"line":104,"column":21},"end":{"line":104,"column":28}},"type":"binary-expr","locations":[{"start":{"line":104,"column":21},"end":{"line":104,"column":28}},{"start":{"line":104,"column":21},"end":{"line":104,"column":28}}]},"18":{"loc":{"start":{"line":106,"column":12},"end":{"line":108,"column":null}},"type":"if","locations":[{"start":{"line":106,"column":12},"end":{"line":108,"column":null}},{"start":{"line":106,"column":12},"end":{"line":108,"column":null}}]},"19":{"loc":{"start":{"line":113,"column":21},"end":{"line":113,"column":24}},"type":"cond-expr","locations":[{"start":{"line":113,"column":21},"end":{"line":113,"column":24}},{"start":{"line":113,"column":28},"end":{"line":113,"column":33}}]},"20":{"loc":{"start":{"line":113,"column":21},"end":{"line":113,"column":28}},"type":"binary-expr","locations":[{"start":{"line":113,"column":21},"end":{"line":113,"column":28}},{"start":{"line":113,"column":21},"end":{"line":113,"column":28}}]},"21":{"loc":{"start":{"line":115,"column":105},"end":{"line":115,"column":108}},"type":"cond-expr","locations":[{"start":{"line":115,"column":105},"end":{"line":115,"column":108}},{"start":{"line":115,"column":112},"end":{"line":115,"column":117}}]},"22":{"loc":{"start":{"line":115,"column":105},"end":{"line":115,"column":112}},"type":"binary-expr","locations":[{"start":{"line":115,"column":105},"end":{"line":115,"column":112}},{"start":{"line":115,"column":105},"end":{"line":115,"column":112}}]},"23":{"loc":{"start":{"line":118,"column":12},"end":{"line":120,"column":null}},"type":"if","locations":[{"start":{"line":118,"column":12},"end":{"line":120,"column":null}},{"start":{"line":118,"column":12},"end":{"line":120,"column":null}}]},"24":{"loc":{"start":{"line":148,"column":12},"end":{"line":148,"column":61}},"type":"switch","locations":[{"start":{"line":148,"column":12},"end":{"line":148,"column":61}}]},"25":{"loc":{"start":{"line":133,"column":12},"end":{"line":133,"column":20}},"type":"if","locations":[{"start":{"line":133,"column":12},"end":{"line":133,"column":20}},{"start":{"line":133,"column":12},"end":{"line":133,"column":20}}]},"26":{"loc":{"start":{"line":138,"column":21},"end":{"line":138,"column":24}},"type":"cond-expr","locations":[{"start":{"line":138,"column":21},"end":{"line":138,"column":24}},{"start":{"line":138,"column":28},"end":{"line":138,"column":33}}]},"27":{"loc":{"start":{"line":138,"column":21},"end":{"line":138,"column":28}},"type":"binary-expr","locations":[{"start":{"line":138,"column":21},"end":{"line":138,"column":28}},{"start":{"line":138,"column":21},"end":{"line":138,"column":28}}]},"28":{"loc":{"start":{"line":141,"column":12},"end":{"line":143,"column":null}},"type":"if","locations":[{"start":{"line":141,"column":12},"end":{"line":143,"column":null}},{"start":{"line":141,"column":12},"end":{"line":143,"column":null}}]},"29":{"loc":{"start":{"line":145,"column":105},"end":{"line":145,"column":108}},"type":"cond-expr","locations":[{"start":{"line":145,"column":105},"end":{"line":145,"column":108}},{"start":{"line":145,"column":112},"end":{"line":145,"column":117}}]},"30":{"loc":{"start":{"line":145,"column":105},"end":{"line":145,"column":112}},"type":"binary-expr","locations":[{"start":{"line":145,"column":105},"end":{"line":145,"column":112}},{"start":{"line":145,"column":105},"end":{"line":145,"column":112}}]},"31":{"loc":{"start":{"line":155,"column":8},"end":{"line":157,"column":null}},"type":"if","locations":[{"start":{"line":155,"column":8},"end":{"line":157,"column":null}},{"start":{"line":155,"column":8},"end":{"line":157,"column":null}}]},"32":{"loc":{"start":{"line":159,"column":8},"end":{"line":161,"column":null}},"type":"if","locations":[{"start":{"line":159,"column":8},"end":{"line":161,"column":null}},{"start":{"line":159,"column":8},"end":{"line":161,"column":null}}]}},"s":{"0":3,"1":3,"2":3,"3":69,"4":69,"5":69,"6":69,"7":69,"8":69,"9":69,"10":69,"11":69,"12":69,"13":3,"14":64,"15":3,"16":23,"17":3,"18":84,"19":64,"20":64,"21":127,"22":1,"23":1,"24":1,"25":0,"26":0,"27":64,"28":64,"29":64,"30":64,"31":64,"32":40,"33":84,"34":44,"35":44,"36":44,"37":44,"38":3,"39":8,"40":5,"41":8,"42":8,"43":8,"44":8,"45":8,"46":0,"47":8,"48":8,"49":3,"50":2,"51":2,"52":2,"53":0,"54":2,"55":2,"56":2,"57":2,"58":0,"59":2,"60":2,"61":3,"62":4,"63":2,"64":4,"65":5,"66":3,"67":3,"68":3,"69":3,"70":0,"71":3,"72":3,"73":1,"74":1,"75":1,"76":0,"77":1,"78":1,"79":3,"80":4,"81":3,"82":4,"83":6,"84":2,"85":2,"86":2,"87":2,"88":0,"89":2,"90":2,"91":4,"92":2,"93":2,"94":3,"95":4,"96":3,"97":4,"98":2,"99":2,"100":2,"101":2,"102":0,"103":2,"104":2,"105":3,"106":3},"f":{"0":3,"1":69,"2":64,"3":23,"4":64,"5":40,"6":8,"7":5,"8":2,"9":2,"10":4,"11":2,"12":4,"13":3,"14":4,"15":3},"b":{"0":[20,44],"1":[64,64],"2":[63,1],"3":[0,1],"4":[64,0],"5":[64,0],"6":[20,44],"7":[44,0],"8":[44,0],"9":[44,44],"10":[0,8],"11":[0,8],"12":[0,2],"13":[0,2],"14":[1],"15":[1,3],"16":[3,0],"17":[3,3],"18":[0,3],"19":[3,0],"20":[3,3],"21":[3,0],"22":[3,3],"23":[0,1],"24":[2],"25":[2,2],"26":[2,0],"27":[2,2],"28":[0,2],"29":[2,0],"30":[2,2],"31":[2,2],"32":[0,2]}}
,"D:\\Repos\\Nodejs\\runwaybase.js\\src\\realtime\\INotifier.ts": {"path":"D:\\Repos\\Nodejs\\runwaybase.js\\src\\realtime\\INotifier.ts","statementMap":{"0":{"start":{"line":4,"column":0},"end":{"line":4,"column":null}},"1":{"start":{"line":5,"column":4},"end":{"line":5,"column":null}},"2":{"start":{"line":6,"column":4},"end":{"line":6,"column":null}},"3":{"start":{"line":9,"column":0},"end":{"line":9,"column":null}},"4":{"start":{"line":10,"column":4},"end":{"line":10,"column":null}},"5":{"start":{"line":11,"column":4},"end":{"line":11,"column":null}},"6":{"start":{"line":12,"column":4},"end":{"line":12,"column":null}}},"fnMap":{"0":{"name":"(anonymous_0)","decl":{"start":{"line":4,"column":0},"end":{"line":4,"column":12}},"loc":{"start":{"line":4,"column":25},"end":{"line":7,"column":1}}},"1":{"name":"(anonymous_1)","decl":{"start":{"line":9,"column":0},"end":{"line":9,"column":12}},"loc":{"start":{"line":9,"column":22},"end":{"line":13,"column":1}}}},"branchMap":{"0":{"loc":{"start":{"line":4,"column":12},"end":{"line":4,"column":25}},"type":"binary-expr","locations":[{"start":{"line":4,"column":12},"end":{"line":4,"column":25}},{"start":{"line":4,"column":12},"end":{"line":4,"column":null}}]},"1":{"loc":{"start":{"line":9,"column":12},"end":{"line":9,"column":22}},"type":"binary-expr","locations":[{"start":{"line":9,"column":12},"end":{"line":9,"column":22}},{"start":{"line":9,"column":12},"end":{"line":9,"column":null}}]}},"s":{"0":3,"1":3,"2":3,"3":3,"4":3,"5":3,"6":3},"f":{"0":3,"1":3},"b":{"0":[3,3],"1":[3,3]}}
,"D:\\Repos\\Nodejs\\runwaybase.js\\src\\realtime\\QueryModel.ts": {"path":"D:\\Repos\\Nodejs\\runwaybase.js\\src\\realtime\\QueryModel.ts","statementMap":{"0":{"start":{"line":4,"column":0},"end":{"line":4,"column":null}},"1":{"start":{"line":5,"column":4},"end":{"line":5,"column":null}},"2":{"start":{"line":6,"column":4},"end":{"line":6,"column":null}},"3":{"start":{"line":7,"column":4},"end":{"line":7,"column":null}},"4":{"start":{"line":8,"column":4},"end":{"line":8,"column":null}},"5":{"start":{"line":11,"column":0},"end":{"line":11,"column":null}},"6":{"start":{"line":12,"column":4},"end":{"line":12,"column":null}},"7":{"start":{"line":13,"column":4},"end":{"line":13,"column":null}},"8":{"start":{"line":14,"column":4},"end":{"line":14,"column":null}},"9":{"start":{"line":15,"column":4},"end":{"line":15,"column":null}},"10":{"start":{"line":16,"column":4},"end":{"line":16,"column":null}},"11":{"start":{"line":17,"column":4},"end":{"line":17,"column":null}}},"fnMap":{"0":{"name":"(anonymous_0)","decl":{"start":{"line":4,"column":0},"end":{"line":4,"column":12}},"loc":{"start":{"line":4,"column":24},"end":{"line":9,"column":1}}},"1":{"name":"(anonymous_1)","decl":{"start":{"line":11,"column":0},"end":{"line":11,"column":12}},"loc":{"start":{"line":11,"column":25},"end":{"line":18,"column":1}}}},"branchMap":{"0":{"loc":{"start":{"line":4,"column":12},"end":{"line":4,"column":24}},"type":"binary-expr","locations":[{"start":{"line":4,"column":12},"end":{"line":4,"column":24}},{"start":{"line":4,"column":12},"end":{"line":4,"column":null}}]},"1":{"loc":{"start":{"line":11,"column":12},"end":{"line":11,"column":25}},"type":"binary-expr","locations":[{"start":{"line":11,"column":12},"end":{"line":11,"column":25}},{"start":{"line":11,"column":12},"end":{"line":11,"column":null}}]}},"s":{"0":2,"1":2,"2":2,"3":2,"4":2,"5":2,"6":2,"7":2,"8":2,"9":2,"10":2,"11":2},"f":{"0":2,"1":2},"b":{"0":[2,2],"1":[2,2]}}
,"D:\\Repos\\Nodejs\\runwaybase.js\\src\\realtime\\RealtimeDatabase.ts": {"path":"D:\\Repos\\Nodejs\\runwaybase.js\\src\\realtime\\RealtimeDatabase.ts","statementMap":{"0":{"start":{"line":1,"column":0},"end":{"line":1,"column":42}},"1":{"start":{"line":4,"column":0},"end":{"line":4,"column":26}},"2":{"start":{"line":5,"column":0},"end":{"line":5,"column":69}},"3":{"start":{"line":6,"column":0},"end":{"line":6,"column":13}},"4":{"start":{"line":10,"column":26},"end":{"line":10,"column":45}},"5":{"start":{"line":10,"column":57},"end":{"line":10,"column":76}},"6":{"start":{"line":11,"column":8},"end":{"line":11,"column":74}},"7":{"start":{"line":12,"column":8},"end":{"line":12,"column":31}},"8":{"start":{"line":15,"column":17},"end":{"line":35,"column":null}},"9":{"start":{"line":16,"column":12},"end":{"line":16,"column":56}},"10":{"start":{"line":17,"column":12},"end":{"line":17,"column":33}},"11":{"start":{"line":19,"column":12},"end":{"line":19,"column":34}},"12":{"start":{"line":20,"column":12},"end":{"line":22,"column":null}},"13":{"start":{"line":23,"column":16},"end":{"line":23,"column":90}},"14":{"start":{"line":23,"column":64},"end":{"line":23,"column":89}},"15":{"start":{"line":24,"column":16},"end":{"line":24,"column":21}},"16":{"start":{"line":25,"column":28},"end":{"line":25,"column":null}},"17":{"start":{"line":25,"column":20},"end":{"line":25,"column":null}},"18":{"start":{"line":26,"column":16},"end":{"line":28,"column":null}},"19":{"start":{"line":27,"column":27},"end":{"line":27,"column":null}},"20":{"start":{"line":30,"column":12},"end":{"line":30,"column":86}},"21":{"start":{"line":30,"column":60},"end":{"line":30,"column":85}},"22":{"start":{"line":31,"column":12},"end":{"line":31,"column":52}},"23":{"start":{"line":18,"column":50},"end":{"line":18,"column":null}},"24":{"start":{"line":18,"column":35},"end":{"line":18,"column":null}},"25":{"start":{"line":18,"column":17},"end":{"line":18,"column":35}},"26":{"start":{"line":33,"column":8},"end":{"line":33,"column":34}},"27":{"start":{"line":34,"column":8},"end":{"line":34,"column":23}},"28":{"start":{"line":37,"column":17},"end":{"line":130,"column":null}},"29":{"start":{"line":38,"column":12},"end":{"line":38,"column":41}},"30":{"start":{"line":40,"column":18},"end":{"line":40,"column":null}},"31":{"start":{"line":40,"column":12},"end":{"line":40,"column":null}},"32":{"start":{"line":41,"column":8},"end":{"line":47,"column":null}},"33":{"start":{"line":42,"column":12},"end":{"line":46,"column":null}},"34":{"start":{"line":48,"column":16},"end":{"line":48,"column":null}},"35":{"start":{"line":49,"column":17},"end":{"line":49,"column":29}},"36":{"start":{"line":78,"column":17},"end":{"line":78,"column":29}},"37":{"start":{"line":94,"column":17},"end":{"line":94,"column":29}},"38":{"start":{"line":110,"column":17},"end":{"line":110,"column":29}},"39":{"start":{"line":54,"column":20},"end":{"line":54,"column":24}},"40":{"start":{"line":55,"column":37},"end":{"line":55,"column":null}},"41":{"start":{"line":55,"column":24},"end":{"line":55,"column":null}},"42":{"start":{"line":56,"column":20},"end":{"line":68,"column":null}},"43":{"start":{"line":57,"column":24},"end":{"line":61,"column":null}},"44":{"start":{"line":63,"column":24},"end":{"line":67,"column":null}},"45":{"start":{"line":71,"column":16},"end":{"line":76,"column":null}},"46":{"start":{"line":80,"column":25},"end":{"line":80,"column":75}},"47":{"start":{"line":80,"column":16},"end":{"line":80,"column":75}},"48":{"start":{"line":81,"column":16},"end":{"line":87,"column":null}},"49":{"start":{"line":82,"column":20},"end":{"line":86,"column":22}},"50":{"start":{"line":88,"column":16},"end":{"line":88,"column":32}},"51":{"start":{"line":89,"column":16},"end":{"line":92,"column":null}},"52":{"start":{"line":96,"column":25},"end":{"line":96,"column":75}},"53":{"start":{"line":96,"column":16},"end":{"line":96,"column":75}},"54":{"start":{"line":97,"column":16},"end":{"line":103,"column":null}},"55":{"start":{"line":98,"column":20},"end":{"line":102,"column":22}},"56":{"start":{"line":104,"column":16},"end":{"line":104,"column":32}},"57":{"start":{"line":105,"column":16},"end":{"line":108,"column":null}},"58":{"start":{"line":112,"column":20},"end":{"line":112,"column":24}},"59":{"start":{"line":113,"column":29},"end":{"line":113,"column":71}},"60":{"start":{"line":113,"column":20},"end":{"line":113,"column":71}},"61":{"start":{"line":114,"column":20},"end":{"line":114,"column":36}},"62":{"start":{"line":115,"column":20},"end":{"line":118,"column":null}},"63":{"start":{"line":121,"column":29},"end":{"line":121,"column":59}},"64":{"start":{"line":121,"column":20},"end":{"line":121,"column":59}},"65":{"start":{"line":122,"column":20},"end":{"line":122,"column":36}},"66":{"start":{"line":123,"column":20},"end":{"line":126,"column":null}},"67":{"start":{"line":132,"column":0},"end":{"line":132,"column":null}},"68":{"start":{"line":6,"column":13},"end":{"line":6,"column":29}}},"fnMap":{"0":{"name":"(anonymous_13)","decl":{"start":{"line":6,"column":0},"end":{"line":6,"column":13}},"loc":{"start":{"line":6,"column":0},"end":{"line":132,"column":null}}},"1":{"name":"RealtimeDatabase","decl":{"start":{"line":10,"column":4},"end":{"line":10,"column":26}},"loc":{"start":{"line":10,"column":76},"end":{"line":13,"column":5}}},"2":{"name":"(anonymous_15)","decl":{"start":{"line":15,"column":4},"end":{"line":15,"column":17}},"loc":{"start":{"line":15,"column":56},"end":{"line":35,"column":null}}},"3":{"name":"(anonymous_20)","decl":{"start":{"line":23,"column":57},"end":{"line":23,"column":58}},"loc":{"start":{"line":23,"column":59},"end":{"line":23,"column":65}}},"4":{"name":"(anonymous_21)","decl":{"start":{"line":30,"column":53},"end":{"line":30,"column":54}},"loc":{"start":{"line":30,"column":55},"end":{"line":30,"column":61}}},"5":{"name":"(anonymous_22)","decl":{"start":{"line":37,"column":4},"end":{"line":37,"column":17}},"loc":{"start":{"line":37,"column":42},"end":{"line":130,"column":null}}}},"branchMap":{"0":{"loc":{"start":{"line":33,"column":8},"end":{"line":33,"column":34}},"type":"switch","locations":[{"start":{"line":33,"column":8},"end":{"line":33,"column":34}}]},"1":{"loc":{"start":{"line":19,"column":12},"end":{"line":19,"column":34}},"type":"switch","locations":[{"start":{"line":19,"column":12},"end":{"line":19,"column":34}}]},"2":{"loc":{"start":{"line":20,"column":12},"end":{"line":22,"column":null}},"type":"if","locations":[{"start":{"line":20,"column":12},"end":{"line":22,"column":null}},{"start":{"line":20,"column":12},"end":{"line":22,"column":null}}]},"3":{"loc":{"start":{"line":24,"column":16},"end":{"line":24,"column":21}},"type":"if","locations":[{"start":{"line":24,"column":16},"end":{"line":24,"column":21}},{"start":{"line":24,"column":16},"end":{"line":24,"column":21}}]},"4":{"loc":{"start":{"line":26,"column":16},"end":{"line":28,"column":null}},"type":"if","locations":[{"start":{"line":26,"column":16},"end":{"line":28,"column":null}},{"start":{"line":26,"column":16},"end":{"line":28,"column":null}}]},"5":{"loc":{"start":{"line":18,"column":35},"end":{"line":18,"column":null}},"type":"if","locations":[{"start":{"line":18,"column":35},"end":{"line":18,"column":null}},{"start":{"line":18,"column":35},"end":{"line":18,"column":null}}]},"6":{"loc":{"start":{"line":71,"column":16},"end":{"line":76,"column":null}},"type":"switch","locations":[{"start":{"line":71,"column":16},"end":{"line":76,"column":null}},{"start":{"line":80,"column":25},"end":{"line":80,"column":75}},{"start":{"line":96,"column":25},"end":{"line":96,"column":75}},{"start":{"line":121,"column":29},"end":{"line":121,"column":59}}]},"7":{"loc":{"start":{"line":38,"column":53},"end":{"line":38,"column":57}},"type":"cond-expr","locations":[{"start":{"line":38,"column":53},"end":{"line":38,"column":57}},{"start":{"line":38,"column":57},"end":{"line":38,"column":59}}]},"8":{"loc":{"start":{"line":38,"column":41},"end":{"line":38,"column":57}},"type":"binary-expr","locations":[{"start":{"line":38,"column":41},"end":{"line":38,"column":57}},{"start":{"line":38,"column":53},"end":{"line":38,"column":57}}]},"9":{"loc":{"start":{"line":41,"column":8},"end":{"line":47,"column":null}},"type":"if","locations":[{"start":{"line":41,"column":8},"end":{"line":47,"column":null}},{"start":{"line":41,"column":8},"end":{"line":47,"column":null}}]},"10":{"loc":{"start":{"line":49,"column":17},"end":{"line":49,"column":29}},"type":"switch","locations":[{"start":{"line":49,"column":17},"end":{"line":49,"column":29}},{"start":{"line":78,"column":17},"end":{"line":78,"column":29}},{"start":{"line":94,"column":17},"end":{"line":94,"column":29}},{"start":{"line":110,"column":17},"end":{"line":110,"column":29}}]},"11":{"loc":{"start":{"line":54,"column":20},"end":{"line":54,"column":24}},"type":"if","locations":[{"start":{"line":54,"column":20},"end":{"line":54,"column":24}},{"start":{"line":54,"column":20},"end":{"line":54,"column":24}}]},"12":{"loc":{"start":{"line":56,"column":20},"end":{"line":68,"column":null}},"type":"if","locations":[{"start":{"line":56,"column":20},"end":{"line":68,"column":null}},{"start":{"line":56,"column":20},"end":{"line":68,"column":null}}]},"13":{"loc":{"start":{"line":80,"column":50},"end":{"line":80,"column":55}},"type":"cond-expr","locations":[{"start":{"line":80,"column":50},"end":{"line":80,"column":55}},{"start":{"line":80,"column":59},"end":{"line":80,"column":60}}]},"14":{"loc":{"start":{"line":80,"column":50},"end":{"line":80,"column":59}},"type":"binary-expr","locations":[{"start":{"line":80,"column":50},"end":{"line":80,"column":59}},{"start":{"line":80,"column":50},"end":{"line":80,"column":59}}]},"15":{"loc":{"start":{"line":80,"column":62},"end":{"line":80,"column":65}},"type":"cond-expr","locations":[{"start":{"line":80,"column":62},"end":{"line":80,"column":65}},{"start":{"line":80,"column":69},"end":{"line":80,"column":73}}]},"16":{"loc":{"start":{"line":80,"column":62},"end":{"line":80,"column":69}},"type":"binary-expr","locations":[{"start":{"line":80,"column":62},"end":{"line":80,"column":69}},{"start":{"line":80,"column":62},"end":{"line":80,"column":69}}]},"17":{"loc":{"start":{"line":81,"column":16},"end":{"line":87,"column":null}},"type":"if","locations":[{"start":{"line":81,"column":16},"end":{"line":87,"column":null}},{"start":{"line":81,"column":16},"end":{"line":87,"column":null}}]},"18":{"loc":{"start":{"line":96,"column":50},"end":{"line":96,"column":55}},"type":"cond-expr","locations":[{"start":{"line":96,"column":50},"end":{"line":96,"column":55}},{"start":{"line":96,"column":59},"end":{"line":96,"column":60}}]},"19":{"loc":{"start":{"line":96,"column":50},"end":{"line":96,"column":59}},"type":"binary-expr","locations":[{"start":{"line":96,"column":50},"end":{"line":96,"column":59}},{"start":{"line":96,"column":50},"end":{"line":96,"column":59}}]},"20":{"loc":{"start":{"line":96,"column":62},"end":{"line":96,"column":65}},"type":"cond-expr","locations":[{"start":{"line":96,"column":62},"end":{"line":96,"column":65}},{"start":{"line":96,"column":69},"end":{"line":96,"column":73}}]},"21":{"loc":{"start":{"line":96,"column":62},"end":{"line":96,"column":69}},"type":"binary-expr","locations":[{"start":{"line":96,"column":62},"end":{"line":96,"column":69}},{"start":{"line":96,"column":62},"end":{"line":96,"column":69}}]},"22":{"loc":{"start":{"line":97,"column":16},"end":{"line":103,"column":null}},"type":"if","locations":[{"start":{"line":97,"column":16},"end":{"line":103,"column":null}},{"start":{"line":97,"column":16},"end":{"line":103,"column":null}}]},"23":{"loc":{"start":{"line":112,"column":20},"end":{"line":112,"column":24}},"type":"if","locations":[{"start":{"line":112,"column":20},"end":{"line":112,"column":24}},{"start":{"line":112,"column":20},"end":{"line":112,"column":24}}]},"24":{"loc":{"start":{"line":113,"column":59},"end":{"line":113,"column":63}},"type":"cond-expr","locations":[{"start":{"line":113,"column":59},"end":{"line":113,"column":63}},{"start":{"line":113,"column":67},"end":{"line":113,"column":69}}]},"25":{"loc":{"start":{"line":113,"column":59},"end":{"line":113,"column":67}},"type":"binary-expr","locations":[{"start":{"line":113,"column":59},"end":{"line":113,"column":67}},{"start":{"line":113,"column":59},"end":{"line":113,"column":67}}]},"26":{"loc":{"start":{"line":116,"column":62},"end":{"line":116,"column":63}},"type":"cond-expr","locations":[{"start":{"line":116,"column":62},"end":{"line":116,"column":63}},{"start":{"line":116,"column":66},"end":{"line":116,"column":67}}]},"27":{"loc":{"start":{"line":124,"column":62},"end":{"line":124,"column":63}},"type":"cond-expr","locations":[{"start":{"line":124,"column":62},"end":{"line":124,"column":63}},{"start":{"line":124,"column":66},"end":{"line":124,"column":67}}]}},"s":{"0":2,"1":2,"2":2,"3":2,"4":11,"5":11,"6":11,"7":11,"8":2,"9":16,"10":16,"11":40,"12":20,"13":18,"14":18,"15":29,"16":7,"17":7,"18":7,"19":0,"20":18,"21":25,"22":18,"23":32,"24":56,"25":40,"26":32,"27":16,"28":2,"29":8,"30":8,"31":8,"32":8,"33":0,"34":8,"35":2,"36":1,"37":2,"38":3,"39":4,"40":0,"41":0,"42":0,"43":0,"44":0,"45":2,"46":1,"47":1,"48":1,"49":0,"50":1,"51":1,"52":2,"53":2,"54":2,"55":0,"56":2,"57":2,"58":5,"59":1,"60":1,"61":1,"62":1,"63":2,"64":2,"65":2,"66":2,"67":2,"68":2},"f":{"0":2,"1":11,"2":16,"3":18,"4":25,"5":8},"b":{"0":[16],"1":[20],"2":[2,18],"3":[11,7],"4":[0,7],"5":[16,20],"6":[2,1,2,2],"7":[6,2],"8":[8,8],"9":[0,8],"10":[2,1,2,3],"11":[2,0],"12":[0,0],"13":[1,0],"14":[1,1],"15":[1,0],"16":[1,1],"17":[0,1],"18":[2,0],"19":[2,2],"20":[2,0],"21":[2,2],"22":[0,2],"23":[2,1],"24":[1,0],"25":[1,1],"26":[0,1],"27":[0,2]}}
,"D:\\Repos\\Nodejs\\runwaybase.js\\src\\realtime\\index.ts": {"path":"D:\\Repos\\Nodejs\\runwaybase.js\\src\\realtime\\index.ts","statementMap":{"0":{"start":{"line":1,"column":0},"end":{"line":1,"column":9}},"1":{"start":{"line":1,"column":9},"end":{"line":1,"column":46}},"2":{"start":{"line":3,"column":0},"end":{"line":3,"column":9}},"3":{"start":{"line":3,"column":9},"end":{"line":3,"column":42}},"4":{"start":{"line":4,"column":0},"end":{"line":4,"column":35}},"5":{"start":{"line":5,"column":0},"end":{"line":5,"column":28}},"6":{"start":{"line":6,"column":0},"end":{"line":6,"column":29}}},"fnMap":{"0":{"name":"(anonymous_4)","decl":{"start":{"line":1,"column":9},"end":{"line":1,"column":21}},"loc":{"start":{"line":1,"column":9},"end":{"line":1,"column":46}}},"1":{"name":"(anonymous_5)","decl":{"start":{"line":3,"column":9},"end":{"line":3,"column":19}},"loc":{"start":{"line":3,"column":9},"end":{"line":3,"column":42}}}},"branchMap":{},"s":{"0":1,"1":1,"2":1,"3":1,"4":1,"5":1,"6":1},"f":{"0":0,"1":0},"b":{}}
}
