TN:
SF:src\client\Collection.ts
FN:10,(anonymous_16)
FN:16,(anonymous_17)
FN:17,Collection
FN:18,(anonymous_19)
FN:22,(anonymous_20)
FN:44,(anonymous_21)
FN:60,(anonymous_22)
FN:67,(anonymous_23)
FN:75,(anonymous_24)
FN:77,(anonymous_25)
FN:82,(anonymous_26)
FN:82,(anonymous_27)
FN:103,(anonymous_29)
FN:107,(anonymous_30)
FN:118,(anonymous_31)
FN:129,(anonymous_32)
FN:142,(anonymous_33)
FNF:17
FNH:14
FNDA:1,(anonymous_16)
FNDA:1,(anonymous_17)
FNDA:31,Collection
FNDA:0,(anonymous_19)
FNDA:30,(anonymous_20)
FNDA:30,(anonymous_21)
FNDA:16,(anonymous_22)
FNDA:9,(anonymous_23)
FNDA:0,(anonymous_24)
FNDA:0,(anonymous_25)
FNDA:9,(anonymous_26)
FNDA:9,(anonymous_27)
FNDA:3,(anonymous_29)
FNDA:1,(anonymous_30)
FNDA:1,(anonymous_31)
FNDA:1,(anonymous_32)
FNDA:1,(anonymous_33)
DA:2,1
DA:3,1
DA:6,1
DA:7,1
DA:10,1
DA:11,1
DA:12,1
DA:13,1
DA:16,1
DA:17,31
DA:18,1
DA:19,0
DA:22,120
DA:23,30
DA:24,30
DA:25,30
DA:26,60
DA:27,60
DA:28,0
DA:30,60
DA:31,0
DA:33,60
DA:35,30
DA:36,29
DA:38,30
DA:39,30
DA:41,30
DA:44,1
DA:45,30
DA:49,30
DA:50,0
DA:52,30
DA:60,1
DA:61,16
DA:62,0
DA:64,16
DA:67,9
DA:69,9
DA:72,9
DA:76,0
DA:82,9
DA:85,9
DA:86,9
DA:88,0
DA:89,0
DA:91,0
DA:92,0
DA:97,0
DA:100,9
DA:103,3
DA:104,3
DA:105,3
DA:107,1
DA:108,1
DA:109,1
DA:111,0
DA:112,0
DA:115,1
DA:118,1
DA:119,1
DA:120,1
DA:122,0
DA:123,0
DA:126,1
DA:129,1
DA:130,1
DA:131,1
DA:133,0
DA:134,0
DA:137,1
DA:139,3
DA:142,1
DA:143,1
DA:144,1
DA:156,0
DA:157,0
DA:159,0
DA:162,1
LF:78
LH:58
BRDA:10,0,0,1
BRDA:10,0,1,1
BRDA:27,1,0,0
BRDA:27,1,1,60
BRDA:30,2,0,0
BRDA:30,2,1,60
BRDA:35,3,0,29
BRDA:35,3,1,1
BRDA:38,4,0,30
BRDA:38,4,1,0
BRDA:49,5,0,0
BRDA:49,5,1,30
BRDA:61,6,0,0
BRDA:61,6,1,16
BRDA:64,7,0,14
BRDA:64,7,1,2
BRDA:64,8,0,16
BRDA:64,8,1,16
BRDA:76,9,0,0
BRDA:76,9,1,0
BRDA:76,10,0,0
BRDA:76,10,1,0
BRDA:85,11,0,9
BRDA:85,11,1,0
BRDA:88,12,0,0
BRDA:88,12,1,0
BRDA:91,13,0,0
BRDA:91,13,1,0
BRDA:97,14,0,0
BRDA:97,14,1,0
BRDA:97,15,0,0
BRDA:97,15,1,0
BRDA:103,16,0,0
BRDA:103,16,1,3
BRDA:106,17,0,1
BRDA:106,17,1,1
BRDA:106,17,2,1
BRDA:108,18,0,1
BRDA:108,18,1,0
BRDA:111,19,0,0
BRDA:111,19,1,0
BRDA:111,20,0,0
BRDA:111,20,1,0
BRDA:111,20,2,0
BRDA:119,21,0,1
BRDA:119,21,1,0
BRDA:122,22,0,0
BRDA:122,22,1,0
BRDA:122,23,0,0
BRDA:122,23,1,0
BRDA:122,23,2,0
BRDA:130,24,0,1
BRDA:130,24,1,0
BRDA:133,25,0,0
BRDA:133,25,1,0
BRDA:133,26,0,0
BRDA:133,26,1,0
BRDA:133,26,2,0
BRDA:156,27,0,0
BRDA:156,27,1,0
BRF:60
BRH:21
end_of_record
TN:
SF:src\client\Document.ts
FN:6,(anonymous_16)
FN:7,Document
FN:10,(anonymous_18)
FN:37,(anonymous_21)
FN:64,(anonymous_24)
FN:86,(anonymous_27)
FN:88,(anonymous_28)
FNF:7
FNH:5
FNDA:1,(anonymous_16)
FNDA:16,Document
FNDA:11,(anonymous_18)
FNDA:4,(anonymous_21)
FNDA:1,(anonymous_24)
FNDA:0,(anonymous_27)
FNDA:0,(anonymous_28)
DA:1,1
DA:3,1
DA:4,1
DA:5,1
DA:6,1
DA:7,16
DA:10,1
DA:12,11
DA:24,0
DA:25,0
DA:27,0
DA:29,0
DA:37,1
DA:39,4
DA:51,0
DA:52,0
DA:54,0
DA:56,0
DA:64,1
DA:66,1
DA:73,0
DA:74,0
DA:76,0
DA:78,0
DA:86,1
DA:87,0
DA:88,0
DA:89,0
DA:90,0
DA:93,0
DA:96,1
LF:31
LH:14
BRDA:16,0,0,1
BRDA:16,0,1,10
BRDA:24,1,0,0
BRDA:24,1,1,0
BRDA:51,2,0,0
BRDA:51,2,1,0
BRDA:73,3,0,0
BRDA:73,3,1,0
BRDA:89,4,0,0
BRDA:89,4,1,0
BRDA:89,5,0,0
BRDA:89,5,1,0
BRDA:89,5,2,0
BRF:13
BRH:2
end_of_record
TN:
SF:src\client\RealtimeDatabase.ts
FN:7,(anonymous_0)
FN:12,RealtimeDatabase
FN:14,(anonymous_2)
FN:15,(anonymous_3)
FN:21,(anonymous_4)
FNF:5
FNH:4
FNDA:1,(anonymous_0)
FNDA:1,RealtimeDatabase
FNDA:1,(anonymous_2)
FNDA:0,(anonymous_3)
FNDA:29,(anonymous_4)
DA:1,1
DA:3,1
DA:5,1
DA:7,1
DA:9,1
DA:10,1
DA:12,1
DA:14,1
DA:15,1
DA:16,0
DA:17,0
DA:21,1
DA:22,29
DA:26,1
LF:14
LH:12
BRF:0
BRH:0
end_of_record
TN:
SF:src\client\Runwaybase.ts
FN:7,(anonymous_0)
FN:14,Runwaybase
FN:16,(anonymous_2)
FN:25,(anonymous_3)
FN:29,(anonymous_4)
FNF:5
FNH:5
FNDA:1,(anonymous_0)
FNDA:1,Runwaybase
FNDA:1,(anonymous_2)
FNDA:29,(anonymous_3)
FNDA:1,(anonymous_4)
DA:3,1
DA:5,1
DA:7,1
DA:16,1
DA:17,1
DA:18,1
DA:20,1
DA:21,1
DA:22,1
DA:25,1
DA:26,29
DA:29,1
DA:30,1
DA:33,1
LF:14
LH:14
BRDA:30,0,0,0
BRDA:30,0,1,1
BRDA:30,1,0,1
BRDA:30,1,1,1
BRF:4
BRH:3
end_of_record
TN:
SF:src\client\index.ts
FN:2,(anonymous_0)
FN:3,(anonymous_1)
FN:4,(anonymous_2)
FN:5,(anonymous_3)
FNF:4
FNH:1
FNDA:1,(anonymous_0)
FNDA:0,(anonymous_1)
FNDA:0,(anonymous_2)
FNDA:0,(anonymous_3)
DA:2,2
DA:3,1
DA:4,1
DA:5,1
LF:4
LH:4
BRF:0
BRH:0
end_of_record
TN:
SF:src\core\Runwaybase.ts
FN:10,(anonymous_13)
FN:20,Runwaybase
FN:22,(anonymous_15)
FN:29,(anonymous_16)
FN:33,(anonymous_17)
FN:47,(anonymous_20)
FN:47,(anonymous_21)
FN:56,(anonymous_23)
FN:57,(anonymous_24)
FNF:9
FNH:4
FNDA:1,(anonymous_13)
FNDA:1,Runwaybase
FNDA:1,(anonymous_15)
FNDA:0,(anonymous_16)
FNDA:1,(anonymous_17)
FNDA:0,(anonymous_20)
FNDA:0,(anonymous_21)
FNDA:0,(anonymous_23)
FNDA:0,(anonymous_24)
DA:4,1
DA:6,1
DA:10,1
DA:22,1
DA:23,1
DA:24,1
DA:26,1
DA:29,1
DA:30,0
DA:33,1
DA:35,2
DA:37,1
DA:39,1
DA:40,1
DA:42,1
DA:47,1
DA:48,0
DA:49,0
DA:50,0
DA:56,1
DA:57,0
DA:58,0
DA:59,0
DA:65,1
LF:24
LH:17
BRDA:23,0,0,1
BRDA:23,0,1,0
BRDA:35,1,0,1
BRF:3
BRH:2
end_of_record
TN:
SF:src\core\index.ts
FN:1,(anonymous_0)
FNF:1
FNH:1
FNDA:1,(anonymous_0)
DA:1,2
LF:1
LH:1
BRF:0
BRH:0
end_of_record
TN:
SF:src\drivers\Mem\MemoryDataDriver.ts
FN:7,(anonymous_13)
FN:13,(anonymous_15)
FN:17,(anonymous_16)
FN:21,(anonymous_17)
FN:27,(anonymous_18)
FN:28,(anonymous_19)
FN:43,(anonymous_20)
FN:44,(anonymous_23)
FN:59,(anonymous_24)
FN:64,(anonymous_26)
FN:70,(anonymous_27)
FN:70,(anonymous_28)
FN:72,(anonymous_29)
FN:72,(anonymous_30)
FN:74,(anonymous_32)
FN:90,(anonymous_33)
FN:91,(anonymous_34)
FN:105,(anonymous_35)
FN:106,(anonymous_36)
FN:120,(anonymous_37)
FN:121,(anonymous_38)
FN:135,(anonymous_39)
FN:136,(anonymous_40)
FN:151,(anonymous_41)
FN:152,(anonymous_42)
FN:160,(anonymous_43)
FN:161,(anonymous_44)
FNF:27
FNH:27
FNDA:9,(anonymous_13)
FNDA:5,(anonymous_15)
FNDA:7,(anonymous_16)
FNDA:46,(anonymous_17)
FNDA:66,(anonymous_18)
FNDA:106,(anonymous_19)
FNDA:57,(anonymous_20)
FNDA:41,(anonymous_23)
FNDA:4,(anonymous_24)
FNDA:7,(anonymous_26)
FNDA:8,(anonymous_27)
FNDA:2,(anonymous_28)
FNDA:6,(anonymous_29)
FNDA:4,(anonymous_30)
FNDA:7,(anonymous_32)
FNDA:2,(anonymous_33)
FNDA:1,(anonymous_34)
FNDA:59,(anonymous_35)
FNDA:53,(anonymous_36)
FNDA:5,(anonymous_37)
FNDA:7,(anonymous_38)
FNDA:4,(anonymous_39)
FNDA:4,(anonymous_40)
FNDA:44,(anonymous_41)
FNDA:97,(anonymous_42)
FNDA:64,(anonymous_43)
FNDA:147,(anonymous_44)
DA:7,4
DA:10,5
DA:11,5
DA:13,4
DA:14,5
DA:17,4
DA:18,7
DA:21,4
DA:22,46
DA:23,46
DA:24,46
DA:27,4
DA:28,106
DA:29,66
DA:30,2
DA:36,64
DA:43,4
DA:44,57
DA:45,57
DA:46,1
DA:52,56
DA:53,56
DA:59,4
DA:60,4
DA:61,4
DA:62,4
DA:63,6
DA:64,7
DA:65,6
DA:68,5
DA:70,8
DA:72,6
DA:73,10
DA:74,7
DA:75,4
DA:78,4
DA:79,4
DA:82,5
DA:83,5
DA:85,4
DA:90,4
DA:91,2
DA:92,2
DA:93,1
DA:99,1
DA:105,4
DA:106,59
DA:107,59
DA:108,0
DA:114,59
DA:115,59
DA:120,4
DA:121,7
DA:122,5
DA:123,3
DA:129,2
DA:130,2
DA:135,4
DA:136,4
DA:137,4
DA:138,1
DA:144,3
DA:145,3
DA:151,4
DA:152,97
DA:153,44
DA:160,4
DA:161,147
DA:162,64
DA:169,4
LF:70
LH:69
BRDA:29,0,0,2
BRDA:29,0,1,64
BRDA:44,1,0,41
BRDA:44,1,1,6
BRDA:45,2,0,1
BRDA:45,2,1,56
BRDA:65,3,0,1
BRDA:65,3,1,5
BRDA:75,4,0,0
BRDA:75,4,1,4
BRDA:92,5,0,1
BRDA:92,5,1,1
BRDA:106,6,0,53
BRDA:106,6,1,1
BRDA:107,7,0,0
BRDA:107,7,1,59
BRDA:122,8,0,3
BRDA:122,8,1,2
BRDA:137,9,0,1
BRDA:137,9,1,3
BRF:20
BRH:18
end_of_record
TN:
SF:src\realtime\BaseNotifier.ts
FN:5,(anonymous_0)
FN:9,(anonymous_2)
FN:13,(anonymous_3)
FNF:3
FNH:2
FNDA:6,(anonymous_0)
FNDA:0,(anonymous_2)
FNDA:20,(anonymous_3)
DA:1,3
DA:5,3
DA:7,3
DA:9,3
DA:10,0
DA:13,3
DA:14,20
DA:19,20
DA:22,3
LF:9
LH:8
BRF:0
BRH:0
end_of_record
TN:
SF:src\realtime\Collection.ts
FN:7,(anonymous_13)
FN:16,Collection
FN:25,(anonymous_15)
FN:29,(anonymous_16)
FN:33,(anonymous_17)
FN:49,(anonymous_20)
FN:63,(anonymous_21)
FN:64,(anonymous_24)
FN:81,(anonymous_25)
FN:82,(anonymous_28)
FN:95,(anonymous_29)
FN:96,(anonymous_32)
FN:130,(anonymous_33)
FN:131,(anonymous_36)
FN:153,(anonymous_37)
FN:154,(anonymous_40)
FNF:16
FNH:16
FNDA:3,(anonymous_13)
FNDA:69,Collection
FNDA:64,(anonymous_15)
FNDA:23,(anonymous_16)
FNDA:64,(anonymous_17)
FNDA:40,(anonymous_20)
FNDA:8,(anonymous_21)
FNDA:5,(anonymous_24)
FNDA:2,(anonymous_25)
FNDA:2,(anonymous_28)
FNDA:4,(anonymous_29)
FNDA:2,(anonymous_32)
FNDA:4,(anonymous_33)
FNDA:3,(anonymous_36)
FNDA:4,(anonymous_37)
FNDA:3,(anonymous_40)
DA:4,3
DA:5,3
DA:7,3
DA:13,69
DA:14,69
DA:16,69
DA:18,69
DA:19,69
DA:20,69
DA:21,69
DA:22,69
DA:25,3
DA:26,64
DA:29,3
DA:30,23
DA:33,84
DA:34,64
DA:35,127
DA:36,1
DA:37,1
DA:38,0
DA:39,0
DA:45,64
DA:46,64
DA:47,64
DA:48,64
DA:49,40
DA:55,84
DA:56,44
DA:57,44
DA:58,44
DA:63,3
DA:64,8
DA:65,8
DA:66,8
DA:67,8
DA:72,8
DA:73,0
DA:75,8
DA:76,8
DA:81,3
DA:82,2
DA:83,2
DA:84,0
DA:86,2
DA:87,2
DA:88,2
DA:89,0
DA:91,2
DA:92,2
DA:95,3
DA:96,4
DA:97,4
DA:98,5
DA:99,3
DA:100,3
DA:106,3
DA:107,0
DA:109,3
DA:115,3
DA:117,1
DA:118,1
DA:119,0
DA:121,1
DA:122,1
DA:130,3
DA:131,4
DA:132,4
DA:133,6
DA:134,2
DA:140,2
DA:141,2
DA:142,0
DA:144,2
DA:145,2
DA:148,4
DA:149,2
DA:150,2
DA:153,3
DA:154,4
DA:155,4
DA:156,2
DA:158,2
DA:159,2
DA:160,0
DA:162,2
DA:163,2
DA:170,3
LF:88
LH:79
BRDA:33,0,0,20
BRDA:33,0,1,44
BRDA:34,1,0,64
BRDA:34,1,1,64
BRDA:35,2,0,63
BRDA:35,2,1,1
BRDA:37,3,0,0
BRDA:37,3,1,1
BRDA:46,4,0,64
BRDA:46,4,1,0
BRDA:47,5,0,64
BRDA:47,5,1,0
BRDA:55,6,0,20
BRDA:55,6,1,44
BRDA:57,7,0,44
BRDA:57,7,1,0
BRDA:58,8,0,44
BRDA:58,8,1,0
BRDA:58,9,0,44
BRDA:58,9,1,44
BRDA:65,10,0,0
BRDA:65,10,1,8
BRDA:72,11,0,0
BRDA:72,11,1,8
BRDA:83,12,0,0
BRDA:83,12,1,2
BRDA:88,13,0,0
BRDA:88,13,1,2
BRDA:117,14,0,1
BRDA:98,15,0,1
BRDA:98,15,1,3
BRDA:104,16,0,3
BRDA:104,16,1,0
BRDA:104,17,0,3
BRDA:104,17,1,3
BRDA:106,18,0,0
BRDA:106,18,1,3
BRDA:113,19,0,3
BRDA:113,19,1,0
BRDA:113,20,0,3
BRDA:113,20,1,3
BRDA:115,21,0,3
BRDA:115,21,1,0
BRDA:115,22,0,3
BRDA:115,22,1,3
BRDA:118,23,0,0
BRDA:118,23,1,1
BRDA:148,24,0,2
BRDA:133,25,0,2
BRDA:133,25,1,2
BRDA:138,26,0,2
BRDA:138,26,1,0
BRDA:138,27,0,2
BRDA:138,27,1,2
BRDA:141,28,0,0
BRDA:141,28,1,2
BRDA:145,29,0,2
BRDA:145,29,1,0
BRDA:145,30,0,2
BRDA:145,30,1,2
BRDA:155,31,0,2
BRDA:155,31,1,2
BRDA:159,32,0,0
BRDA:159,32,1,2
BRF:64
BRH:46
end_of_record
TN:
SF:src\realtime\INotifier.ts
FN:4,(anonymous_0)
FN:9,(anonymous_1)
FNF:2
FNH:2
FNDA:3,(anonymous_0)
FNDA:3,(anonymous_1)
DA:4,3
DA:5,3
DA:6,3
DA:9,3
DA:10,3
DA:11,3
DA:12,3
LF:7
LH:7
BRDA:4,0,0,3
BRDA:4,0,1,3
BRDA:9,1,0,3
BRDA:9,1,1,3
BRF:4
BRH:4
end_of_record
TN:
SF:src\realtime\QueryModel.ts
FN:4,(anonymous_0)
FN:11,(anonymous_1)
FNF:2
FNH:2
FNDA:2,(anonymous_0)
FNDA:2,(anonymous_1)
DA:4,2
DA:5,2
DA:6,2
DA:7,2
DA:8,2
DA:11,2
DA:12,2
DA:13,2
DA:14,2
DA:15,2
DA:16,2
DA:17,2
LF:12
LH:12
BRDA:4,0,0,2
BRDA:4,0,1,2
BRDA:11,1,0,2
BRDA:11,1,1,2
BRF:4
BRH:4
end_of_record
TN:
SF:src\realtime\RealtimeDatabase.ts
FN:6,(anonymous_13)
FN:10,RealtimeDatabase
FN:15,(anonymous_15)
FN:23,(anonymous_20)
FN:30,(anonymous_21)
FN:37,(anonymous_22)
FNF:6
FNH:6
FNDA:2,(anonymous_13)
FNDA:11,RealtimeDatabase
FNDA:16,(anonymous_15)
FNDA:18,(anonymous_20)
FNDA:25,(anonymous_21)
FNDA:8,(anonymous_22)
DA:1,2
DA:4,2
DA:5,2
DA:6,2
DA:10,11
DA:11,11
DA:12,11
DA:15,2
DA:16,16
DA:17,16
DA:18,56
DA:19,40
DA:20,20
DA:23,18
DA:24,29
DA:25,7
DA:26,7
DA:27,0
DA:30,25
DA:31,18
DA:33,32
DA:34,16
DA:37,2
DA:38,8
DA:40,8
DA:41,8
DA:42,0
DA:48,8
DA:49,2
DA:54,4
DA:55,0
DA:56,0
DA:57,0
DA:63,0
DA:71,2
DA:78,1
DA:80,1
DA:81,1
DA:82,0
DA:88,1
DA:89,1
DA:94,2
DA:96,2
DA:97,2
DA:98,0
DA:104,2
DA:105,2
DA:110,3
DA:112,5
DA:113,1
DA:114,1
DA:115,1
DA:121,2
DA:122,2
DA:123,2
DA:132,2
LF:56
LH:48
BRDA:33,0,0,16
BRDA:19,1,0,20
BRDA:20,2,0,2
BRDA:20,2,1,18
BRDA:24,3,0,11
BRDA:24,3,1,7
BRDA:26,4,0,0
BRDA:26,4,1,7
BRDA:18,5,0,16
BRDA:18,5,1,20
BRDA:71,6,0,2
BRDA:71,6,1,1
BRDA:71,6,2,2
BRDA:71,6,3,2
BRDA:38,7,0,6
BRDA:38,7,1,2
BRDA:38,8,0,8
BRDA:38,8,1,8
BRDA:41,9,0,0
BRDA:41,9,1,8
BRDA:49,10,0,2
BRDA:49,10,1,1
BRDA:49,10,2,2
BRDA:49,10,3,3
BRDA:54,11,0,2
BRDA:54,11,1,0
BRDA:56,12,0,0
BRDA:56,12,1,0
BRDA:80,13,0,1
BRDA:80,13,1,0
BRDA:80,14,0,1
BRDA:80,14,1,1
BRDA:80,15,0,1
BRDA:80,15,1,0
BRDA:80,16,0,1
BRDA:80,16,1,1
BRDA:81,17,0,0
BRDA:81,17,1,1
BRDA:96,18,0,2
BRDA:96,18,1,0
BRDA:96,19,0,2
BRDA:96,19,1,2
BRDA:96,20,0,2
BRDA:96,20,1,0
BRDA:96,21,0,2
BRDA:96,21,1,2
BRDA:97,22,0,0
BRDA:97,22,1,2
BRDA:112,23,0,2
BRDA:112,23,1,1
BRDA:113,24,0,1
BRDA:113,24,1,0
BRDA:113,25,0,1
BRDA:113,25,1,1
BRDA:116,26,0,0
BRDA:116,26,1,1
BRDA:124,27,0,0
BRDA:124,27,1,2
BRF:58
BRH:44
end_of_record
TN:
SF:src\realtime\index.ts
FN:1,(anonymous_4)
FN:3,(anonymous_5)
FNF:2
FNH:0
FNDA:0,(anonymous_4)
FNDA:0,(anonymous_5)
DA:1,1
DA:3,1
DA:4,1
DA:5,1
DA:6,1
LF:5
LH:5
BRF:0
BRH:0
end_of_record
