TN:
SF:src\client\Collection.ts
FN:20,(anonymous_17)
FN:26,(anonymous_18)
FN:27,Collection
FN:33,(anonymous_20)
FN:37,(anonymous_21)
FN:59,(anonymous_22)
FN:70,(anonymous_23)
FN:83,(anonymous_24)
FN:91,(anonymous_25)
FN:94,(anonymous_26)
FN:98,(anonymous_27)
FN:98,(anonymous_28)
FN:118,(anonymous_30)
FN:124,(anonymous_31)
FN:139,(anonymous_32)
FN:154,(anonymous_33)
FN:171,(anonymous_34)
FN:196,(anonymous_37)
FN:214,(anonymous_38)
FN:224,(anonymous_39)
FN:231,(anonymous_40)
FN:234,(anonymous_41)
FNF:22
FNH:14
FNDA:1,(anonymous_17)
FNDA:1,(anonymous_18)
FNDA:31,Collection
FNDA:0,(anonymous_20)
FNDA:30,(anonymous_21)
FNDA:30,(anonymous_22)
FNDA:16,(anonymous_23)
FNDA:9,(anonymous_24)
FNDA:0,(anonymous_25)
FNDA:0,(anonymous_26)
FNDA:9,(anonymous_27)
FNDA:9,(anonymous_28)
FNDA:3,(anonymous_30)
FNDA:1,(anonymous_31)
FNDA:1,(anonymous_32)
FNDA:1,(anonymous_33)
FNDA:1,(anonymous_34)
FNDA:0,(anonymous_37)
FNDA:0,(anonymous_38)
FNDA:0,(anonymous_39)
FNDA:0,(anonymous_40)
FNDA:0,(anonymous_41)
DA:2,1
DA:13,1
DA:16,1
DA:17,1
DA:20,1
DA:21,1
DA:22,1
DA:23,1
DA:26,1
DA:28,31
DA:29,31
DA:30,31
DA:31,31
DA:33,1
DA:34,0
DA:37,120
DA:38,30
DA:39,30
DA:40,30
DA:41,60
DA:42,60
DA:43,0
DA:45,60
DA:46,0
DA:48,60
DA:50,30
DA:51,29
DA:53,30
DA:54,30
DA:56,30
DA:59,1
DA:60,30
DA:64,30
DA:65,0
DA:67,30
DA:70,1
DA:71,16
DA:72,0
DA:74,16
DA:83,9
DA:84,9
DA:86,9
DA:92,0
DA:98,9
DA:100,9
DA:101,9
DA:103,0
DA:104,0
DA:106,0
DA:107,0
DA:112,0
DA:115,9
DA:118,3
DA:119,3
DA:121,3
DA:122,3
DA:124,1
DA:125,1
DA:126,1
DA:128,0
DA:133,0
DA:136,1
DA:139,1
DA:140,1
DA:141,1
DA:143,0
DA:148,0
DA:151,1
DA:154,1
DA:155,1
DA:156,1
DA:158,0
DA:163,0
DA:166,1
DA:168,3
DA:171,1
DA:172,1
DA:188,0
DA:189,0
DA:191,0
DA:196,1
DA:201,0
DA:214,1
DA:215,0
DA:224,1
DA:225,0
DA:231,1
DA:232,0
DA:234,0
DA:235,0
DA:236,0
DA:238,0
DA:239,0
DA:252,0
DA:253,0
DA:257,0
DA:259,1
LF:97
LH:65
BRDA:20,0,0,1
BRDA:20,0,1,1
BRDA:42,1,0,0
BRDA:42,1,1,60
BRDA:45,2,0,0
BRDA:45,2,1,60
BRDA:50,3,0,29
BRDA:50,3,1,1
BRDA:53,4,0,30
BRDA:53,4,1,0
BRDA:64,5,0,0
BRDA:64,5,1,30
BRDA:71,6,0,0
BRDA:71,6,1,16
BRDA:78,7,0,14
BRDA:78,7,1,2
BRDA:78,8,0,16
BRDA:78,8,1,16
BRDA:92,9,0,0
BRDA:92,9,1,0
BRDA:92,10,0,0
BRDA:92,10,1,0
BRDA:100,11,0,9
BRDA:100,11,1,0
BRDA:103,12,0,0
BRDA:103,12,1,0
BRDA:106,13,0,0
BRDA:106,13,1,0
BRDA:112,14,0,0
BRDA:112,14,1,0
BRDA:112,15,0,0
BRDA:112,15,1,0
BRDA:119,16,0,0
BRDA:119,16,1,3
BRDA:123,17,0,1
BRDA:123,17,1,1
BRDA:123,17,2,1
BRDA:125,18,0,1
BRDA:125,18,1,0
BRDA:128,19,0,0
BRDA:128,19,1,0
BRDA:129,20,0,0
BRDA:129,20,1,0
BRDA:129,20,2,0
BRDA:140,21,0,1
BRDA:140,21,1,0
BRDA:143,22,0,0
BRDA:143,22,1,0
BRDA:144,23,0,0
BRDA:144,23,1,0
BRDA:144,23,2,0
BRDA:155,24,0,1
BRDA:155,24,1,0
BRDA:158,25,0,0
BRDA:158,25,1,0
BRDA:159,26,0,0
BRDA:159,26,1,0
BRDA:159,26,2,0
BRDA:172,27,0,1
BRDA:188,28,0,0
BRDA:188,28,1,0
BRDA:204,29,0,0
BRDA:204,29,1,0
BRDA:204,30,0,0
BRDA:204,30,1,0
BRDA:235,31,0,0
BRDA:235,31,1,0
BRDA:238,32,0,0
BRDA:238,32,1,0
BRDA:252,33,0,0
BRDA:252,33,1,0
BRDA:252,34,0,0
BRDA:252,34,1,0
BRDA:253,35,0,0
BRDA:253,35,1,0
BRDA:253,36,0,0
BRDA:253,36,1,0
BRF:77
BRH:22
end_of_record
TN:
SF:src\client\Document.ts
FN:6,(anonymous_16)
FN:7,Document
FN:10,(anonymous_18)
FN:37,(anonymous_21)
FN:64,(anonymous_24)
FN:86,(anonymous_27)
FN:88,(anonymous_28)
FNF:7
FNH:5
FNDA:1,(anonymous_16)
FNDA:16,Document
FNDA:11,(anonymous_18)
FNDA:4,(anonymous_21)
FNDA:1,(anonymous_24)
FNDA:0,(anonymous_27)
FNDA:0,(anonymous_28)
DA:1,1
DA:3,1
DA:4,1
DA:5,1
DA:6,1
DA:7,16
DA:10,1
DA:12,11
DA:24,0
DA:25,0
DA:27,0
DA:29,0
DA:37,1
DA:39,4
DA:51,0
DA:52,0
DA:54,0
DA:56,0
DA:64,1
DA:66,1
DA:73,0
DA:74,0
DA:76,0
DA:78,0
DA:86,1
DA:87,0
DA:88,0
DA:89,0
DA:90,0
DA:93,0
DA:96,1
LF:31
LH:14
BRDA:16,0,0,1
BRDA:16,0,1,10
BRDA:24,1,0,0
BRDA:24,1,1,0
BRDA:51,2,0,0
BRDA:51,2,1,0
BRDA:73,3,0,0
BRDA:73,3,1,0
BRDA:89,4,0,0
BRDA:89,4,1,0
BRDA:89,5,0,0
BRDA:89,5,1,0
BRDA:89,5,2,0
BRF:13
BRH:2
end_of_record
TN:
SF:src\client\RealtimeDatabase.ts
FN:7,(anonymous_0)
FN:12,RealtimeDatabase
FN:14,(anonymous_2)
FN:15,(anonymous_3)
FN:21,(anonymous_4)
FNF:5
FNH:4
FNDA:1,(anonymous_0)
FNDA:1,RealtimeDatabase
FNDA:1,(anonymous_2)
FNDA:0,(anonymous_3)
FNDA:29,(anonymous_4)
DA:1,1
DA:3,1
DA:5,1
DA:7,1
DA:9,1
DA:10,1
DA:12,1
DA:14,1
DA:15,1
DA:16,0
DA:17,0
DA:21,1
DA:22,29
DA:26,1
LF:14
LH:12
BRF:0
BRH:0
end_of_record
TN:
SF:src\client\Runwaybase.ts
FN:7,(anonymous_0)
FN:14,Runwaybase
FN:16,(anonymous_2)
FN:25,(anonymous_3)
FN:29,(anonymous_4)
FNF:5
FNH:5
FNDA:1,(anonymous_0)
FNDA:1,Runwaybase
FNDA:1,(anonymous_2)
FNDA:29,(anonymous_3)
FNDA:1,(anonymous_4)
DA:3,1
DA:5,1
DA:7,1
DA:16,1
DA:17,1
DA:18,1
DA:20,1
DA:21,1
DA:22,1
DA:25,1
DA:26,29
DA:29,1
DA:30,1
DA:33,1
LF:14
LH:14
BRDA:30,0,0,0
BRDA:30,0,1,1
BRDA:30,1,0,1
BRDA:30,1,1,1
BRF:4
BRH:3
end_of_record
TN:
SF:src\client\index.ts
FN:2,(anonymous_0)
FN:3,(anonymous_1)
FN:4,(anonymous_2)
FN:5,(anonymous_3)
FNF:4
FNH:1
FNDA:1,(anonymous_0)
FNDA:0,(anonymous_1)
FNDA:0,(anonymous_2)
FNDA:0,(anonymous_3)
DA:2,2
DA:3,1
DA:4,1
DA:5,1
LF:4
LH:4
BRF:0
BRH:0
end_of_record
TN:
SF:src\core\Runwaybase.ts
FN:10,(anonymous_13)
FN:20,Runwaybase
FN:22,(anonymous_15)
FN:29,(anonymous_16)
FN:33,(anonymous_17)
FN:47,(anonymous_20)
FN:47,(anonymous_21)
FN:56,(anonymous_23)
FN:57,(anonymous_24)
FNF:9
FNH:4
FNDA:1,(anonymous_13)
FNDA:1,Runwaybase
FNDA:1,(anonymous_15)
FNDA:0,(anonymous_16)
FNDA:1,(anonymous_17)
FNDA:0,(anonymous_20)
FNDA:0,(anonymous_21)
FNDA:0,(anonymous_23)
FNDA:0,(anonymous_24)
DA:4,1
DA:6,1
DA:10,1
DA:22,1
DA:23,1
DA:24,1
DA:26,1
DA:29,1
DA:30,0
DA:33,1
DA:35,2
DA:37,1
DA:39,1
DA:40,1
DA:42,1
DA:47,1
DA:48,0
DA:49,0
DA:50,0
DA:56,1
DA:57,0
DA:58,0
DA:59,0
DA:65,1
LF:24
LH:17
BRDA:23,0,0,1
BRDA:23,0,1,0
BRDA:35,1,0,1
BRF:3
BRH:2
end_of_record
TN:
SF:src\core\index.ts
FN:1,(anonymous_0)
FNF:1
FNH:1
FNDA:1,(anonymous_0)
DA:1,2
LF:1
LH:1
BRF:0
BRH:0
end_of_record
TN:
SF:src\drivers\Mem\MemoryDataDriver.ts
FN:9,(anonymous_13)
FN:13,(anonymous_15)
FN:17,(anonymous_16)
FN:21,(anonymous_17)
FN:27,(anonymous_18)
FN:28,(anonymous_19)
FN:43,(anonymous_20)
FN:45,(anonymous_23)
FN:61,(anonymous_24)
FN:67,(anonymous_26)
FN:76,(anonymous_27)
FN:77,(anonymous_28)
FN:81,(anonymous_29)
FN:82,(anonymous_30)
FN:84,(anonymous_32)
FN:100,(anonymous_33)
FN:101,(anonymous_34)
FN:115,(anonymous_35)
FN:117,(anonymous_36)
FN:132,(anonymous_37)
FN:133,(anonymous_38)
FN:147,(anonymous_39)
FN:148,(anonymous_40)
FN:163,(anonymous_41)
FN:164,(anonymous_42)
FN:172,(anonymous_43)
FN:174,(anonymous_44)
FN:183,(anonymous_45)
FN:198,(anonymous_46)
FN:200,(anonymous_47)
FN:260,(anonymous_48)
FNF:31
FNH:27
FNDA:9,(anonymous_13)
FNDA:5,(anonymous_15)
FNDA:7,(anonymous_16)
FNDA:46,(anonymous_17)
FNDA:66,(anonymous_18)
FNDA:106,(anonymous_19)
FNDA:57,(anonymous_20)
FNDA:41,(anonymous_23)
FNDA:4,(anonymous_24)
FNDA:7,(anonymous_26)
FNDA:8,(anonymous_27)
FNDA:2,(anonymous_28)
FNDA:6,(anonymous_29)
FNDA:4,(anonymous_30)
FNDA:7,(anonymous_32)
FNDA:2,(anonymous_33)
FNDA:1,(anonymous_34)
FNDA:59,(anonymous_35)
FNDA:53,(anonymous_36)
FNDA:5,(anonymous_37)
FNDA:7,(anonymous_38)
FNDA:4,(anonymous_39)
FNDA:4,(anonymous_40)
FNDA:44,(anonymous_41)
FNDA:97,(anonymous_42)
FNDA:64,(anonymous_43)
FNDA:147,(anonymous_44)
FNDA:0,(anonymous_45)
FNDA:0,(anonymous_46)
FNDA:0,(anonymous_47)
FNDA:0,(anonymous_48)
DA:6,4
DA:9,4
DA:10,5
DA:11,5
DA:13,4
DA:14,5
DA:17,4
DA:18,7
DA:21,4
DA:22,46
DA:23,46
DA:24,46
DA:27,4
DA:28,106
DA:29,66
DA:30,2
DA:36,64
DA:43,4
DA:44,57
DA:45,41
DA:47,57
DA:48,1
DA:54,56
DA:55,56
DA:61,4
DA:62,4
DA:63,4
DA:64,4
DA:65,6
DA:66,6
DA:67,7
DA:69,6
DA:72,5
DA:74,5
DA:76,8
DA:77,2
DA:80,5
DA:81,6
DA:82,4
DA:83,10
DA:84,7
DA:85,4
DA:88,4
DA:89,4
DA:92,5
DA:93,5
DA:95,4
DA:100,4
DA:101,2
DA:102,2
DA:103,1
DA:109,1
DA:115,4
DA:116,59
DA:117,53
DA:119,59
DA:120,0
DA:126,59
DA:127,59
DA:132,4
DA:133,7
DA:134,5
DA:135,3
DA:141,2
DA:142,2
DA:147,4
DA:148,4
DA:149,4
DA:150,1
DA:156,3
DA:157,3
DA:163,4
DA:164,97
DA:165,44
DA:172,4
DA:173,64
DA:174,147
DA:176,64
DA:183,4
DA:184,0
DA:185,0
DA:187,0
DA:188,0
DA:189,0
DA:190,0
DA:191,0
DA:193,0
DA:195,0
DA:198,4
DA:200,0
DA:201,0
DA:202,0
DA:203,0
DA:204,0
DA:205,0
DA:206,0
DA:207,0
DA:208,0
DA:210,0
DA:212,0
DA:213,0
DA:215,0
DA:217,0
DA:218,0
DA:220,0
DA:222,0
DA:223,0
DA:225,0
DA:227,0
DA:228,0
DA:230,0
DA:232,0
DA:233,0
DA:235,0
DA:237,0
DA:238,0
DA:240,0
DA:242,0
DA:243,0
DA:244,0
DA:247,0
DA:249,0
DA:250,0
DA:251,0
DA:254,0
DA:259,0
DA:260,0
DA:261,0
DA:262,0
DA:263,0
DA:264,0
DA:265,0
DA:267,0
DA:268,0
DA:270,0
DA:275,0
DA:276,0
DA:277,0
DA:281,0
DA:287,4
LF:140
LH:80
BRDA:29,0,0,2
BRDA:29,0,1,64
BRDA:45,1,0,41
BRDA:45,1,1,6
BRDA:47,2,0,1
BRDA:47,2,1,56
BRDA:69,3,0,1
BRDA:69,3,1,5
BRDA:85,4,0,0
BRDA:85,4,1,4
BRDA:102,5,0,1
BRDA:102,5,1,1
BRDA:117,6,0,53
BRDA:117,6,1,1
BRDA:119,7,0,0
BRDA:119,7,1,59
BRDA:134,8,0,3
BRDA:134,8,1,2
BRDA:149,9,0,1
BRDA:149,9,1,3
BRDA:184,10,0,0
BRDA:184,10,1,0
BRDA:190,11,0,0
BRDA:190,11,1,0
BRDA:202,12,0,0
BRDA:202,12,1,0
BRDA:202,13,0,0
BRDA:202,13,1,0
BRDA:207,14,0,0
BRDA:207,14,1,0
BRDA:207,15,0,0
BRDA:207,15,1,0
BRDA:207,16,0,0
BRDA:207,16,1,0
BRDA:211,17,0,0
BRDA:211,17,1,0
BRDA:211,17,2,0
BRDA:211,17,3,0
BRDA:211,17,4,0
BRDA:211,17,5,0
BRDA:211,17,6,0
BRDA:211,17,7,0
BRDA:212,18,0,0
BRDA:212,18,1,0
BRDA:217,19,0,0
BRDA:217,19,1,0
BRDA:222,20,0,0
BRDA:222,20,1,0
BRDA:227,21,0,0
BRDA:227,21,1,0
BRDA:232,22,0,0
BRDA:232,22,1,0
BRDA:237,23,0,0
BRDA:237,23,1,0
BRDA:242,24,0,0
BRDA:242,24,1,0
BRDA:243,25,0,0
BRDA:243,25,1,0
BRDA:249,26,0,0
BRDA:249,26,1,0
BRDA:250,27,0,0
BRDA:250,27,1,0
BRDA:259,28,0,0
BRDA:259,28,1,0
BRDA:261,29,0,0
BRDA:261,29,1,0
BRDA:261,30,0,0
BRDA:261,30,1,0
BRDA:261,31,0,0
BRDA:261,31,1,0
BRDA:261,32,0,0
BRDA:261,32,1,0
BRDA:262,33,0,0
BRDA:262,33,1,0
BRDA:262,34,0,0
BRDA:262,34,1,0
BRDA:262,35,0,0
BRDA:262,35,1,0
BRDA:262,36,0,0
BRDA:262,36,1,0
BRDA:263,37,0,0
BRDA:263,37,1,0
BRDA:263,38,0,0
BRDA:263,38,1,0
BRDA:263,39,0,0
BRDA:263,39,1,0
BRDA:264,40,0,0
BRDA:264,40,1,0
BRDA:267,41,0,0
BRDA:267,41,1,0
BRDA:275,42,0,0
BRDA:275,42,1,0
BRDA:276,43,0,0
BRDA:276,43,1,0
BRF:94
BRH:18
end_of_record
TN:
SF:src\realtime\BaseNotifier.ts
FN:5,(anonymous_0)
FN:9,(anonymous_2)
FN:13,(anonymous_3)
FNF:3
FNH:2
FNDA:7,(anonymous_0)
FNDA:0,(anonymous_2)
FNDA:20,(anonymous_3)
DA:1,4
DA:5,4
DA:7,3
DA:9,4
DA:10,0
DA:13,4
DA:14,20
DA:19,20
DA:22,4
LF:9
LH:8
BRF:0
BRH:0
end_of_record
TN:
SF:src\realtime\Collection.ts
FN:8,(anonymous_13)
FN:16,Collection
FN:31,(anonymous_15)
FN:35,(anonymous_16)
FN:39,(anonymous_17)
FN:55,(anonymous_20)
FN:78,(anonymous_21)
FN:79,(anonymous_24)
FN:107,(anonymous_25)
FN:108,(anonymous_28)
FN:124,(anonymous_29)
FN:125,(anonymous_32)
FN:167,(anonymous_33)
FN:168,(anonymous_36)
FN:199,(anonymous_37)
FN:200,(anonymous_40)
FN:215,(anonymous_41)
FNF:17
FNH:16
FNDA:4,(anonymous_13)
FNDA:69,Collection
FNDA:64,(anonymous_15)
FNDA:23,(anonymous_16)
FNDA:64,(anonymous_17)
FNDA:40,(anonymous_20)
FNDA:8,(anonymous_21)
FNDA:5,(anonymous_24)
FNDA:2,(anonymous_25)
FNDA:2,(anonymous_28)
FNDA:4,(anonymous_29)
FNDA:2,(anonymous_32)
FNDA:4,(anonymous_33)
FNDA:3,(anonymous_36)
FNDA:4,(anonymous_37)
FNDA:3,(anonymous_40)
FNDA:0,(anonymous_41)
DA:4,4
DA:5,4
DA:8,4
DA:13,69
DA:14,69
DA:17,69
DA:18,69
DA:19,69
DA:24,69
DA:25,69
DA:26,69
DA:27,69
DA:28,69
DA:31,4
DA:32,64
DA:35,4
DA:36,23
DA:39,84
DA:40,64
DA:41,127
DA:42,1
DA:43,1
DA:44,0
DA:45,0
DA:51,64
DA:52,64
DA:53,64
DA:54,64
DA:56,40
DA:70,84
DA:71,44
DA:72,44
DA:73,44
DA:78,4
DA:79,8
DA:80,8
DA:81,8
DA:82,8
DA:87,8
DA:88,0
DA:90,8
DA:100,8
DA:107,4
DA:108,2
DA:109,2
DA:110,0
DA:112,2
DA:113,2
DA:114,2
DA:115,0
DA:117,2
DA:118,2
DA:124,4
DA:125,4
DA:126,4
DA:127,5
DA:128,3
DA:129,3
DA:135,3
DA:136,0
DA:138,3
DA:144,3
DA:151,1
DA:155,1
DA:156,0
DA:158,1
DA:159,1
DA:167,4
DA:168,4
DA:169,4
DA:170,6
DA:171,2
DA:177,2
DA:178,2
DA:179,0
DA:181,2
DA:182,2
DA:189,4
DA:190,2
DA:191,2
DA:199,4
DA:200,4
DA:201,4
DA:202,2
DA:204,2
DA:205,2
DA:206,0
DA:208,2
DA:209,2
DA:215,4
DA:216,0
DA:217,0
DA:223,4
LF:93
LH:82
BRDA:39,0,0,20
BRDA:39,0,1,44
BRDA:40,1,0,64
BRDA:40,1,1,64
BRDA:41,2,0,63
BRDA:41,2,1,1
BRDA:43,3,0,0
BRDA:43,3,1,1
BRDA:52,4,0,64
BRDA:52,4,1,0
BRDA:53,5,0,64
BRDA:53,5,1,0
BRDA:70,6,0,20
BRDA:70,6,1,44
BRDA:72,7,0,44
BRDA:72,7,1,0
BRDA:73,8,0,44
BRDA:73,8,1,0
BRDA:73,9,0,44
BRDA:73,9,1,44
BRDA:80,10,0,0
BRDA:80,10,1,8
BRDA:87,11,0,0
BRDA:87,11,1,8
BRDA:109,12,0,0
BRDA:109,12,1,2
BRDA:114,13,0,0
BRDA:114,13,1,2
BRDA:151,14,0,1
BRDA:127,15,0,1
BRDA:127,15,1,3
BRDA:133,16,0,3
BRDA:133,16,1,0
BRDA:133,17,0,3
BRDA:133,17,1,3
BRDA:135,18,0,0
BRDA:135,18,1,3
BRDA:142,19,0,3
BRDA:142,19,1,0
BRDA:142,20,0,3
BRDA:142,20,1,3
BRDA:146,21,0,3
BRDA:146,21,1,0
BRDA:146,22,0,3
BRDA:146,22,1,3
BRDA:155,23,0,0
BRDA:155,23,1,1
BRDA:189,24,0,2
BRDA:170,25,0,2
BRDA:170,25,1,2
BRDA:175,26,0,2
BRDA:175,26,1,0
BRDA:175,27,0,2
BRDA:175,27,1,2
BRDA:178,28,0,0
BRDA:178,28,1,2
BRDA:184,29,0,2
BRDA:184,29,1,0
BRDA:184,30,0,2
BRDA:184,30,1,2
BRDA:201,31,0,2
BRDA:201,31,1,2
BRDA:205,32,0,0
BRDA:205,32,1,2
BRDA:216,33,0,0
BRDA:220,34,0,0
BRDA:220,34,1,0
BRDA:220,35,0,0
BRDA:220,35,1,0
BRF:69
BRH:46
end_of_record
TN:
SF:src\realtime\INotifier.ts
FN:4,(anonymous_0)
FN:9,(anonymous_1)
FNF:2
FNH:2
FNDA:4,(anonymous_0)
FNDA:4,(anonymous_1)
DA:4,4
DA:5,4
DA:6,4
DA:9,4
DA:10,4
DA:11,4
DA:12,4
DA:13,4
LF:8
LH:8
BRDA:4,0,0,4
BRDA:4,0,1,4
BRDA:9,1,0,4
BRDA:9,1,1,4
BRF:4
BRH:4
end_of_record
TN:
SF:src\realtime\QueryModel.ts
FN:4,(anonymous_0)
FN:15,(anonymous_1)
FN:49,(anonymous_2)
FNF:3
FNH:3
FNDA:4,(anonymous_0)
FNDA:4,(anonymous_1)
FNDA:4,(anonymous_2)
DA:4,4
DA:5,4
DA:6,4
DA:7,4
DA:8,4
DA:9,4
DA:15,4
DA:19,4
DA:23,4
DA:27,4
DA:31,4
DA:35,4
DA:39,4
DA:43,4
DA:47,4
DA:49,4
DA:50,4
DA:51,4
LF:18
LH:18
BRDA:4,0,0,4
BRDA:4,0,1,4
BRDA:15,1,0,4
BRDA:15,1,1,4
BRDA:49,2,0,4
BRDA:49,2,1,4
BRF:6
BRH:6
end_of_record
TN:
SF:src\realtime\RealtimeDatabase.ts
FN:6,(anonymous_13)
FN:9,RealtimeDatabase
FN:14,(anonymous_15)
FN:23,(anonymous_20)
FN:31,(anonymous_21)
FN:38,(anonymous_22)
FNF:6
FNH:6
FNDA:4,(anonymous_13)
FNDA:11,RealtimeDatabase
FNDA:16,(anonymous_15)
FNDA:18,(anonymous_20)
FNDA:25,(anonymous_21)
FNDA:8,(anonymous_22)
DA:1,4
DA:4,4
DA:5,4
DA:6,4
DA:9,11
DA:10,11
DA:11,11
DA:14,4
DA:15,16
DA:16,16
DA:17,56
DA:18,40
DA:19,20
DA:22,18
DA:23,18
DA:25,29
DA:26,7
DA:27,7
DA:28,0
DA:31,25
DA:32,18
DA:34,32
DA:35,16
DA:38,4
DA:39,8
DA:41,8
DA:42,8
DA:43,0
DA:49,8
DA:50,2
DA:55,4
DA:56,0
DA:57,0
DA:58,0
DA:64,0
DA:71,2
DA:78,1
DA:79,1
DA:80,1
DA:81,0
DA:87,1
DA:88,1
DA:93,2
DA:94,2
DA:95,2
DA:96,0
DA:102,2
DA:103,2
DA:108,3
DA:109,5
DA:110,1
DA:111,1
DA:112,1
DA:117,2
DA:118,2
DA:119,2
DA:124,0
DA:125,0
DA:127,0
DA:133,4
LF:60
LH:49
BRDA:34,0,0,16
BRDA:18,1,0,20
BRDA:19,2,0,2
BRDA:19,2,1,18
BRDA:25,3,0,11
BRDA:25,3,1,7
BRDA:27,4,0,0
BRDA:27,4,1,7
BRDA:17,5,0,16
BRDA:17,5,1,20
BRDA:71,6,0,2
BRDA:71,6,1,1
BRDA:71,6,2,2
BRDA:71,6,3,2
BRDA:71,6,4,0
BRDA:39,7,0,6
BRDA:39,7,1,2
BRDA:39,8,0,8
BRDA:39,8,1,8
BRDA:42,9,0,0
BRDA:42,9,1,8
BRDA:50,10,0,2
BRDA:50,10,1,1
BRDA:50,10,2,2
BRDA:50,10,3,3
BRDA:50,10,4,0
BRDA:55,11,0,2
BRDA:55,11,1,0
BRDA:57,12,0,0
BRDA:57,12,1,0
BRDA:79,13,0,1
BRDA:79,13,1,0
BRDA:79,14,0,1
BRDA:79,14,1,1
BRDA:79,15,0,1
BRDA:79,15,1,0
BRDA:79,16,0,1
BRDA:79,16,1,1
BRDA:80,17,0,0
BRDA:80,17,1,1
BRDA:94,18,0,2
BRDA:94,18,1,0
BRDA:94,19,0,2
BRDA:94,19,1,2
BRDA:94,20,0,2
BRDA:94,20,1,0
BRDA:94,21,0,2
BRDA:94,21,1,2
BRDA:95,22,0,0
BRDA:95,22,1,2
BRDA:109,23,0,2
BRDA:109,23,1,1
BRDA:110,24,0,1
BRDA:110,24,1,0
BRDA:110,25,0,1
BRDA:110,25,1,1
BRDA:113,26,0,0
BRDA:113,26,1,1
BRDA:120,27,0,0
BRDA:120,27,1,2
BRF:60
BRH:44
end_of_record
TN:
SF:src\realtime\index.ts
FN:1,(anonymous_4)
FN:3,(anonymous_5)
FNF:2
FNH:0
FNDA:0,(anonymous_4)
FNDA:0,(anonymous_5)
DA:1,4
DA:3,4
DA:4,4
DA:5,4
DA:6,4
LF:5
LH:5
BRF:0
BRH:0
end_of_record
